2025-11-09 16:35:27,230 INFO o.a.j.u.JMeterUtils: Setting Locale to en_EN
2025-11-09 16:35:27,268 INFO o.a.j.JMeter: Loading user properties from: C:\apache-jmeter-5.6.3\bin\user.properties
2025-11-09 16:35:27,268 INFO o.a.j.JMeter: Loading system properties from: C:\apache-jmeter-5.6.3\bin\system.properties
2025-11-09 16:35:27,268 INFO o.a.j.JMeter: Setting JMeter property: baseUrl=http://localhost:8084
2025-11-09 16:35:27,268 INFO o.a.j.JMeter: Setting JMeter property: influxUrl=http://localhost:8086
2025-11-09 16:35:27,269 INFO o.a.j.JMeter: Setting JMeter property: influxToken=superToken123
2025-11-09 16:35:27,269 INFO o.a.j.JMeter: Setting JMeter property: influxOrg=perf
2025-11-09 16:35:27,269 INFO o.a.j.JMeter: Setting JMeter property: influxBucket=jmeter
2025-11-09 16:35:27,287 INFO o.a.j.JMeter: Copyright (c) 1998-2024 The Apache Software Foundation
2025-11-09 16:35:27,287 INFO o.a.j.JMeter: Version 5.6.3
2025-11-09 16:35:27,287 INFO o.a.j.JMeter: java.version=17.0.17
2025-11-09 16:35:27,287 INFO o.a.j.JMeter: java.vm.name=OpenJDK 64-Bit Server VM
2025-11-09 16:35:27,287 INFO o.a.j.JMeter: os.name=Windows 11
2025-11-09 16:35:27,288 INFO o.a.j.JMeter: os.arch=amd64
2025-11-09 16:35:27,288 INFO o.a.j.JMeter: os.version=10.0
2025-11-09 16:35:27,288 INFO o.a.j.JMeter: file.encoding=Cp1252
2025-11-09 16:35:27,288 INFO o.a.j.JMeter: java.awt.headless=true
2025-11-09 16:35:27,288 INFO o.a.j.JMeter: Max memory     =1073741824
2025-11-09 16:35:27,288 INFO o.a.j.JMeter: Available Processors =8
2025-11-09 16:35:27,306 INFO o.a.j.JMeter: Default Locale=English (EN)
2025-11-09 16:35:27,307 INFO o.a.j.JMeter: JMeter  Locale=English (EN)
2025-11-09 16:35:27,307 INFO o.a.j.JMeter: JMeterHome=C:\apache-jmeter-5.6.3
2025-11-09 16:35:27,307 INFO o.a.j.JMeter: user.dir  =C:\benchmark-rest\variant-c
2025-11-09 16:35:27,307 INFO o.a.j.JMeter: PWD       =C:\benchmark-rest\variant-c
2025-11-09 16:35:27,309 INFO o.a.j.JMeter: IP: 192.168.1.153 Name: Khawla FullName: Khawla
2025-11-09 16:35:27,336 INFO o.a.j.JMeter: Setting property 'jmeter.reportgenerator.outputdir' to:'C:\benchmark-rest\results\d-browse-report-20251109-163525'
2025-11-09 16:35:27,340 INFO o.a.j.s.FileServer: Default base='C:\benchmark-rest\variant-c'
2025-11-09 16:35:27,343 INFO o.a.j.s.FileServer: Set new base='C:\benchmark-rest'
2025-11-09 16:35:27,708 INFO o.a.j.s.SaveService: Testplan (JMX) version: 2.2. Testlog (JTL) version: 2.2
2025-11-09 16:35:27,757 INFO o.a.j.s.SaveService: Using SaveService properties version 5.0
2025-11-09 16:35:27,762 INFO o.a.j.s.SaveService: Using SaveService properties file encoding UTF-8
2025-11-09 16:35:27,767 INFO o.a.j.s.SaveService: Loading file: C:\benchmark-rest\Browse Categories.jmx
2025-11-09 16:35:27,840 INFO o.a.j.p.h.s.HTTPSamplerBase: Parser for text/html is org.apache.jmeter.protocol.http.parser.LagartoBasedHtmlParser
2025-11-09 16:35:27,841 INFO o.a.j.p.h.s.HTTPSamplerBase: Parser for application/xhtml+xml is org.apache.jmeter.protocol.http.parser.LagartoBasedHtmlParser
2025-11-09 16:35:27,841 INFO o.a.j.p.h.s.HTTPSamplerBase: Parser for application/xml is org.apache.jmeter.protocol.http.parser.LagartoBasedHtmlParser
2025-11-09 16:35:27,841 INFO o.a.j.p.h.s.HTTPSamplerBase: Parser for text/xml is org.apache.jmeter.protocol.http.parser.LagartoBasedHtmlParser
2025-11-09 16:35:27,841 INFO o.a.j.p.h.s.HTTPSamplerBase: Parser for text/vnd.wap.wml is org.apache.jmeter.protocol.http.parser.RegexpHTMLParser
2025-11-09 16:35:27,841 INFO o.a.j.p.h.s.HTTPSamplerBase: Parser for text/css is org.apache.jmeter.protocol.http.parser.CssParser
2025-11-09 16:35:27,888 INFO o.a.j.s.SampleResult: Note: Sample TimeStamps are START times
2025-11-09 16:35:27,888 INFO o.a.j.s.SampleResult: sampleresult.default.encoding is set to UTF-8
2025-11-09 16:35:27,888 INFO o.a.j.s.SampleResult: sampleresult.useNanoTime=true
2025-11-09 16:35:27,888 INFO o.a.j.s.SampleResult: sampleresult.nanoThreadSleep=5000
2025-11-09 16:35:27,908 INFO o.a.j.JMeter: Creating summariser <summary>
2025-11-09 16:35:27,916 INFO o.a.j.r.d.ReportGenerator: ReportGenerator will use for Parsing the separator: ','
2025-11-09 16:35:27,916 INFO o.a.j.r.d.ReportGenerator: Will generate report at end of test from  results file: C:\benchmark-rest\results\d-browse-20251109-163525.jtl
2025-11-09 16:35:27,916 INFO o.a.j.r.d.ReportGenerator: Reading report generator properties from: C:\apache-jmeter-5.6.3\bin\reportgenerator.properties
2025-11-09 16:35:27,917 INFO o.a.j.r.d.ReportGenerator: Merging with JMeter properties
2025-11-09 16:35:27,925 INFO o.a.j.r.c.ReportGeneratorConfiguration: Property 'jmeter.reportgenerator.temp_dir' not found, using default value 'temp' instead.
2025-11-09 16:35:27,930 INFO o.a.j.r.c.ReportGeneratorConfiguration: Property 'jmeter.reportgenerator.apdex_per_transaction' not found, using default value 'null' instead.
2025-11-09 16:35:27,930 INFO o.a.j.r.c.ReportGeneratorConfiguration: apdex_per_transaction is empty, not APDEX per transaction customization
2025-11-09 16:35:27,930 INFO o.a.j.r.c.ReportGeneratorConfiguration: Property 'jmeter.reportgenerator.sample_filter' not found, using default value 'null' instead.
2025-11-09 16:35:27,930 INFO o.a.j.r.c.ReportGeneratorConfiguration: Property 'jmeter.reportgenerator.report_title' not found, using default value 'null' instead.
2025-11-09 16:35:27,930 INFO o.a.j.r.c.ReportGeneratorConfiguration: Property 'jmeter.reportgenerator.start_date' not found, using default value 'null' instead.
2025-11-09 16:35:27,930 INFO o.a.j.r.c.ReportGeneratorConfiguration: Property 'jmeter.reportgenerator.end_date' not found, using default value 'null' instead.
2025-11-09 16:35:27,931 INFO o.a.j.r.c.ReportGeneratorConfiguration: Property 'jmeter.reportgenerator.date_format' not found, using default value 'null' instead.
2025-11-09 16:35:27,931 INFO o.a.j.r.c.ReportGeneratorConfiguration: Will use date range start date: null, end date: null
2025-11-09 16:35:27,935 INFO o.a.j.r.c.ReportGeneratorConfiguration: Property 'jmeter.reportgenerator.graph.totalTPS.exclude_controllers' not found, using default value 'false' instead.
2025-11-09 16:35:27,935 INFO o.a.j.r.c.ReportGeneratorConfiguration: Property 'jmeter.reportgenerator.graph.activeThreadsOverTime.exclude_controllers' not found, using default value 'false' instead.
2025-11-09 16:35:27,935 INFO o.a.j.r.c.ReportGeneratorConfiguration: Property 'jmeter.reportgenerator.graph.timeVsThreads.exclude_controllers' not found, using default value 'false' instead.
2025-11-09 16:35:27,935 INFO o.a.j.r.c.ReportGeneratorConfiguration: Property 'jmeter.reportgenerator.graph.responseTimeDistribution.exclude_controllers' not found, using default value 'false' instead.
2025-11-09 16:35:27,936 INFO o.a.j.r.c.ReportGeneratorConfiguration: Property 'jmeter.reportgenerator.graph.transactionsPerSecond.exclude_controllers' not found, using default value 'false' instead.
2025-11-09 16:35:27,936 INFO o.a.j.r.c.ReportGeneratorConfiguration: Property 'jmeter.reportgenerator.graph.responseTimePercentiles.exclude_controllers' not found, using default value 'false' instead.
2025-11-09 16:35:27,936 INFO o.a.j.r.c.ReportGeneratorConfiguration: Property 'jmeter.reportgenerator.graph.responseTimePercentilesOverTime.exclude_controllers' not found, using default value 'false' instead.
2025-11-09 16:35:27,936 INFO o.a.j.r.c.ReportGeneratorConfiguration: Property 'jmeter.reportgenerator.graph.responseTimesOverTime.exclude_controllers' not found, using default value 'false' instead.
2025-11-09 16:35:27,936 INFO o.a.j.r.c.ReportGeneratorConfiguration: Property 'jmeter.reportgenerator.graph.connectTimeOverTime.exclude_controllers' not found, using default value 'false' instead.
2025-11-09 16:35:27,936 INFO o.a.j.r.c.ReportGeneratorConfiguration: Property 'jmeter.reportgenerator.graph.latenciesOverTime.exclude_controllers' not found, using default value 'false' instead.
2025-11-09 16:35:27,937 INFO o.a.j.r.c.ReportGeneratorConfiguration: Property 'jmeter.reportgenerator.exporter.json.filters_only_sample_series' not found, using default value 'true' instead.
2025-11-09 16:35:27,937 INFO o.a.j.r.c.ReportGeneratorConfiguration: Property 'jmeter.reportgenerator.exporter.json.series_filter' not found, using default value '' instead.
2025-11-09 16:35:27,937 INFO o.a.j.r.c.ReportGeneratorConfiguration: Property 'jmeter.reportgenerator.exporter.json.show_controllers_only' not found, using default value 'false' instead.
2025-11-09 16:35:27,937 INFO o.a.j.r.c.ReportGeneratorConfiguration: Property 'jmeter.reportgenerator.exporter.html.filters_only_sample_series' not found, using default value 'true' instead.
2025-11-09 16:35:27,937 INFO o.a.j.r.c.ReportGeneratorConfiguration: Property 'jmeter.reportgenerator.exporter.html.series_filter' not found, using default value '' instead.
2025-11-09 16:35:27,938 INFO o.a.j.r.c.ReportGeneratorConfiguration: Property 'jmeter.reportgenerator.exporter.html.show_controllers_only' not found, using default value 'false' instead.
2025-11-09 16:35:27,959 INFO o.a.j.e.StandardJMeterEngine: Running the test!
2025-11-09 16:35:27,961 INFO o.a.j.s.SampleEvent: List of sample_variables: []
2025-11-09 16:35:27,961 INFO o.a.j.s.SampleEvent: List of sample_variables: []
2025-11-09 16:35:27,969 INFO o.a.j.e.u.CompoundVariable: Note: Function class names must contain the string: '.functions.'
2025-11-09 16:35:27,970 INFO o.a.j.e.u.CompoundVariable: Note: Function class names must not contain the string: '.gui.'
2025-11-09 16:35:28,161 INFO o.a.j.v.b.BackendListener: Backend Listener: Starting worker with class: class org.apache.jmeter.visualizers.backend.influxdb.InfluxdbBackendListenerClient and queue capacity: 5000
2025-11-09 16:35:28,162 INFO o.a.j.v.b.BackendListener: Backend Listener: Started  worker with class: class org.apache.jmeter.visualizers.backend.influxdb.InfluxdbBackendListenerClient
2025-11-09 16:35:28,725 INFO o.a.j.JMeter: Running test (1762702528724)
2025-11-09 16:35:28,738 INFO o.a.j.e.StandardJMeterEngine: Starting ThreadGroup: 1 : Read-Heavy (GET /items/${id})
2025-11-09 16:35:28,738 INFO o.a.j.e.StandardJMeterEngine: Starting 10 threads for group Read-Heavy (GET /items/${id}).
2025-11-09 16:35:28,738 INFO o.a.j.e.StandardJMeterEngine: Thread will continue on error
2025-11-09 16:35:28,738 INFO o.a.j.t.ThreadGroup: Starting thread group... number=1 threads=10 ramp-up=10 delayedStart=false
2025-11-09 16:35:28,758 INFO o.a.j.t.ThreadGroup: Started thread group number 1
2025-11-09 16:35:28,758 INFO o.a.j.e.StandardJMeterEngine: Starting ThreadGroup: 2 : Browse Categories
2025-11-09 16:35:28,758 INFO o.a.j.e.StandardJMeterEngine: Starting 10 threads for group Browse Categories.
2025-11-09 16:35:28,758 INFO o.a.j.e.StandardJMeterEngine: Thread will continue on error
2025-11-09 16:35:28,759 INFO o.a.j.t.ThreadGroup: Starting thread group... number=2 threads=10 ramp-up=10 delayedStart=false
2025-11-09 16:35:28,773 INFO o.a.j.t.ThreadGroup: Started thread group number 2
2025-11-09 16:35:28,773 INFO o.a.j.e.StandardJMeterEngine: All thread groups have been started
2025-11-09 16:35:28,872 INFO o.a.j.t.JMeterThread: Thread started: Read-Heavy (GET /items/${id}) 1-1
2025-11-09 16:35:28,873 INFO o.a.j.t.JMeterThread: Thread started: Browse Categories 2-1
2025-11-09 16:35:28,878 INFO o.a.j.s.FileServer: Stored: C:\benchmark-rest\datasets\categories.csv
2025-11-09 16:35:28,908 INFO o.a.j.s.FileServer: Stored: C:\benchmark-rest\datasets\items.csv
2025-11-09 16:35:28,941 INFO o.a.j.p.h.s.HTTPHCAbstractImpl: Local host = Khawla
2025-11-09 16:35:28,946 ERROR o.a.j.v.b.i.HttpMetricsSender: Error writing metrics to influxDB Url: http://localhost:8086/api/v2/write, responseCode: 404, responseBody: {"code":"not found","message":"bucket not found"}
2025-11-09 16:35:28,957 INFO o.a.j.p.h.s.HTTPHC4Impl: HTTP request retry count = 0
2025-11-09 16:35:29,135 INFO o.a.j.t.JMeterThread: Thread is done: Browse Categories 2-1
2025-11-09 16:35:29,135 INFO o.a.j.t.JMeterThread: Thread finished: Browse Categories 2-1
2025-11-09 16:35:29,858 INFO o.a.j.t.JMeterThread: Thread started: Read-Heavy (GET /items/${id}) 1-2
2025-11-09 16:35:29,865 INFO o.a.j.t.JMeterThread: Thread started: Browse Categories 2-2
2025-11-09 16:35:29,874 INFO o.a.j.t.JMeterThread: Thread is done: Browse Categories 2-2
2025-11-09 16:35:29,874 INFO o.a.j.t.JMeterThread: Thread finished: Browse Categories 2-2
2025-11-09 16:35:30,167 WARN o.a.j.f.Groovy: Error running groovy script
javax.script.ScriptException: javax.script.ScriptException: groovy.lang.MissingPropertyException: No such property: id for class: Script1
	at org.codehaus.groovy.jsr223.GroovyScriptEngineImpl.eval(GroovyScriptEngineImpl.java:158) ~[groovy-jsr223-3.0.20.jar:3.0.20]
	at java.scripting/javax.script.AbstractScriptEngine.eval(AbstractScriptEngine.java:231) ~[java.scripting:?]
	at org.apache.jmeter.functions.Groovy.execute(Groovy.java:123) [ApacheJMeter_functions.jar:5.6.3]
	at org.apache.jmeter.engine.util.CompoundVariable.execute(CompoundVariable.java:139) [ApacheJMeter_core.jar:5.6.3]
	at org.apache.jmeter.engine.util.CompoundVariable.execute(CompoundVariable.java:114) [ApacheJMeter_core.jar:5.6.3]
	at org.apache.jmeter.testelement.property.FunctionProperty.getStringValue(FunctionProperty.java:104) [ApacheJMeter_core.jar:5.6.3]
	at org.apache.jmeter.testelement.TestElement.get(TestElement.kt:276) [ApacheJMeter_core.jar:5.6.3]
	at org.apache.jmeter.protocol.http.sampler.HTTPSamplerBase.getPath(HTTPSamplerBase.java:519) [ApacheJMeter_http.jar:5.6.3]
	at org.apache.jmeter.protocol.http.sampler.HTTPSamplerBase.getUrl(HTTPSamplerBase.java:1094) [ApacheJMeter_http.jar:5.6.3]
	at org.apache.jmeter.protocol.http.sampler.HTTPSamplerBase.sample(HTTPSamplerBase.java:1311) [ApacheJMeter_http.jar:5.6.3]
	at org.apache.jmeter.protocol.http.sampler.HTTPSamplerBase.sample(HTTPSamplerBase.java:1300) [ApacheJMeter_http.jar:5.6.3]
	at org.apache.jmeter.threads.JMeterThread.doSampling(JMeterThread.java:651) [ApacheJMeter_core.jar:5.6.3]
	at org.apache.jmeter.threads.JMeterThread.executeSamplePackage(JMeterThread.java:570) [ApacheJMeter_core.jar:5.6.3]
	at org.apache.jmeter.threads.JMeterThread.processSampler(JMeterThread.java:501) [ApacheJMeter_core.jar:5.6.3]
	at org.apache.jmeter.threads.JMeterThread.run(JMeterThread.java:268) [ApacheJMeter_core.jar:5.6.3]
	at java.base/java.lang.Thread.run(Thread.java:840) [?:?]
Caused by: javax.script.ScriptException: groovy.lang.MissingPropertyException: No such property: id for class: Script1
	at org.codehaus.groovy.jsr223.GroovyScriptEngineImpl.eval(GroovyScriptEngineImpl.java:320) ~[groovy-jsr223-3.0.20.jar:3.0.20]
	at org.codehaus.groovy.jsr223.GroovyScriptEngineImpl.eval(GroovyScriptEngineImpl.java:155) ~[groovy-jsr223-3.0.20.jar:3.0.20]
	... 15 more
Caused by: groovy.lang.MissingPropertyException: No such property: id for class: Script1
	at org.codehaus.groovy.runtime.ScriptBytecodeAdapter.unwrap(ScriptBytecodeAdapter.java:65) ~[groovy-3.0.20.jar:3.0.20]
	at org.codehaus.groovy.runtime.callsite.PogoGetPropertySite.getProperty(PogoGetPropertySite.java:51) ~[groovy-3.0.20.jar:3.0.20]
	at org.codehaus.groovy.runtime.callsite.AbstractCallSite.callGroovyObjectGetProperty(AbstractCallSite.java:341) ~[groovy-3.0.20.jar:3.0.20]
	at Script1.run(Script1.groovy:1) ~[?:?]
	at org.codehaus.groovy.jsr223.GroovyScriptEngineImpl.eval(GroovyScriptEngineImpl.java:317) ~[groovy-jsr223-3.0.20.jar:3.0.20]
	at org.codehaus.groovy.jsr223.GroovyScriptEngineImpl.eval(GroovyScriptEngineImpl.java:155) ~[groovy-jsr223-3.0.20.jar:3.0.20]
	... 15 more
2025-11-09 16:35:30,177 WARN o.a.j.f.Groovy: Error running groovy script
javax.script.ScriptException: javax.script.ScriptException: groovy.lang.MissingPropertyException: No such property: id for class: Script1
	at org.codehaus.groovy.jsr223.GroovyScriptEngineImpl.eval(GroovyScriptEngineImpl.java:158) ~[groovy-jsr223-3.0.20.jar:3.0.20]
	at java.scripting/javax.script.AbstractScriptEngine.eval(AbstractScriptEngine.java:231) ~[java.scripting:?]
	at org.apache.jmeter.functions.Groovy.execute(Groovy.java:123) [ApacheJMeter_functions.jar:5.6.3]
	at org.apache.jmeter.engine.util.CompoundVariable.execute(CompoundVariable.java:139) [ApacheJMeter_core.jar:5.6.3]
	at org.apache.jmeter.engine.util.CompoundVariable.execute(CompoundVariable.java:114) [ApacheJMeter_core.jar:5.6.3]
	at org.apache.jmeter.testelement.property.FunctionProperty.getStringValue(FunctionProperty.java:104) [ApacheJMeter_core.jar:5.6.3]
	at org.apache.jmeter.testelement.TestElement.get(TestElement.kt:276) [ApacheJMeter_core.jar:5.6.3]
	at org.apache.jmeter.protocol.http.sampler.HTTPSamplerBase.getPath(HTTPSamplerBase.java:519) [ApacheJMeter_http.jar:5.6.3]
	at org.apache.jmeter.protocol.http.sampler.HTTPSamplerBase.getUrl(HTTPSamplerBase.java:1094) [ApacheJMeter_http.jar:5.6.3]
	at org.apache.jmeter.protocol.http.sampler.HTTPSamplerBase.sample(HTTPSamplerBase.java:1311) [ApacheJMeter_http.jar:5.6.3]
	at org.apache.jmeter.protocol.http.sampler.HTTPSamplerBase.sample(HTTPSamplerBase.java:1300) [ApacheJMeter_http.jar:5.6.3]
	at org.apache.jmeter.threads.JMeterThread.doSampling(JMeterThread.java:651) [ApacheJMeter_core.jar:5.6.3]
	at org.apache.jmeter.threads.JMeterThread.executeSamplePackage(JMeterThread.java:570) [ApacheJMeter_core.jar:5.6.3]
	at org.apache.jmeter.threads.JMeterThread.processSampler(JMeterThread.java:501) [ApacheJMeter_core.jar:5.6.3]
	at org.apache.jmeter.threads.JMeterThread.run(JMeterThread.java:268) [ApacheJMeter_core.jar:5.6.3]
	at java.base/java.lang.Thread.run(Thread.java:840) [?:?]
Caused by: javax.script.ScriptException: groovy.lang.MissingPropertyException: No such property: id for class: Script1
	at org.codehaus.groovy.jsr223.GroovyScriptEngineImpl.eval(GroovyScriptEngineImpl.java:320) ~[groovy-jsr223-3.0.20.jar:3.0.20]
	at org.codehaus.groovy.jsr223.GroovyScriptEngineImpl.eval(GroovyScriptEngineImpl.java:155) ~[groovy-jsr223-3.0.20.jar:3.0.20]
	... 15 more
Caused by: groovy.lang.MissingPropertyException: No such property: id for class: Script1
	at org.codehaus.groovy.runtime.ScriptBytecodeAdapter.unwrap(ScriptBytecodeAdapter.java:65) ~[groovy-3.0.20.jar:3.0.20]
	at org.codehaus.groovy.runtime.callsite.PogoGetPropertySite.getProperty(PogoGetPropertySite.java:51) ~[groovy-3.0.20.jar:3.0.20]
	at org.codehaus.groovy.runtime.callsite.AbstractCallSite.callGroovyObjectGetProperty(AbstractCallSite.java:341) ~[groovy-3.0.20.jar:3.0.20]
	at Script1.run(Script1.groovy:1) ~[?:?]
	at org.codehaus.groovy.jsr223.GroovyScriptEngineImpl.eval(GroovyScriptEngineImpl.java:317) ~[groovy-jsr223-3.0.20.jar:3.0.20]
	at org.codehaus.groovy.jsr223.GroovyScriptEngineImpl.eval(GroovyScriptEngineImpl.java:155) ~[groovy-jsr223-3.0.20.jar:3.0.20]
	... 15 more
2025-11-09 16:35:30,183 INFO o.a.j.r.Summariser: summary +      3 in 00:00:01 =    2.1/s Avg:    25 Min:     2 Max:    71 Err:     3 (100.00%) Active: 2 Started: 4 Finished: 2
2025-11-09 16:35:30,189 WARN o.a.j.f.Groovy: Error running groovy script
javax.script.ScriptException: javax.script.ScriptException: groovy.lang.MissingPropertyException: No such property: id for class: Script1
	at org.codehaus.groovy.jsr223.GroovyScriptEngineImpl.eval(GroovyScriptEngineImpl.java:158) ~[groovy-jsr223-3.0.20.jar:3.0.20]
	at java.scripting/javax.script.AbstractScriptEngine.eval(AbstractScriptEngine.java:231) ~[java.scripting:?]
	at org.apache.jmeter.functions.Groovy.execute(Groovy.java:123) [ApacheJMeter_functions.jar:5.6.3]
	at org.apache.jmeter.engine.util.CompoundVariable.execute(CompoundVariable.java:139) [ApacheJMeter_core.jar:5.6.3]
	at org.apache.jmeter.engine.util.CompoundVariable.execute(CompoundVariable.java:114) [ApacheJMeter_core.jar:5.6.3]
	at org.apache.jmeter.testelement.property.FunctionProperty.getStringValue(FunctionProperty.java:104) [ApacheJMeter_core.jar:5.6.3]
	at org.apache.jmeter.testelement.TestElement.get(TestElement.kt:276) [ApacheJMeter_core.jar:5.6.3]
	at org.apache.jmeter.protocol.http.sampler.HTTPSamplerBase.getPath(HTTPSamplerBase.java:519) [ApacheJMeter_http.jar:5.6.3]
	at org.apache.jmeter.protocol.http.sampler.HTTPSamplerBase.getUrl(HTTPSamplerBase.java:1094) [ApacheJMeter_http.jar:5.6.3]
	at org.apache.jmeter.protocol.http.sampler.HTTPSamplerBase.sample(HTTPSamplerBase.java:1311) [ApacheJMeter_http.jar:5.6.3]
	at org.apache.jmeter.protocol.http.sampler.HTTPSamplerBase.sample(HTTPSamplerBase.java:1300) [ApacheJMeter_http.jar:5.6.3]
	at org.apache.jmeter.threads.JMeterThread.doSampling(JMeterThread.java:651) [ApacheJMeter_core.jar:5.6.3]
	at org.apache.jmeter.threads.JMeterThread.executeSamplePackage(JMeterThread.java:570) [ApacheJMeter_core.jar:5.6.3]
	at org.apache.jmeter.threads.JMeterThread.processSampler(JMeterThread.java:501) [ApacheJMeter_core.jar:5.6.3]
	at org.apache.jmeter.threads.JMeterThread.run(JMeterThread.java:268) [ApacheJMeter_core.jar:5.6.3]
	at java.base/java.lang.Thread.run(Thread.java:840) [?:?]
Caused by: javax.script.ScriptException: groovy.lang.MissingPropertyException: No such property: id for class: Script1
	at org.codehaus.groovy.jsr223.GroovyScriptEngineImpl.eval(GroovyScriptEngineImpl.java:320) ~[groovy-jsr223-3.0.20.jar:3.0.20]
	at org.codehaus.groovy.jsr223.GroovyScriptEngineImpl.eval(GroovyScriptEngineImpl.java:155) ~[groovy-jsr223-3.0.20.jar:3.0.20]
	... 15 more
Caused by: groovy.lang.MissingPropertyException: No such property: id for class: Script1
	at org.codehaus.groovy.runtime.ScriptBytecodeAdapter.unwrap(ScriptBytecodeAdapter.java:65) ~[groovy-3.0.20.jar:3.0.20]
	at org.codehaus.groovy.runtime.callsite.PogoGetPropertySite.getProperty(PogoGetPropertySite.java:51) ~[groovy-3.0.20.jar:3.0.20]
	at org.codehaus.groovy.runtime.callsite.AbstractCallSite.callGroovyObjectGetProperty(AbstractCallSite.java:341) ~[groovy-3.0.20.jar:3.0.20]
	at Script1.run(Script1.groovy:1) ~[?:?]
	at org.codehaus.groovy.jsr223.GroovyScriptEngineImpl.eval(GroovyScriptEngineImpl.java:317) ~[groovy-jsr223-3.0.20.jar:3.0.20]
	at org.codehaus.groovy.jsr223.GroovyScriptEngineImpl.eval(GroovyScriptEngineImpl.java:155) ~[groovy-jsr223-3.0.20.jar:3.0.20]
	... 15 more
2025-11-09 16:35:30,192 WARN o.a.j.f.Groovy: Error running groovy script
javax.script.ScriptException: javax.script.ScriptException: groovy.lang.MissingPropertyException: No such property: id for class: Script1
	at org.codehaus.groovy.jsr223.GroovyScriptEngineImpl.eval(GroovyScriptEngineImpl.java:158) ~[groovy-jsr223-3.0.20.jar:3.0.20]
	at java.scripting/javax.script.AbstractScriptEngine.eval(AbstractScriptEngine.java:231) ~[java.scripting:?]
	at org.apache.jmeter.functions.Groovy.execute(Groovy.java:123) [ApacheJMeter_functions.jar:5.6.3]
	at org.apache.jmeter.engine.util.CompoundVariable.execute(CompoundVariable.java:139) [ApacheJMeter_core.jar:5.6.3]
	at org.apache.jmeter.engine.util.CompoundVariable.execute(CompoundVariable.java:114) [ApacheJMeter_core.jar:5.6.3]
	at org.apache.jmeter.testelement.property.FunctionProperty.getStringValue(FunctionProperty.java:104) [ApacheJMeter_core.jar:5.6.3]
	at org.apache.jmeter.testelement.TestElement.get(TestElement.kt:276) [ApacheJMeter_core.jar:5.6.3]
	at org.apache.jmeter.protocol.http.sampler.HTTPSamplerBase.getPath(HTTPSamplerBase.java:519) [ApacheJMeter_http.jar:5.6.3]
	at org.apache.jmeter.protocol.http.sampler.HTTPSamplerBase.getUrl(HTTPSamplerBase.java:1094) [ApacheJMeter_http.jar:5.6.3]
	at org.apache.jmeter.protocol.http.sampler.HTTPSamplerBase.sample(HTTPSamplerBase.java:1311) [ApacheJMeter_http.jar:5.6.3]
	at org.apache.jmeter.protocol.http.sampler.HTTPSamplerBase.sample(HTTPSamplerBase.java:1300) [ApacheJMeter_http.jar:5.6.3]
	at org.apache.jmeter.threads.JMeterThread.doSampling(JMeterThread.java:651) [ApacheJMeter_core.jar:5.6.3]
	at org.apache.jmeter.threads.JMeterThread.executeSamplePackage(JMeterThread.java:570) [ApacheJMeter_core.jar:5.6.3]
	at org.apache.jmeter.threads.JMeterThread.processSampler(JMeterThread.java:501) [ApacheJMeter_core.jar:5.6.3]
	at org.apache.jmeter.threads.JMeterThread.run(JMeterThread.java:268) [ApacheJMeter_core.jar:5.6.3]
	at java.base/java.lang.Thread.run(Thread.java:840) [?:?]
Caused by: javax.script.ScriptException: groovy.lang.MissingPropertyException: No such property: id for class: Script1
	at org.codehaus.groovy.jsr223.GroovyScriptEngineImpl.eval(GroovyScriptEngineImpl.java:320) ~[groovy-jsr223-3.0.20.jar:3.0.20]
	at org.codehaus.groovy.jsr223.GroovyScriptEngineImpl.eval(GroovyScriptEngineImpl.java:155) ~[groovy-jsr223-3.0.20.jar:3.0.20]
	... 15 more
Caused by: groovy.lang.MissingPropertyException: No such property: id for class: Script1
	at org.codehaus.groovy.runtime.ScriptBytecodeAdapter.unwrap(ScriptBytecodeAdapter.java:65) ~[groovy-3.0.20.jar:3.0.20]
	at org.codehaus.groovy.runtime.callsite.PogoGetPropertySite.getProperty(PogoGetPropertySite.java:51) ~[groovy-3.0.20.jar:3.0.20]
	at org.codehaus.groovy.runtime.callsite.AbstractCallSite.callGroovyObjectGetProperty(AbstractCallSite.java:341) ~[groovy-3.0.20.jar:3.0.20]
	at Script1.run(Script1.groovy:1) ~[?:?]
	at org.codehaus.groovy.jsr223.GroovyScriptEngineImpl.eval(GroovyScriptEngineImpl.java:317) ~[groovy-jsr223-3.0.20.jar:3.0.20]
	at org.codehaus.groovy.jsr223.GroovyScriptEngineImpl.eval(GroovyScriptEngineImpl.java:155) ~[groovy-jsr223-3.0.20.jar:3.0.20]
	... 15 more
2025-11-09 16:35:30,198 WARN o.a.j.f.Groovy: Error running groovy script
javax.script.ScriptException: javax.script.ScriptException: groovy.lang.MissingPropertyException: No such property: id for class: Script1
	at org.codehaus.groovy.jsr223.GroovyScriptEngineImpl.eval(GroovyScriptEngineImpl.java:158) ~[groovy-jsr223-3.0.20.jar:3.0.20]
	at java.scripting/javax.script.AbstractScriptEngine.eval(AbstractScriptEngine.java:231) ~[java.scripting:?]
	at org.apache.jmeter.functions.Groovy.execute(Groovy.java:123) [ApacheJMeter_functions.jar:5.6.3]
	at org.apache.jmeter.engine.util.CompoundVariable.execute(CompoundVariable.java:139) [ApacheJMeter_core.jar:5.6.3]
	at org.apache.jmeter.engine.util.CompoundVariable.execute(CompoundVariable.java:114) [ApacheJMeter_core.jar:5.6.3]
	at org.apache.jmeter.testelement.property.FunctionProperty.getStringValue(FunctionProperty.java:104) [ApacheJMeter_core.jar:5.6.3]
	at org.apache.jmeter.testelement.TestElement.get(TestElement.kt:276) [ApacheJMeter_core.jar:5.6.3]
	at org.apache.jmeter.protocol.http.sampler.HTTPSamplerBase.getPath(HTTPSamplerBase.java:519) [ApacheJMeter_http.jar:5.6.3]
	at org.apache.jmeter.protocol.http.sampler.HTTPSamplerBase.getUrl(HTTPSamplerBase.java:1094) [ApacheJMeter_http.jar:5.6.3]
	at org.apache.jmeter.protocol.http.sampler.HTTPSamplerBase.sample(HTTPSamplerBase.java:1311) [ApacheJMeter_http.jar:5.6.3]
	at org.apache.jmeter.protocol.http.sampler.HTTPSamplerBase.sample(HTTPSamplerBase.java:1300) [ApacheJMeter_http.jar:5.6.3]
	at org.apache.jmeter.threads.JMeterThread.doSampling(JMeterThread.java:651) [ApacheJMeter_core.jar:5.6.3]
	at org.apache.jmeter.threads.JMeterThread.executeSamplePackage(JMeterThread.java:570) [ApacheJMeter_core.jar:5.6.3]
	at org.apache.jmeter.threads.JMeterThread.processSampler(JMeterThread.java:501) [ApacheJMeter_core.jar:5.6.3]
	at org.apache.jmeter.threads.JMeterThread.run(JMeterThread.java:268) [ApacheJMeter_core.jar:5.6.3]
	at java.base/java.lang.Thread.run(Thread.java:840) [?:?]
Caused by: javax.script.ScriptException: groovy.lang.MissingPropertyException: No such property: id for class: Script1
	at org.codehaus.groovy.jsr223.GroovyScriptEngineImpl.eval(GroovyScriptEngineImpl.java:320) ~[groovy-jsr223-3.0.20.jar:3.0.20]
	at org.codehaus.groovy.jsr223.GroovyScriptEngineImpl.eval(GroovyScriptEngineImpl.java:155) ~[groovy-jsr223-3.0.20.jar:3.0.20]
	... 15 more
Caused by: groovy.lang.MissingPropertyException: No such property: id for class: Script1
	at org.codehaus.groovy.runtime.ScriptBytecodeAdapter.unwrap(ScriptBytecodeAdapter.java:65) ~[groovy-3.0.20.jar:3.0.20]
	at org.codehaus.groovy.runtime.callsite.PogoGetPropertySite.getProperty(PogoGetPropertySite.java:51) ~[groovy-3.0.20.jar:3.0.20]
	at org.codehaus.groovy.runtime.callsite.AbstractCallSite.callGroovyObjectGetProperty(AbstractCallSite.java:341) ~[groovy-3.0.20.jar:3.0.20]
	at Script1.run(Script1.groovy:1) ~[?:?]
	at org.codehaus.groovy.jsr223.GroovyScriptEngineImpl.eval(GroovyScriptEngineImpl.java:317) ~[groovy-jsr223-3.0.20.jar:3.0.20]
	at org.codehaus.groovy.jsr223.GroovyScriptEngineImpl.eval(GroovyScriptEngineImpl.java:155) ~[groovy-jsr223-3.0.20.jar:3.0.20]
	... 15 more
2025-11-09 16:35:30,201 WARN o.a.j.f.Groovy: Error running groovy script
javax.script.ScriptException: javax.script.ScriptException: groovy.lang.MissingPropertyException: No such property: id for class: Script1
	at org.codehaus.groovy.jsr223.GroovyScriptEngineImpl.eval(GroovyScriptEngineImpl.java:158) ~[groovy-jsr223-3.0.20.jar:3.0.20]
	at java.scripting/javax.script.AbstractScriptEngine.eval(AbstractScriptEngine.java:231) ~[java.scripting:?]
	at org.apache.jmeter.functions.Groovy.execute(Groovy.java:123) [ApacheJMeter_functions.jar:5.6.3]
	at org.apache.jmeter.engine.util.CompoundVariable.execute(CompoundVariable.java:139) [ApacheJMeter_core.jar:5.6.3]
	at org.apache.jmeter.engine.util.CompoundVariable.execute(CompoundVariable.java:114) [ApacheJMeter_core.jar:5.6.3]
	at org.apache.jmeter.testelement.property.FunctionProperty.getStringValue(FunctionProperty.java:104) [ApacheJMeter_core.jar:5.6.3]
	at org.apache.jmeter.testelement.TestElement.get(TestElement.kt:276) [ApacheJMeter_core.jar:5.6.3]
	at org.apache.jmeter.protocol.http.sampler.HTTPSamplerBase.getPath(HTTPSamplerBase.java:519) [ApacheJMeter_http.jar:5.6.3]
	at org.apache.jmeter.protocol.http.sampler.HTTPSamplerBase.getUrl(HTTPSamplerBase.java:1094) [ApacheJMeter_http.jar:5.6.3]
	at org.apache.jmeter.protocol.http.sampler.HTTPSamplerBase.sample(HTTPSamplerBase.java:1311) [ApacheJMeter_http.jar:5.6.3]
	at org.apache.jmeter.protocol.http.sampler.HTTPSamplerBase.sample(HTTPSamplerBase.java:1300) [ApacheJMeter_http.jar:5.6.3]
	at org.apache.jmeter.threads.JMeterThread.doSampling(JMeterThread.java:651) [ApacheJMeter_core.jar:5.6.3]
	at org.apache.jmeter.threads.JMeterThread.executeSamplePackage(JMeterThread.java:570) [ApacheJMeter_core.jar:5.6.3]
	at org.apache.jmeter.threads.JMeterThread.processSampler(JMeterThread.java:501) [ApacheJMeter_core.jar:5.6.3]
	at org.apache.jmeter.threads.JMeterThread.run(JMeterThread.java:268) [ApacheJMeter_core.jar:5.6.3]
	at java.base/java.lang.Thread.run(Thread.java:840) [?:?]
Caused by: javax.script.ScriptException: groovy.lang.MissingPropertyException: No such property: id for class: Script1
	at org.codehaus.groovy.jsr223.GroovyScriptEngineImpl.eval(GroovyScriptEngineImpl.java:320) ~[groovy-jsr223-3.0.20.jar:3.0.20]
	at org.codehaus.groovy.jsr223.GroovyScriptEngineImpl.eval(GroovyScriptEngineImpl.java:155) ~[groovy-jsr223-3.0.20.jar:3.0.20]
	... 15 more
Caused by: groovy.lang.MissingPropertyException: No such property: id for class: Script1
	at org.codehaus.groovy.runtime.ScriptBytecodeAdapter.unwrap(ScriptBytecodeAdapter.java:65) ~[groovy-3.0.20.jar:3.0.20]
	at org.codehaus.groovy.runtime.callsite.PogoGetPropertySite.getProperty(PogoGetPropertySite.java:51) ~[groovy-3.0.20.jar:3.0.20]
	at org.codehaus.groovy.runtime.callsite.AbstractCallSite.callGroovyObjectGetProperty(AbstractCallSite.java:341) ~[groovy-3.0.20.jar:3.0.20]
	at Script1.run(Script1.groovy:1) ~[?:?]
	at org.codehaus.groovy.jsr223.GroovyScriptEngineImpl.eval(GroovyScriptEngineImpl.java:317) ~[groovy-jsr223-3.0.20.jar:3.0.20]
	at org.codehaus.groovy.jsr223.GroovyScriptEngineImpl.eval(GroovyScriptEngineImpl.java:155) ~[groovy-jsr223-3.0.20.jar:3.0.20]
	... 15 more
2025-11-09 16:35:30,209 WARN o.a.j.f.Groovy: Error running groovy script
javax.script.ScriptException: javax.script.ScriptException: groovy.lang.MissingPropertyException: No such property: id for class: Script1
	at org.codehaus.groovy.jsr223.GroovyScriptEngineImpl.eval(GroovyScriptEngineImpl.java:158) ~[groovy-jsr223-3.0.20.jar:3.0.20]
	at java.scripting/javax.script.AbstractScriptEngine.eval(AbstractScriptEngine.java:231) ~[java.scripting:?]
	at org.apache.jmeter.functions.Groovy.execute(Groovy.java:123) [ApacheJMeter_functions.jar:5.6.3]
	at org.apache.jmeter.engine.util.CompoundVariable.execute(CompoundVariable.java:139) [ApacheJMeter_core.jar:5.6.3]
	at org.apache.jmeter.engine.util.CompoundVariable.execute(CompoundVariable.java:114) [ApacheJMeter_core.jar:5.6.3]
	at org.apache.jmeter.testelement.property.FunctionProperty.getStringValue(FunctionProperty.java:104) [ApacheJMeter_core.jar:5.6.3]
	at org.apache.jmeter.testelement.TestElement.get(TestElement.kt:276) [ApacheJMeter_core.jar:5.6.3]
	at org.apache.jmeter.protocol.http.sampler.HTTPSamplerBase.getPath(HTTPSamplerBase.java:519) [ApacheJMeter_http.jar:5.6.3]
	at org.apache.jmeter.protocol.http.sampler.HTTPSamplerBase.getUrl(HTTPSamplerBase.java:1094) [ApacheJMeter_http.jar:5.6.3]
	at org.apache.jmeter.protocol.http.sampler.HTTPSamplerBase.sample(HTTPSamplerBase.java:1311) [ApacheJMeter_http.jar:5.6.3]
	at org.apache.jmeter.protocol.http.sampler.HTTPSamplerBase.sample(HTTPSamplerBase.java:1300) [ApacheJMeter_http.jar:5.6.3]
	at org.apache.jmeter.threads.JMeterThread.doSampling(JMeterThread.java:651) [ApacheJMeter_core.jar:5.6.3]
	at org.apache.jmeter.threads.JMeterThread.executeSamplePackage(JMeterThread.java:570) [ApacheJMeter_core.jar:5.6.3]
	at org.apache.jmeter.threads.JMeterThread.processSampler(JMeterThread.java:501) [ApacheJMeter_core.jar:5.6.3]
	at org.apache.jmeter.threads.JMeterThread.run(JMeterThread.java:268) [ApacheJMeter_core.jar:5.6.3]
	at java.base/java.lang.Thread.run(Thread.java:840) [?:?]
Caused by: javax.script.ScriptException: groovy.lang.MissingPropertyException: No such property: id for class: Script1
	at org.codehaus.groovy.jsr223.GroovyScriptEngineImpl.eval(GroovyScriptEngineImpl.java:320) ~[groovy-jsr223-3.0.20.jar:3.0.20]
	at org.codehaus.groovy.jsr223.GroovyScriptEngineImpl.eval(GroovyScriptEngineImpl.java:155) ~[groovy-jsr223-3.0.20.jar:3.0.20]
	... 15 more
Caused by: groovy.lang.MissingPropertyException: No such property: id for class: Script1
	at org.codehaus.groovy.runtime.ScriptBytecodeAdapter.unwrap(ScriptBytecodeAdapter.java:65) ~[groovy-3.0.20.jar:3.0.20]
	at org.codehaus.groovy.runtime.callsite.PogoGetPropertySite.getProperty(PogoGetPropertySite.java:51) ~[groovy-3.0.20.jar:3.0.20]
	at org.codehaus.groovy.runtime.callsite.AbstractCallSite.callGroovyObjectGetProperty(AbstractCallSite.java:341) ~[groovy-3.0.20.jar:3.0.20]
	at Script1.run(Script1.groovy:1) ~[?:?]
	at org.codehaus.groovy.jsr223.GroovyScriptEngineImpl.eval(GroovyScriptEngineImpl.java:317) ~[groovy-jsr223-3.0.20.jar:3.0.20]
	at org.codehaus.groovy.jsr223.GroovyScriptEngineImpl.eval(GroovyScriptEngineImpl.java:155) ~[groovy-jsr223-3.0.20.jar:3.0.20]
	... 15 more
2025-11-09 16:35:30,212 WARN o.a.j.f.Groovy: Error running groovy script
javax.script.ScriptException: javax.script.ScriptException: groovy.lang.MissingPropertyException: No such property: id for class: Script1
	at org.codehaus.groovy.jsr223.GroovyScriptEngineImpl.eval(GroovyScriptEngineImpl.java:158) ~[groovy-jsr223-3.0.20.jar:3.0.20]
	at java.scripting/javax.script.AbstractScriptEngine.eval(AbstractScriptEngine.java:231) ~[java.scripting:?]
	at org.apache.jmeter.functions.Groovy.execute(Groovy.java:123) [ApacheJMeter_functions.jar:5.6.3]
	at org.apache.jmeter.engine.util.CompoundVariable.execute(CompoundVariable.java:139) [ApacheJMeter_core.jar:5.6.3]
	at org.apache.jmeter.engine.util.CompoundVariable.execute(CompoundVariable.java:114) [ApacheJMeter_core.jar:5.6.3]
	at org.apache.jmeter.testelement.property.FunctionProperty.getStringValue(FunctionProperty.java:104) [ApacheJMeter_core.jar:5.6.3]
	at org.apache.jmeter.testelement.TestElement.get(TestElement.kt:276) [ApacheJMeter_core.jar:5.6.3]
	at org.apache.jmeter.protocol.http.sampler.HTTPSamplerBase.getPath(HTTPSamplerBase.java:519) [ApacheJMeter_http.jar:5.6.3]
	at org.apache.jmeter.protocol.http.sampler.HTTPSamplerBase.getUrl(HTTPSamplerBase.java:1094) [ApacheJMeter_http.jar:5.6.3]
	at org.apache.jmeter.protocol.http.sampler.HTTPSamplerBase.sample(HTTPSamplerBase.java:1311) [ApacheJMeter_http.jar:5.6.3]
	at org.apache.jmeter.protocol.http.sampler.HTTPSamplerBase.sample(HTTPSamplerBase.java:1300) [ApacheJMeter_http.jar:5.6.3]
	at org.apache.jmeter.threads.JMeterThread.doSampling(JMeterThread.java:651) [ApacheJMeter_core.jar:5.6.3]
	at org.apache.jmeter.threads.JMeterThread.executeSamplePackage(JMeterThread.java:570) [ApacheJMeter_core.jar:5.6.3]
	at org.apache.jmeter.threads.JMeterThread.processSampler(JMeterThread.java:501) [ApacheJMeter_core.jar:5.6.3]
	at org.apache.jmeter.threads.JMeterThread.run(JMeterThread.java:268) [ApacheJMeter_core.jar:5.6.3]
	at java.base/java.lang.Thread.run(Thread.java:840) [?:?]
Caused by: javax.script.ScriptException: groovy.lang.MissingPropertyException: No such property: id for class: Script1
	at org.codehaus.groovy.jsr223.GroovyScriptEngineImpl.eval(GroovyScriptEngineImpl.java:320) ~[groovy-jsr223-3.0.20.jar:3.0.20]
	at org.codehaus.groovy.jsr223.GroovyScriptEngineImpl.eval(GroovyScriptEngineImpl.java:155) ~[groovy-jsr223-3.0.20.jar:3.0.20]
	... 15 more
Caused by: groovy.lang.MissingPropertyException: No such property: id for class: Script1
	at org.codehaus.groovy.runtime.ScriptBytecodeAdapter.unwrap(ScriptBytecodeAdapter.java:65) ~[groovy-3.0.20.jar:3.0.20]
	at org.codehaus.groovy.runtime.callsite.PogoGetPropertySite.getProperty(PogoGetPropertySite.java:51) ~[groovy-3.0.20.jar:3.0.20]
	at org.codehaus.groovy.runtime.callsite.AbstractCallSite.callGroovyObjectGetProperty(AbstractCallSite.java:341) ~[groovy-3.0.20.jar:3.0.20]
	at Script1.run(Script1.groovy:1) ~[?:?]
	at org.codehaus.groovy.jsr223.GroovyScriptEngineImpl.eval(GroovyScriptEngineImpl.java:317) ~[groovy-jsr223-3.0.20.jar:3.0.20]
	at org.codehaus.groovy.jsr223.GroovyScriptEngineImpl.eval(GroovyScriptEngineImpl.java:155) ~[groovy-jsr223-3.0.20.jar:3.0.20]
	... 15 more
2025-11-09 16:35:30,217 WARN o.a.j.f.Groovy: Error running groovy script
javax.script.ScriptException: javax.script.ScriptException: groovy.lang.MissingPropertyException: No such property: id for class: Script1
	at org.codehaus.groovy.jsr223.GroovyScriptEngineImpl.eval(GroovyScriptEngineImpl.java:158) ~[groovy-jsr223-3.0.20.jar:3.0.20]
	at java.scripting/javax.script.AbstractScriptEngine.eval(AbstractScriptEngine.java:231) ~[java.scripting:?]
	at org.apache.jmeter.functions.Groovy.execute(Groovy.java:123) [ApacheJMeter_functions.jar:5.6.3]
	at org.apache.jmeter.engine.util.CompoundVariable.execute(CompoundVariable.java:139) [ApacheJMeter_core.jar:5.6.3]
	at org.apache.jmeter.engine.util.CompoundVariable.execute(CompoundVariable.java:114) [ApacheJMeter_core.jar:5.6.3]
	at org.apache.jmeter.testelement.property.FunctionProperty.getStringValue(FunctionProperty.java:104) [ApacheJMeter_core.jar:5.6.3]
	at org.apache.jmeter.testelement.TestElement.get(TestElement.kt:276) [ApacheJMeter_core.jar:5.6.3]
	at org.apache.jmeter.protocol.http.sampler.HTTPSamplerBase.getPath(HTTPSamplerBase.java:519) [ApacheJMeter_http.jar:5.6.3]
	at org.apache.jmeter.protocol.http.sampler.HTTPSamplerBase.getUrl(HTTPSamplerBase.java:1094) [ApacheJMeter_http.jar:5.6.3]
	at org.apache.jmeter.protocol.http.sampler.HTTPSamplerBase.sample(HTTPSamplerBase.java:1311) [ApacheJMeter_http.jar:5.6.3]
	at org.apache.jmeter.protocol.http.sampler.HTTPSamplerBase.sample(HTTPSamplerBase.java:1300) [ApacheJMeter_http.jar:5.6.3]
	at org.apache.jmeter.threads.JMeterThread.doSampling(JMeterThread.java:651) [ApacheJMeter_core.jar:5.6.3]
	at org.apache.jmeter.threads.JMeterThread.executeSamplePackage(JMeterThread.java:570) [ApacheJMeter_core.jar:5.6.3]
	at org.apache.jmeter.threads.JMeterThread.processSampler(JMeterThread.java:501) [ApacheJMeter_core.jar:5.6.3]
	at org.apache.jmeter.threads.JMeterThread.run(JMeterThread.java:268) [ApacheJMeter_core.jar:5.6.3]
	at java.base/java.lang.Thread.run(Thread.java:840) [?:?]
Caused by: javax.script.ScriptException: groovy.lang.MissingPropertyException: No such property: id for class: Script1
	at org.codehaus.groovy.jsr223.GroovyScriptEngineImpl.eval(GroovyScriptEngineImpl.java:320) ~[groovy-jsr223-3.0.20.jar:3.0.20]
	at org.codehaus.groovy.jsr223.GroovyScriptEngineImpl.eval(GroovyScriptEngineImpl.java:155) ~[groovy-jsr223-3.0.20.jar:3.0.20]
	... 15 more
Caused by: groovy.lang.MissingPropertyException: No such property: id for class: Script1
	at org.codehaus.groovy.runtime.ScriptBytecodeAdapter.unwrap(ScriptBytecodeAdapter.java:65) ~[groovy-3.0.20.jar:3.0.20]
	at org.codehaus.groovy.runtime.callsite.PogoGetPropertySite.getProperty(PogoGetPropertySite.java:51) ~[groovy-3.0.20.jar:3.0.20]
	at org.codehaus.groovy.runtime.callsite.AbstractCallSite.callGroovyObjectGetProperty(AbstractCallSite.java:341) ~[groovy-3.0.20.jar:3.0.20]
	at Script1.run(Script1.groovy:1) ~[?:?]
	at org.codehaus.groovy.jsr223.GroovyScriptEngineImpl.eval(GroovyScriptEngineImpl.java:317) ~[groovy-jsr223-3.0.20.jar:3.0.20]
	at org.codehaus.groovy.jsr223.GroovyScriptEngineImpl.eval(GroovyScriptEngineImpl.java:155) ~[groovy-jsr223-3.0.20.jar:3.0.20]
	... 15 more
2025-11-09 16:35:30,224 WARN o.a.j.f.Groovy: Error running groovy script
javax.script.ScriptException: javax.script.ScriptException: groovy.lang.MissingPropertyException: No such property: id for class: Script1
	at org.codehaus.groovy.jsr223.GroovyScriptEngineImpl.eval(GroovyScriptEngineImpl.java:158) ~[groovy-jsr223-3.0.20.jar:3.0.20]
	at java.scripting/javax.script.AbstractScriptEngine.eval(AbstractScriptEngine.java:231) ~[java.scripting:?]
	at org.apache.jmeter.functions.Groovy.execute(Groovy.java:123) [ApacheJMeter_functions.jar:5.6.3]
	at org.apache.jmeter.engine.util.CompoundVariable.execute(CompoundVariable.java:139) [ApacheJMeter_core.jar:5.6.3]
	at org.apache.jmeter.engine.util.CompoundVariable.execute(CompoundVariable.java:114) [ApacheJMeter_core.jar:5.6.3]
	at org.apache.jmeter.testelement.property.FunctionProperty.getStringValue(FunctionProperty.java:104) [ApacheJMeter_core.jar:5.6.3]
	at org.apache.jmeter.testelement.TestElement.get(TestElement.kt:276) [ApacheJMeter_core.jar:5.6.3]
	at org.apache.jmeter.protocol.http.sampler.HTTPSamplerBase.getPath(HTTPSamplerBase.java:519) [ApacheJMeter_http.jar:5.6.3]
	at org.apache.jmeter.protocol.http.sampler.HTTPSamplerBase.getUrl(HTTPSamplerBase.java:1094) [ApacheJMeter_http.jar:5.6.3]
	at org.apache.jmeter.protocol.http.sampler.HTTPSamplerBase.sample(HTTPSamplerBase.java:1311) [ApacheJMeter_http.jar:5.6.3]
	at org.apache.jmeter.protocol.http.sampler.HTTPSamplerBase.sample(HTTPSamplerBase.java:1300) [ApacheJMeter_http.jar:5.6.3]
	at org.apache.jmeter.threads.JMeterThread.doSampling(JMeterThread.java:651) [ApacheJMeter_core.jar:5.6.3]
	at org.apache.jmeter.threads.JMeterThread.executeSamplePackage(JMeterThread.java:570) [ApacheJMeter_core.jar:5.6.3]
	at org.apache.jmeter.threads.JMeterThread.processSampler(JMeterThread.java:501) [ApacheJMeter_core.jar:5.6.3]
	at org.apache.jmeter.threads.JMeterThread.run(JMeterThread.java:268) [ApacheJMeter_core.jar:5.6.3]
	at java.base/java.lang.Thread.run(Thread.java:840) [?:?]
Caused by: javax.script.ScriptException: groovy.lang.MissingPropertyException: No such property: id for class: Script1
	at org.codehaus.groovy.jsr223.GroovyScriptEngineImpl.eval(GroovyScriptEngineImpl.java:320) ~[groovy-jsr223-3.0.20.jar:3.0.20]
	at org.codehaus.groovy.jsr223.GroovyScriptEngineImpl.eval(GroovyScriptEngineImpl.java:155) ~[groovy-jsr223-3.0.20.jar:3.0.20]
	... 15 more
Caused by: groovy.lang.MissingPropertyException: No such property: id for class: Script1
	at org.codehaus.groovy.runtime.ScriptBytecodeAdapter.unwrap(ScriptBytecodeAdapter.java:65) ~[groovy-3.0.20.jar:3.0.20]
	at org.codehaus.groovy.runtime.callsite.PogoGetPropertySite.getProperty(PogoGetPropertySite.java:51) ~[groovy-3.0.20.jar:3.0.20]
	at org.codehaus.groovy.runtime.callsite.AbstractCallSite.callGroovyObjectGetProperty(AbstractCallSite.java:341) ~[groovy-3.0.20.jar:3.0.20]
	at Script1.run(Script1.groovy:1) ~[?:?]
	at org.codehaus.groovy.jsr223.GroovyScriptEngineImpl.eval(GroovyScriptEngineImpl.java:317) ~[groovy-jsr223-3.0.20.jar:3.0.20]
	at org.codehaus.groovy.jsr223.GroovyScriptEngineImpl.eval(GroovyScriptEngineImpl.java:155) ~[groovy-jsr223-3.0.20.jar:3.0.20]
	... 15 more
2025-11-09 16:35:30,229 WARN o.a.j.f.Groovy: Error running groovy script
javax.script.ScriptException: javax.script.ScriptException: groovy.lang.MissingPropertyException: No such property: id for class: Script1
	at org.codehaus.groovy.jsr223.GroovyScriptEngineImpl.eval(GroovyScriptEngineImpl.java:158) ~[groovy-jsr223-3.0.20.jar:3.0.20]
	at java.scripting/javax.script.AbstractScriptEngine.eval(AbstractScriptEngine.java:231) ~[java.scripting:?]
	at org.apache.jmeter.functions.Groovy.execute(Groovy.java:123) [ApacheJMeter_functions.jar:5.6.3]
	at org.apache.jmeter.engine.util.CompoundVariable.execute(CompoundVariable.java:139) [ApacheJMeter_core.jar:5.6.3]
	at org.apache.jmeter.engine.util.CompoundVariable.execute(CompoundVariable.java:114) [ApacheJMeter_core.jar:5.6.3]
	at org.apache.jmeter.testelement.property.FunctionProperty.getStringValue(FunctionProperty.java:104) [ApacheJMeter_core.jar:5.6.3]
	at org.apache.jmeter.testelement.TestElement.get(TestElement.kt:276) [ApacheJMeter_core.jar:5.6.3]
	at org.apache.jmeter.protocol.http.sampler.HTTPSamplerBase.getPath(HTTPSamplerBase.java:519) [ApacheJMeter_http.jar:5.6.3]
	at org.apache.jmeter.protocol.http.sampler.HTTPSamplerBase.getUrl(HTTPSamplerBase.java:1094) [ApacheJMeter_http.jar:5.6.3]
	at org.apache.jmeter.protocol.http.sampler.HTTPSamplerBase.sample(HTTPSamplerBase.java:1311) [ApacheJMeter_http.jar:5.6.3]
	at org.apache.jmeter.protocol.http.sampler.HTTPSamplerBase.sample(HTTPSamplerBase.java:1300) [ApacheJMeter_http.jar:5.6.3]
	at org.apache.jmeter.threads.JMeterThread.doSampling(JMeterThread.java:651) [ApacheJMeter_core.jar:5.6.3]
	at org.apache.jmeter.threads.JMeterThread.executeSamplePackage(JMeterThread.java:570) [ApacheJMeter_core.jar:5.6.3]
	at org.apache.jmeter.threads.JMeterThread.processSampler(JMeterThread.java:501) [ApacheJMeter_core.jar:5.6.3]
	at org.apache.jmeter.threads.JMeterThread.run(JMeterThread.java:268) [ApacheJMeter_core.jar:5.6.3]
	at java.base/java.lang.Thread.run(Thread.java:840) [?:?]
Caused by: javax.script.ScriptException: groovy.lang.MissingPropertyException: No such property: id for class: Script1
	at org.codehaus.groovy.jsr223.GroovyScriptEngineImpl.eval(GroovyScriptEngineImpl.java:320) ~[groovy-jsr223-3.0.20.jar:3.0.20]
	at org.codehaus.groovy.jsr223.GroovyScriptEngineImpl.eval(GroovyScriptEngineImpl.java:155) ~[groovy-jsr223-3.0.20.jar:3.0.20]
	... 15 more
Caused by: groovy.lang.MissingPropertyException: No such property: id for class: Script1
	at org.codehaus.groovy.runtime.ScriptBytecodeAdapter.unwrap(ScriptBytecodeAdapter.java:65) ~[groovy-3.0.20.jar:3.0.20]
	at org.codehaus.groovy.runtime.callsite.PogoGetPropertySite.getProperty(PogoGetPropertySite.java:51) ~[groovy-3.0.20.jar:3.0.20]
	at org.codehaus.groovy.runtime.callsite.AbstractCallSite.callGroovyObjectGetProperty(AbstractCallSite.java:341) ~[groovy-3.0.20.jar:3.0.20]
	at Script1.run(Script1.groovy:1) ~[?:?]
	at org.codehaus.groovy.jsr223.GroovyScriptEngineImpl.eval(GroovyScriptEngineImpl.java:317) ~[groovy-jsr223-3.0.20.jar:3.0.20]
	at org.codehaus.groovy.jsr223.GroovyScriptEngineImpl.eval(GroovyScriptEngineImpl.java:155) ~[groovy-jsr223-3.0.20.jar:3.0.20]
	... 15 more
2025-11-09 16:35:30,235 INFO o.a.j.t.JMeterThread: Thread is done: Read-Heavy (GET /items/${id}) 1-2
2025-11-09 16:35:30,234 WARN o.a.j.f.Groovy: Error running groovy script
javax.script.ScriptException: javax.script.ScriptException: groovy.lang.MissingPropertyException: No such property: id for class: Script1
	at org.codehaus.groovy.jsr223.GroovyScriptEngineImpl.eval(GroovyScriptEngineImpl.java:158) ~[groovy-jsr223-3.0.20.jar:3.0.20]
	at java.scripting/javax.script.AbstractScriptEngine.eval(AbstractScriptEngine.java:231) ~[java.scripting:?]
	at org.apache.jmeter.functions.Groovy.execute(Groovy.java:123) [ApacheJMeter_functions.jar:5.6.3]
	at org.apache.jmeter.engine.util.CompoundVariable.execute(CompoundVariable.java:139) [ApacheJMeter_core.jar:5.6.3]
	at org.apache.jmeter.engine.util.CompoundVariable.execute(CompoundVariable.java:114) [ApacheJMeter_core.jar:5.6.3]
	at org.apache.jmeter.testelement.property.FunctionProperty.getStringValue(FunctionProperty.java:104) [ApacheJMeter_core.jar:5.6.3]
	at org.apache.jmeter.testelement.TestElement.get(TestElement.kt:276) [ApacheJMeter_core.jar:5.6.3]
	at org.apache.jmeter.protocol.http.sampler.HTTPSamplerBase.getPath(HTTPSamplerBase.java:519) [ApacheJMeter_http.jar:5.6.3]
	at org.apache.jmeter.protocol.http.sampler.HTTPSamplerBase.getUrl(HTTPSamplerBase.java:1094) [ApacheJMeter_http.jar:5.6.3]
	at org.apache.jmeter.protocol.http.sampler.HTTPSamplerBase.sample(HTTPSamplerBase.java:1311) [ApacheJMeter_http.jar:5.6.3]
	at org.apache.jmeter.protocol.http.sampler.HTTPSamplerBase.sample(HTTPSamplerBase.java:1300) [ApacheJMeter_http.jar:5.6.3]
	at org.apache.jmeter.threads.JMeterThread.doSampling(JMeterThread.java:651) [ApacheJMeter_core.jar:5.6.3]
	at org.apache.jmeter.threads.JMeterThread.executeSamplePackage(JMeterThread.java:570) [ApacheJMeter_core.jar:5.6.3]
	at org.apache.jmeter.threads.JMeterThread.processSampler(JMeterThread.java:501) [ApacheJMeter_core.jar:5.6.3]
	at org.apache.jmeter.threads.JMeterThread.run(JMeterThread.java:268) [ApacheJMeter_core.jar:5.6.3]
	at java.base/java.lang.Thread.run(Thread.java:840) [?:?]
Caused by: javax.script.ScriptException: groovy.lang.MissingPropertyException: No such property: id for class: Script1
	at org.codehaus.groovy.jsr223.GroovyScriptEngineImpl.eval(GroovyScriptEngineImpl.java:320) ~[groovy-jsr223-3.0.20.jar:3.0.20]
	at org.codehaus.groovy.jsr223.GroovyScriptEngineImpl.eval(GroovyScriptEngineImpl.java:155) ~[groovy-jsr223-3.0.20.jar:3.0.20]
	... 15 more
Caused by: groovy.lang.MissingPropertyException: No such property: id for class: Script1
	at org.codehaus.groovy.runtime.ScriptBytecodeAdapter.unwrap(ScriptBytecodeAdapter.java:65) ~[groovy-3.0.20.jar:3.0.20]
	at org.codehaus.groovy.runtime.callsite.PogoGetPropertySite.getProperty(PogoGetPropertySite.java:51) ~[groovy-3.0.20.jar:3.0.20]
	at org.codehaus.groovy.runtime.callsite.AbstractCallSite.callGroovyObjectGetProperty(AbstractCallSite.java:341) ~[groovy-3.0.20.jar:3.0.20]
	at Script1.run(Script1.groovy:1) ~[?:?]
	at org.codehaus.groovy.jsr223.GroovyScriptEngineImpl.eval(GroovyScriptEngineImpl.java:317) ~[groovy-jsr223-3.0.20.jar:3.0.20]
	at org.codehaus.groovy.jsr223.GroovyScriptEngineImpl.eval(GroovyScriptEngineImpl.java:155) ~[groovy-jsr223-3.0.20.jar:3.0.20]
	... 15 more
2025-11-09 16:35:30,236 INFO o.a.j.t.JMeterThread: Thread finished: Read-Heavy (GET /items/${id}) 1-2
2025-11-09 16:35:30,241 INFO o.a.j.t.JMeterThread: Thread is done: Read-Heavy (GET /items/${id}) 1-1
2025-11-09 16:35:30,241 INFO o.a.j.t.JMeterThread: Thread finished: Read-Heavy (GET /items/${id}) 1-1
2025-11-09 16:35:30,859 INFO o.a.j.t.JMeterThread: Thread started: Browse Categories 2-3
2025-11-09 16:35:30,860 INFO o.a.j.t.JMeterThread: Thread started: Read-Heavy (GET /items/${id}) 1-3
2025-11-09 16:35:30,861 WARN o.a.j.f.Groovy: Error running groovy script
javax.script.ScriptException: javax.script.ScriptException: groovy.lang.MissingPropertyException: No such property: id for class: Script1
	at org.codehaus.groovy.jsr223.GroovyScriptEngineImpl.eval(GroovyScriptEngineImpl.java:158) ~[groovy-jsr223-3.0.20.jar:3.0.20]
	at java.scripting/javax.script.AbstractScriptEngine.eval(AbstractScriptEngine.java:231) ~[java.scripting:?]
	at org.apache.jmeter.functions.Groovy.execute(Groovy.java:123) [ApacheJMeter_functions.jar:5.6.3]
	at org.apache.jmeter.engine.util.CompoundVariable.execute(CompoundVariable.java:139) [ApacheJMeter_core.jar:5.6.3]
	at org.apache.jmeter.engine.util.CompoundVariable.execute(CompoundVariable.java:114) [ApacheJMeter_core.jar:5.6.3]
	at org.apache.jmeter.testelement.property.FunctionProperty.getStringValue(FunctionProperty.java:104) [ApacheJMeter_core.jar:5.6.3]
	at org.apache.jmeter.testelement.TestElement.get(TestElement.kt:276) [ApacheJMeter_core.jar:5.6.3]
	at org.apache.jmeter.protocol.http.sampler.HTTPSamplerBase.getPath(HTTPSamplerBase.java:519) [ApacheJMeter_http.jar:5.6.3]
	at org.apache.jmeter.protocol.http.sampler.HTTPSamplerBase.getUrl(HTTPSamplerBase.java:1094) [ApacheJMeter_http.jar:5.6.3]
	at org.apache.jmeter.protocol.http.sampler.HTTPSamplerBase.sample(HTTPSamplerBase.java:1311) [ApacheJMeter_http.jar:5.6.3]
	at org.apache.jmeter.protocol.http.sampler.HTTPSamplerBase.sample(HTTPSamplerBase.java:1300) [ApacheJMeter_http.jar:5.6.3]
	at org.apache.jmeter.threads.JMeterThread.doSampling(JMeterThread.java:651) [ApacheJMeter_core.jar:5.6.3]
	at org.apache.jmeter.threads.JMeterThread.executeSamplePackage(JMeterThread.java:570) [ApacheJMeter_core.jar:5.6.3]
	at org.apache.jmeter.threads.JMeterThread.processSampler(JMeterThread.java:501) [ApacheJMeter_core.jar:5.6.3]
	at org.apache.jmeter.threads.JMeterThread.run(JMeterThread.java:268) [ApacheJMeter_core.jar:5.6.3]
	at java.base/java.lang.Thread.run(Thread.java:840) [?:?]
Caused by: javax.script.ScriptException: groovy.lang.MissingPropertyException: No such property: id for class: Script1
	at org.codehaus.groovy.jsr223.GroovyScriptEngineImpl.eval(GroovyScriptEngineImpl.java:320) ~[groovy-jsr223-3.0.20.jar:3.0.20]
	at org.codehaus.groovy.jsr223.GroovyScriptEngineImpl.eval(GroovyScriptEngineImpl.java:155) ~[groovy-jsr223-3.0.20.jar:3.0.20]
	... 15 more
Caused by: groovy.lang.MissingPropertyException: No such property: id for class: Script1
	at org.codehaus.groovy.runtime.ScriptBytecodeAdapter.unwrap(ScriptBytecodeAdapter.java:65) ~[groovy-3.0.20.jar:3.0.20]
	at org.codehaus.groovy.runtime.callsite.PogoGetPropertySite.getProperty(PogoGetPropertySite.java:51) ~[groovy-3.0.20.jar:3.0.20]
	at org.codehaus.groovy.runtime.callsite.AbstractCallSite.callGroovyObjectGetProperty(AbstractCallSite.java:341) ~[groovy-3.0.20.jar:3.0.20]
	at Script1.run(Script1.groovy:1) ~[?:?]
	at org.codehaus.groovy.jsr223.GroovyScriptEngineImpl.eval(GroovyScriptEngineImpl.java:317) ~[groovy-jsr223-3.0.20.jar:3.0.20]
	at org.codehaus.groovy.jsr223.GroovyScriptEngineImpl.eval(GroovyScriptEngineImpl.java:155) ~[groovy-jsr223-3.0.20.jar:3.0.20]
	... 15 more
2025-11-09 16:35:30,864 INFO o.a.j.t.JMeterThread: Thread is done: Browse Categories 2-3
2025-11-09 16:35:30,864 INFO o.a.j.t.JMeterThread: Thread finished: Browse Categories 2-3
2025-11-09 16:35:30,871 WARN o.a.j.f.Groovy: Error running groovy script
javax.script.ScriptException: javax.script.ScriptException: groovy.lang.MissingPropertyException: No such property: id for class: Script1
	at org.codehaus.groovy.jsr223.GroovyScriptEngineImpl.eval(GroovyScriptEngineImpl.java:158) ~[groovy-jsr223-3.0.20.jar:3.0.20]
	at java.scripting/javax.script.AbstractScriptEngine.eval(AbstractScriptEngine.java:231) ~[java.scripting:?]
	at org.apache.jmeter.functions.Groovy.execute(Groovy.java:123) [ApacheJMeter_functions.jar:5.6.3]
	at org.apache.jmeter.engine.util.CompoundVariable.execute(CompoundVariable.java:139) [ApacheJMeter_core.jar:5.6.3]
	at org.apache.jmeter.engine.util.CompoundVariable.execute(CompoundVariable.java:114) [ApacheJMeter_core.jar:5.6.3]
	at org.apache.jmeter.testelement.property.FunctionProperty.getStringValue(FunctionProperty.java:104) [ApacheJMeter_core.jar:5.6.3]
	at org.apache.jmeter.testelement.TestElement.get(TestElement.kt:276) [ApacheJMeter_core.jar:5.6.3]
	at org.apache.jmeter.protocol.http.sampler.HTTPSamplerBase.getPath(HTTPSamplerBase.java:519) [ApacheJMeter_http.jar:5.6.3]
	at org.apache.jmeter.protocol.http.sampler.HTTPSamplerBase.getUrl(HTTPSamplerBase.java:1094) [ApacheJMeter_http.jar:5.6.3]
	at org.apache.jmeter.protocol.http.sampler.HTTPSamplerBase.sample(HTTPSamplerBase.java:1311) [ApacheJMeter_http.jar:5.6.3]
	at org.apache.jmeter.protocol.http.sampler.HTTPSamplerBase.sample(HTTPSamplerBase.java:1300) [ApacheJMeter_http.jar:5.6.3]
	at org.apache.jmeter.threads.JMeterThread.doSampling(JMeterThread.java:651) [ApacheJMeter_core.jar:5.6.3]
	at org.apache.jmeter.threads.JMeterThread.executeSamplePackage(JMeterThread.java:570) [ApacheJMeter_core.jar:5.6.3]
	at org.apache.jmeter.threads.JMeterThread.processSampler(JMeterThread.java:501) [ApacheJMeter_core.jar:5.6.3]
	at org.apache.jmeter.threads.JMeterThread.run(JMeterThread.java:268) [ApacheJMeter_core.jar:5.6.3]
	at java.base/java.lang.Thread.run(Thread.java:840) [?:?]
Caused by: javax.script.ScriptException: groovy.lang.MissingPropertyException: No such property: id for class: Script1
	at org.codehaus.groovy.jsr223.GroovyScriptEngineImpl.eval(GroovyScriptEngineImpl.java:320) ~[groovy-jsr223-3.0.20.jar:3.0.20]
	at org.codehaus.groovy.jsr223.GroovyScriptEngineImpl.eval(GroovyScriptEngineImpl.java:155) ~[groovy-jsr223-3.0.20.jar:3.0.20]
	... 15 more
Caused by: groovy.lang.MissingPropertyException: No such property: id for class: Script1
	at org.codehaus.groovy.runtime.ScriptBytecodeAdapter.unwrap(ScriptBytecodeAdapter.java:65) ~[groovy-3.0.20.jar:3.0.20]
	at org.codehaus.groovy.runtime.callsite.PogoGetPropertySite.getProperty(PogoGetPropertySite.java:51) ~[groovy-3.0.20.jar:3.0.20]
	at org.codehaus.groovy.runtime.callsite.AbstractCallSite.callGroovyObjectGetProperty(AbstractCallSite.java:341) ~[groovy-3.0.20.jar:3.0.20]
	at Script1.run(Script1.groovy:1) ~[?:?]
	at org.codehaus.groovy.jsr223.GroovyScriptEngineImpl.eval(GroovyScriptEngineImpl.java:317) ~[groovy-jsr223-3.0.20.jar:3.0.20]
	at org.codehaus.groovy.jsr223.GroovyScriptEngineImpl.eval(GroovyScriptEngineImpl.java:155) ~[groovy-jsr223-3.0.20.jar:3.0.20]
	... 15 more
2025-11-09 16:35:30,877 WARN o.a.j.f.Groovy: Error running groovy script
javax.script.ScriptException: javax.script.ScriptException: groovy.lang.MissingPropertyException: No such property: id for class: Script1
	at org.codehaus.groovy.jsr223.GroovyScriptEngineImpl.eval(GroovyScriptEngineImpl.java:158) ~[groovy-jsr223-3.0.20.jar:3.0.20]
	at java.scripting/javax.script.AbstractScriptEngine.eval(AbstractScriptEngine.java:231) ~[java.scripting:?]
	at org.apache.jmeter.functions.Groovy.execute(Groovy.java:123) [ApacheJMeter_functions.jar:5.6.3]
	at org.apache.jmeter.engine.util.CompoundVariable.execute(CompoundVariable.java:139) [ApacheJMeter_core.jar:5.6.3]
	at org.apache.jmeter.engine.util.CompoundVariable.execute(CompoundVariable.java:114) [ApacheJMeter_core.jar:5.6.3]
	at org.apache.jmeter.testelement.property.FunctionProperty.getStringValue(FunctionProperty.java:104) [ApacheJMeter_core.jar:5.6.3]
	at org.apache.jmeter.testelement.TestElement.get(TestElement.kt:276) [ApacheJMeter_core.jar:5.6.3]
	at org.apache.jmeter.protocol.http.sampler.HTTPSamplerBase.getPath(HTTPSamplerBase.java:519) [ApacheJMeter_http.jar:5.6.3]
	at org.apache.jmeter.protocol.http.sampler.HTTPSamplerBase.getUrl(HTTPSamplerBase.java:1094) [ApacheJMeter_http.jar:5.6.3]
	at org.apache.jmeter.protocol.http.sampler.HTTPSamplerBase.sample(HTTPSamplerBase.java:1311) [ApacheJMeter_http.jar:5.6.3]
	at org.apache.jmeter.protocol.http.sampler.HTTPSamplerBase.sample(HTTPSamplerBase.java:1300) [ApacheJMeter_http.jar:5.6.3]
	at org.apache.jmeter.threads.JMeterThread.doSampling(JMeterThread.java:651) [ApacheJMeter_core.jar:5.6.3]
	at org.apache.jmeter.threads.JMeterThread.executeSamplePackage(JMeterThread.java:570) [ApacheJMeter_core.jar:5.6.3]
	at org.apache.jmeter.threads.JMeterThread.processSampler(JMeterThread.java:501) [ApacheJMeter_core.jar:5.6.3]
	at org.apache.jmeter.threads.JMeterThread.run(JMeterThread.java:268) [ApacheJMeter_core.jar:5.6.3]
	at java.base/java.lang.Thread.run(Thread.java:840) [?:?]
Caused by: javax.script.ScriptException: groovy.lang.MissingPropertyException: No such property: id for class: Script1
	at org.codehaus.groovy.jsr223.GroovyScriptEngineImpl.eval(GroovyScriptEngineImpl.java:320) ~[groovy-jsr223-3.0.20.jar:3.0.20]
	at org.codehaus.groovy.jsr223.GroovyScriptEngineImpl.eval(GroovyScriptEngineImpl.java:155) ~[groovy-jsr223-3.0.20.jar:3.0.20]
	... 15 more
Caused by: groovy.lang.MissingPropertyException: No such property: id for class: Script1
	at org.codehaus.groovy.runtime.ScriptBytecodeAdapter.unwrap(ScriptBytecodeAdapter.java:65) ~[groovy-3.0.20.jar:3.0.20]
	at org.codehaus.groovy.runtime.callsite.PogoGetPropertySite.getProperty(PogoGetPropertySite.java:51) ~[groovy-3.0.20.jar:3.0.20]
	at org.codehaus.groovy.runtime.callsite.AbstractCallSite.callGroovyObjectGetProperty(AbstractCallSite.java:341) ~[groovy-3.0.20.jar:3.0.20]
	at Script1.run(Script1.groovy:1) ~[?:?]
	at org.codehaus.groovy.jsr223.GroovyScriptEngineImpl.eval(GroovyScriptEngineImpl.java:317) ~[groovy-jsr223-3.0.20.jar:3.0.20]
	at org.codehaus.groovy.jsr223.GroovyScriptEngineImpl.eval(GroovyScriptEngineImpl.java:155) ~[groovy-jsr223-3.0.20.jar:3.0.20]
	... 15 more
2025-11-09 16:35:30,884 WARN o.a.j.f.Groovy: Error running groovy script
javax.script.ScriptException: javax.script.ScriptException: groovy.lang.MissingPropertyException: No such property: id for class: Script1
	at org.codehaus.groovy.jsr223.GroovyScriptEngineImpl.eval(GroovyScriptEngineImpl.java:158) ~[groovy-jsr223-3.0.20.jar:3.0.20]
	at java.scripting/javax.script.AbstractScriptEngine.eval(AbstractScriptEngine.java:231) ~[java.scripting:?]
	at org.apache.jmeter.functions.Groovy.execute(Groovy.java:123) [ApacheJMeter_functions.jar:5.6.3]
	at org.apache.jmeter.engine.util.CompoundVariable.execute(CompoundVariable.java:139) [ApacheJMeter_core.jar:5.6.3]
	at org.apache.jmeter.engine.util.CompoundVariable.execute(CompoundVariable.java:114) [ApacheJMeter_core.jar:5.6.3]
	at org.apache.jmeter.testelement.property.FunctionProperty.getStringValue(FunctionProperty.java:104) [ApacheJMeter_core.jar:5.6.3]
	at org.apache.jmeter.testelement.TestElement.get(TestElement.kt:276) [ApacheJMeter_core.jar:5.6.3]
	at org.apache.jmeter.protocol.http.sampler.HTTPSamplerBase.getPath(HTTPSamplerBase.java:519) [ApacheJMeter_http.jar:5.6.3]
	at org.apache.jmeter.protocol.http.sampler.HTTPSamplerBase.getUrl(HTTPSamplerBase.java:1094) [ApacheJMeter_http.jar:5.6.3]
	at org.apache.jmeter.protocol.http.sampler.HTTPSamplerBase.sample(HTTPSamplerBase.java:1311) [ApacheJMeter_http.jar:5.6.3]
	at org.apache.jmeter.protocol.http.sampler.HTTPSamplerBase.sample(HTTPSamplerBase.java:1300) [ApacheJMeter_http.jar:5.6.3]
	at org.apache.jmeter.threads.JMeterThread.doSampling(JMeterThread.java:651) [ApacheJMeter_core.jar:5.6.3]
	at org.apache.jmeter.threads.JMeterThread.executeSamplePackage(JMeterThread.java:570) [ApacheJMeter_core.jar:5.6.3]
	at org.apache.jmeter.threads.JMeterThread.processSampler(JMeterThread.java:501) [ApacheJMeter_core.jar:5.6.3]
	at org.apache.jmeter.threads.JMeterThread.run(JMeterThread.java:268) [ApacheJMeter_core.jar:5.6.3]
	at java.base/java.lang.Thread.run(Thread.java:840) [?:?]
Caused by: javax.script.ScriptException: groovy.lang.MissingPropertyException: No such property: id for class: Script1
	at org.codehaus.groovy.jsr223.GroovyScriptEngineImpl.eval(GroovyScriptEngineImpl.java:320) ~[groovy-jsr223-3.0.20.jar:3.0.20]
	at org.codehaus.groovy.jsr223.GroovyScriptEngineImpl.eval(GroovyScriptEngineImpl.java:155) ~[groovy-jsr223-3.0.20.jar:3.0.20]
	... 15 more
Caused by: groovy.lang.MissingPropertyException: No such property: id for class: Script1
	at org.codehaus.groovy.runtime.ScriptBytecodeAdapter.unwrap(ScriptBytecodeAdapter.java:65) ~[groovy-3.0.20.jar:3.0.20]
	at org.codehaus.groovy.runtime.callsite.PogoGetPropertySite.getProperty(PogoGetPropertySite.java:51) ~[groovy-3.0.20.jar:3.0.20]
	at org.codehaus.groovy.runtime.callsite.AbstractCallSite.callGroovyObjectGetProperty(AbstractCallSite.java:341) ~[groovy-3.0.20.jar:3.0.20]
	at Script1.run(Script1.groovy:1) ~[?:?]
	at org.codehaus.groovy.jsr223.GroovyScriptEngineImpl.eval(GroovyScriptEngineImpl.java:317) ~[groovy-jsr223-3.0.20.jar:3.0.20]
	at org.codehaus.groovy.jsr223.GroovyScriptEngineImpl.eval(GroovyScriptEngineImpl.java:155) ~[groovy-jsr223-3.0.20.jar:3.0.20]
	... 15 more
2025-11-09 16:35:30,893 WARN o.a.j.f.Groovy: Error running groovy script
javax.script.ScriptException: javax.script.ScriptException: groovy.lang.MissingPropertyException: No such property: id for class: Script1
	at org.codehaus.groovy.jsr223.GroovyScriptEngineImpl.eval(GroovyScriptEngineImpl.java:158) ~[groovy-jsr223-3.0.20.jar:3.0.20]
	at java.scripting/javax.script.AbstractScriptEngine.eval(AbstractScriptEngine.java:231) ~[java.scripting:?]
	at org.apache.jmeter.functions.Groovy.execute(Groovy.java:123) [ApacheJMeter_functions.jar:5.6.3]
	at org.apache.jmeter.engine.util.CompoundVariable.execute(CompoundVariable.java:139) [ApacheJMeter_core.jar:5.6.3]
	at org.apache.jmeter.engine.util.CompoundVariable.execute(CompoundVariable.java:114) [ApacheJMeter_core.jar:5.6.3]
	at org.apache.jmeter.testelement.property.FunctionProperty.getStringValue(FunctionProperty.java:104) [ApacheJMeter_core.jar:5.6.3]
	at org.apache.jmeter.testelement.TestElement.get(TestElement.kt:276) [ApacheJMeter_core.jar:5.6.3]
	at org.apache.jmeter.protocol.http.sampler.HTTPSamplerBase.getPath(HTTPSamplerBase.java:519) [ApacheJMeter_http.jar:5.6.3]
	at org.apache.jmeter.protocol.http.sampler.HTTPSamplerBase.getUrl(HTTPSamplerBase.java:1094) [ApacheJMeter_http.jar:5.6.3]
	at org.apache.jmeter.protocol.http.sampler.HTTPSamplerBase.sample(HTTPSamplerBase.java:1311) [ApacheJMeter_http.jar:5.6.3]
	at org.apache.jmeter.protocol.http.sampler.HTTPSamplerBase.sample(HTTPSamplerBase.java:1300) [ApacheJMeter_http.jar:5.6.3]
	at org.apache.jmeter.threads.JMeterThread.doSampling(JMeterThread.java:651) [ApacheJMeter_core.jar:5.6.3]
	at org.apache.jmeter.threads.JMeterThread.executeSamplePackage(JMeterThread.java:570) [ApacheJMeter_core.jar:5.6.3]
	at org.apache.jmeter.threads.JMeterThread.processSampler(JMeterThread.java:501) [ApacheJMeter_core.jar:5.6.3]
	at org.apache.jmeter.threads.JMeterThread.run(JMeterThread.java:268) [ApacheJMeter_core.jar:5.6.3]
	at java.base/java.lang.Thread.run(Thread.java:840) [?:?]
Caused by: javax.script.ScriptException: groovy.lang.MissingPropertyException: No such property: id for class: Script1
	at org.codehaus.groovy.jsr223.GroovyScriptEngineImpl.eval(GroovyScriptEngineImpl.java:320) ~[groovy-jsr223-3.0.20.jar:3.0.20]
	at org.codehaus.groovy.jsr223.GroovyScriptEngineImpl.eval(GroovyScriptEngineImpl.java:155) ~[groovy-jsr223-3.0.20.jar:3.0.20]
	... 15 more
Caused by: groovy.lang.MissingPropertyException: No such property: id for class: Script1
	at org.codehaus.groovy.runtime.ScriptBytecodeAdapter.unwrap(ScriptBytecodeAdapter.java:65) ~[groovy-3.0.20.jar:3.0.20]
	at org.codehaus.groovy.runtime.callsite.PogoGetPropertySite.getProperty(PogoGetPropertySite.java:51) ~[groovy-3.0.20.jar:3.0.20]
	at org.codehaus.groovy.runtime.callsite.AbstractCallSite.callGroovyObjectGetProperty(AbstractCallSite.java:341) ~[groovy-3.0.20.jar:3.0.20]
	at Script1.run(Script1.groovy:1) ~[?:?]
	at org.codehaus.groovy.jsr223.GroovyScriptEngineImpl.eval(GroovyScriptEngineImpl.java:317) ~[groovy-jsr223-3.0.20.jar:3.0.20]
	at org.codehaus.groovy.jsr223.GroovyScriptEngineImpl.eval(GroovyScriptEngineImpl.java:155) ~[groovy-jsr223-3.0.20.jar:3.0.20]
	... 15 more
2025-11-09 16:35:30,900 WARN o.a.j.f.Groovy: Error running groovy script
javax.script.ScriptException: javax.script.ScriptException: groovy.lang.MissingPropertyException: No such property: id for class: Script1
	at org.codehaus.groovy.jsr223.GroovyScriptEngineImpl.eval(GroovyScriptEngineImpl.java:158) ~[groovy-jsr223-3.0.20.jar:3.0.20]
	at java.scripting/javax.script.AbstractScriptEngine.eval(AbstractScriptEngine.java:231) ~[java.scripting:?]
	at org.apache.jmeter.functions.Groovy.execute(Groovy.java:123) [ApacheJMeter_functions.jar:5.6.3]
	at org.apache.jmeter.engine.util.CompoundVariable.execute(CompoundVariable.java:139) [ApacheJMeter_core.jar:5.6.3]
	at org.apache.jmeter.engine.util.CompoundVariable.execute(CompoundVariable.java:114) [ApacheJMeter_core.jar:5.6.3]
	at org.apache.jmeter.testelement.property.FunctionProperty.getStringValue(FunctionProperty.java:104) [ApacheJMeter_core.jar:5.6.3]
	at org.apache.jmeter.testelement.TestElement.get(TestElement.kt:276) [ApacheJMeter_core.jar:5.6.3]
	at org.apache.jmeter.protocol.http.sampler.HTTPSamplerBase.getPath(HTTPSamplerBase.java:519) [ApacheJMeter_http.jar:5.6.3]
	at org.apache.jmeter.protocol.http.sampler.HTTPSamplerBase.getUrl(HTTPSamplerBase.java:1094) [ApacheJMeter_http.jar:5.6.3]
	at org.apache.jmeter.protocol.http.sampler.HTTPSamplerBase.sample(HTTPSamplerBase.java:1311) [ApacheJMeter_http.jar:5.6.3]
	at org.apache.jmeter.protocol.http.sampler.HTTPSamplerBase.sample(HTTPSamplerBase.java:1300) [ApacheJMeter_http.jar:5.6.3]
	at org.apache.jmeter.threads.JMeterThread.doSampling(JMeterThread.java:651) [ApacheJMeter_core.jar:5.6.3]
	at org.apache.jmeter.threads.JMeterThread.executeSamplePackage(JMeterThread.java:570) [ApacheJMeter_core.jar:5.6.3]
	at org.apache.jmeter.threads.JMeterThread.processSampler(JMeterThread.java:501) [ApacheJMeter_core.jar:5.6.3]
	at org.apache.jmeter.threads.JMeterThread.run(JMeterThread.java:268) [ApacheJMeter_core.jar:5.6.3]
	at java.base/java.lang.Thread.run(Thread.java:840) [?:?]
Caused by: javax.script.ScriptException: groovy.lang.MissingPropertyException: No such property: id for class: Script1
	at org.codehaus.groovy.jsr223.GroovyScriptEngineImpl.eval(GroovyScriptEngineImpl.java:320) ~[groovy-jsr223-3.0.20.jar:3.0.20]
	at org.codehaus.groovy.jsr223.GroovyScriptEngineImpl.eval(GroovyScriptEngineImpl.java:155) ~[groovy-jsr223-3.0.20.jar:3.0.20]
	... 15 more
Caused by: groovy.lang.MissingPropertyException: No such property: id for class: Script1
	at org.codehaus.groovy.runtime.ScriptBytecodeAdapter.unwrap(ScriptBytecodeAdapter.java:65) ~[groovy-3.0.20.jar:3.0.20]
	at org.codehaus.groovy.runtime.callsite.PogoGetPropertySite.getProperty(PogoGetPropertySite.java:51) ~[groovy-3.0.20.jar:3.0.20]
	at org.codehaus.groovy.runtime.callsite.AbstractCallSite.callGroovyObjectGetProperty(AbstractCallSite.java:341) ~[groovy-3.0.20.jar:3.0.20]
	at Script1.run(Script1.groovy:1) ~[?:?]
	at org.codehaus.groovy.jsr223.GroovyScriptEngineImpl.eval(GroovyScriptEngineImpl.java:317) ~[groovy-jsr223-3.0.20.jar:3.0.20]
	at org.codehaus.groovy.jsr223.GroovyScriptEngineImpl.eval(GroovyScriptEngineImpl.java:155) ~[groovy-jsr223-3.0.20.jar:3.0.20]
	... 15 more
2025-11-09 16:35:30,906 INFO o.a.j.t.JMeterThread: Thread is done: Read-Heavy (GET /items/${id}) 1-3
2025-11-09 16:35:30,906 INFO o.a.j.t.JMeterThread: Thread finished: Read-Heavy (GET /items/${id}) 1-3
2025-11-09 16:35:31,854 INFO o.a.j.t.JMeterThread: Thread started: Read-Heavy (GET /items/${id}) 1-4
2025-11-09 16:35:31,856 INFO o.a.j.t.JMeterThread: Thread started: Browse Categories 2-4
2025-11-09 16:35:31,856 WARN o.a.j.f.Groovy: Error running groovy script
javax.script.ScriptException: javax.script.ScriptException: groovy.lang.MissingPropertyException: No such property: id for class: Script1
	at org.codehaus.groovy.jsr223.GroovyScriptEngineImpl.eval(GroovyScriptEngineImpl.java:158) ~[groovy-jsr223-3.0.20.jar:3.0.20]
	at java.scripting/javax.script.AbstractScriptEngine.eval(AbstractScriptEngine.java:231) ~[java.scripting:?]
	at org.apache.jmeter.functions.Groovy.execute(Groovy.java:123) [ApacheJMeter_functions.jar:5.6.3]
	at org.apache.jmeter.engine.util.CompoundVariable.execute(CompoundVariable.java:139) [ApacheJMeter_core.jar:5.6.3]
	at org.apache.jmeter.engine.util.CompoundVariable.execute(CompoundVariable.java:114) [ApacheJMeter_core.jar:5.6.3]
	at org.apache.jmeter.testelement.property.FunctionProperty.getStringValue(FunctionProperty.java:104) [ApacheJMeter_core.jar:5.6.3]
	at org.apache.jmeter.testelement.TestElement.get(TestElement.kt:276) [ApacheJMeter_core.jar:5.6.3]
	at org.apache.jmeter.protocol.http.sampler.HTTPSamplerBase.getPath(HTTPSamplerBase.java:519) [ApacheJMeter_http.jar:5.6.3]
	at org.apache.jmeter.protocol.http.sampler.HTTPSamplerBase.getUrl(HTTPSamplerBase.java:1094) [ApacheJMeter_http.jar:5.6.3]
	at org.apache.jmeter.protocol.http.sampler.HTTPSamplerBase.sample(HTTPSamplerBase.java:1311) [ApacheJMeter_http.jar:5.6.3]
	at org.apache.jmeter.protocol.http.sampler.HTTPSamplerBase.sample(HTTPSamplerBase.java:1300) [ApacheJMeter_http.jar:5.6.3]
	at org.apache.jmeter.threads.JMeterThread.doSampling(JMeterThread.java:651) [ApacheJMeter_core.jar:5.6.3]
	at org.apache.jmeter.threads.JMeterThread.executeSamplePackage(JMeterThread.java:570) [ApacheJMeter_core.jar:5.6.3]
	at org.apache.jmeter.threads.JMeterThread.processSampler(JMeterThread.java:501) [ApacheJMeter_core.jar:5.6.3]
	at org.apache.jmeter.threads.JMeterThread.run(JMeterThread.java:268) [ApacheJMeter_core.jar:5.6.3]
	at java.base/java.lang.Thread.run(Thread.java:840) [?:?]
Caused by: javax.script.ScriptException: groovy.lang.MissingPropertyException: No such property: id for class: Script1
	at org.codehaus.groovy.jsr223.GroovyScriptEngineImpl.eval(GroovyScriptEngineImpl.java:320) ~[groovy-jsr223-3.0.20.jar:3.0.20]
	at org.codehaus.groovy.jsr223.GroovyScriptEngineImpl.eval(GroovyScriptEngineImpl.java:155) ~[groovy-jsr223-3.0.20.jar:3.0.20]
	... 15 more
Caused by: groovy.lang.MissingPropertyException: No such property: id for class: Script1
	at org.codehaus.groovy.runtime.ScriptBytecodeAdapter.unwrap(ScriptBytecodeAdapter.java:65) ~[groovy-3.0.20.jar:3.0.20]
	at org.codehaus.groovy.runtime.callsite.PogoGetPropertySite.getProperty(PogoGetPropertySite.java:51) ~[groovy-3.0.20.jar:3.0.20]
	at org.codehaus.groovy.runtime.callsite.AbstractCallSite.callGroovyObjectGetProperty(AbstractCallSite.java:341) ~[groovy-3.0.20.jar:3.0.20]
	at Script1.run(Script1.groovy:1) ~[?:?]
	at org.codehaus.groovy.jsr223.GroovyScriptEngineImpl.eval(GroovyScriptEngineImpl.java:317) ~[groovy-jsr223-3.0.20.jar:3.0.20]
	at org.codehaus.groovy.jsr223.GroovyScriptEngineImpl.eval(GroovyScriptEngineImpl.java:155) ~[groovy-jsr223-3.0.20.jar:3.0.20]
	... 15 more
2025-11-09 16:35:31,860 INFO o.a.j.t.JMeterThread: Thread is done: Browse Categories 2-4
2025-11-09 16:35:31,861 INFO o.a.j.t.JMeterThread: Thread finished: Browse Categories 2-4
2025-11-09 16:35:31,865 WARN o.a.j.f.Groovy: Error running groovy script
javax.script.ScriptException: javax.script.ScriptException: groovy.lang.MissingPropertyException: No such property: id for class: Script1
	at org.codehaus.groovy.jsr223.GroovyScriptEngineImpl.eval(GroovyScriptEngineImpl.java:158) ~[groovy-jsr223-3.0.20.jar:3.0.20]
	at java.scripting/javax.script.AbstractScriptEngine.eval(AbstractScriptEngine.java:231) ~[java.scripting:?]
	at org.apache.jmeter.functions.Groovy.execute(Groovy.java:123) [ApacheJMeter_functions.jar:5.6.3]
	at org.apache.jmeter.engine.util.CompoundVariable.execute(CompoundVariable.java:139) [ApacheJMeter_core.jar:5.6.3]
	at org.apache.jmeter.engine.util.CompoundVariable.execute(CompoundVariable.java:114) [ApacheJMeter_core.jar:5.6.3]
	at org.apache.jmeter.testelement.property.FunctionProperty.getStringValue(FunctionProperty.java:104) [ApacheJMeter_core.jar:5.6.3]
	at org.apache.jmeter.testelement.TestElement.get(TestElement.kt:276) [ApacheJMeter_core.jar:5.6.3]
	at org.apache.jmeter.protocol.http.sampler.HTTPSamplerBase.getPath(HTTPSamplerBase.java:519) [ApacheJMeter_http.jar:5.6.3]
	at org.apache.jmeter.protocol.http.sampler.HTTPSamplerBase.getUrl(HTTPSamplerBase.java:1094) [ApacheJMeter_http.jar:5.6.3]
	at org.apache.jmeter.protocol.http.sampler.HTTPSamplerBase.sample(HTTPSamplerBase.java:1311) [ApacheJMeter_http.jar:5.6.3]
	at org.apache.jmeter.protocol.http.sampler.HTTPSamplerBase.sample(HTTPSamplerBase.java:1300) [ApacheJMeter_http.jar:5.6.3]
	at org.apache.jmeter.threads.JMeterThread.doSampling(JMeterThread.java:651) [ApacheJMeter_core.jar:5.6.3]
	at org.apache.jmeter.threads.JMeterThread.executeSamplePackage(JMeterThread.java:570) [ApacheJMeter_core.jar:5.6.3]
	at org.apache.jmeter.threads.JMeterThread.processSampler(JMeterThread.java:501) [ApacheJMeter_core.jar:5.6.3]
	at org.apache.jmeter.threads.JMeterThread.run(JMeterThread.java:268) [ApacheJMeter_core.jar:5.6.3]
	at java.base/java.lang.Thread.run(Thread.java:840) [?:?]
Caused by: javax.script.ScriptException: groovy.lang.MissingPropertyException: No such property: id for class: Script1
	at org.codehaus.groovy.jsr223.GroovyScriptEngineImpl.eval(GroovyScriptEngineImpl.java:320) ~[groovy-jsr223-3.0.20.jar:3.0.20]
	at org.codehaus.groovy.jsr223.GroovyScriptEngineImpl.eval(GroovyScriptEngineImpl.java:155) ~[groovy-jsr223-3.0.20.jar:3.0.20]
	... 15 more
Caused by: groovy.lang.MissingPropertyException: No such property: id for class: Script1
	at org.codehaus.groovy.runtime.ScriptBytecodeAdapter.unwrap(ScriptBytecodeAdapter.java:65) ~[groovy-3.0.20.jar:3.0.20]
	at org.codehaus.groovy.runtime.callsite.PogoGetPropertySite.getProperty(PogoGetPropertySite.java:51) ~[groovy-3.0.20.jar:3.0.20]
	at org.codehaus.groovy.runtime.callsite.AbstractCallSite.callGroovyObjectGetProperty(AbstractCallSite.java:341) ~[groovy-3.0.20.jar:3.0.20]
	at Script1.run(Script1.groovy:1) ~[?:?]
	at org.codehaus.groovy.jsr223.GroovyScriptEngineImpl.eval(GroovyScriptEngineImpl.java:317) ~[groovy-jsr223-3.0.20.jar:3.0.20]
	at org.codehaus.groovy.jsr223.GroovyScriptEngineImpl.eval(GroovyScriptEngineImpl.java:155) ~[groovy-jsr223-3.0.20.jar:3.0.20]
	... 15 more
2025-11-09 16:35:31,873 WARN o.a.j.f.Groovy: Error running groovy script
javax.script.ScriptException: javax.script.ScriptException: groovy.lang.MissingPropertyException: No such property: id for class: Script1
	at org.codehaus.groovy.jsr223.GroovyScriptEngineImpl.eval(GroovyScriptEngineImpl.java:158) ~[groovy-jsr223-3.0.20.jar:3.0.20]
	at java.scripting/javax.script.AbstractScriptEngine.eval(AbstractScriptEngine.java:231) ~[java.scripting:?]
	at org.apache.jmeter.functions.Groovy.execute(Groovy.java:123) [ApacheJMeter_functions.jar:5.6.3]
	at org.apache.jmeter.engine.util.CompoundVariable.execute(CompoundVariable.java:139) [ApacheJMeter_core.jar:5.6.3]
	at org.apache.jmeter.engine.util.CompoundVariable.execute(CompoundVariable.java:114) [ApacheJMeter_core.jar:5.6.3]
	at org.apache.jmeter.testelement.property.FunctionProperty.getStringValue(FunctionProperty.java:104) [ApacheJMeter_core.jar:5.6.3]
	at org.apache.jmeter.testelement.TestElement.get(TestElement.kt:276) [ApacheJMeter_core.jar:5.6.3]
	at org.apache.jmeter.protocol.http.sampler.HTTPSamplerBase.getPath(HTTPSamplerBase.java:519) [ApacheJMeter_http.jar:5.6.3]
	at org.apache.jmeter.protocol.http.sampler.HTTPSamplerBase.getUrl(HTTPSamplerBase.java:1094) [ApacheJMeter_http.jar:5.6.3]
	at org.apache.jmeter.protocol.http.sampler.HTTPSamplerBase.sample(HTTPSamplerBase.java:1311) [ApacheJMeter_http.jar:5.6.3]
	at org.apache.jmeter.protocol.http.sampler.HTTPSamplerBase.sample(HTTPSamplerBase.java:1300) [ApacheJMeter_http.jar:5.6.3]
	at org.apache.jmeter.threads.JMeterThread.doSampling(JMeterThread.java:651) [ApacheJMeter_core.jar:5.6.3]
	at org.apache.jmeter.threads.JMeterThread.executeSamplePackage(JMeterThread.java:570) [ApacheJMeter_core.jar:5.6.3]
	at org.apache.jmeter.threads.JMeterThread.processSampler(JMeterThread.java:501) [ApacheJMeter_core.jar:5.6.3]
	at org.apache.jmeter.threads.JMeterThread.run(JMeterThread.java:268) [ApacheJMeter_core.jar:5.6.3]
	at java.base/java.lang.Thread.run(Thread.java:840) [?:?]
Caused by: javax.script.ScriptException: groovy.lang.MissingPropertyException: No such property: id for class: Script1
	at org.codehaus.groovy.jsr223.GroovyScriptEngineImpl.eval(GroovyScriptEngineImpl.java:320) ~[groovy-jsr223-3.0.20.jar:3.0.20]
	at org.codehaus.groovy.jsr223.GroovyScriptEngineImpl.eval(GroovyScriptEngineImpl.java:155) ~[groovy-jsr223-3.0.20.jar:3.0.20]
	... 15 more
Caused by: groovy.lang.MissingPropertyException: No such property: id for class: Script1
	at org.codehaus.groovy.runtime.ScriptBytecodeAdapter.unwrap(ScriptBytecodeAdapter.java:65) ~[groovy-3.0.20.jar:3.0.20]
	at org.codehaus.groovy.runtime.callsite.PogoGetPropertySite.getProperty(PogoGetPropertySite.java:51) ~[groovy-3.0.20.jar:3.0.20]
	at org.codehaus.groovy.runtime.callsite.AbstractCallSite.callGroovyObjectGetProperty(AbstractCallSite.java:341) ~[groovy-3.0.20.jar:3.0.20]
	at Script1.run(Script1.groovy:1) ~[?:?]
	at org.codehaus.groovy.jsr223.GroovyScriptEngineImpl.eval(GroovyScriptEngineImpl.java:317) ~[groovy-jsr223-3.0.20.jar:3.0.20]
	at org.codehaus.groovy.jsr223.GroovyScriptEngineImpl.eval(GroovyScriptEngineImpl.java:155) ~[groovy-jsr223-3.0.20.jar:3.0.20]
	... 15 more
2025-11-09 16:35:31,882 WARN o.a.j.f.Groovy: Error running groovy script
javax.script.ScriptException: javax.script.ScriptException: groovy.lang.MissingPropertyException: No such property: id for class: Script1
	at org.codehaus.groovy.jsr223.GroovyScriptEngineImpl.eval(GroovyScriptEngineImpl.java:158) ~[groovy-jsr223-3.0.20.jar:3.0.20]
	at java.scripting/javax.script.AbstractScriptEngine.eval(AbstractScriptEngine.java:231) ~[java.scripting:?]
	at org.apache.jmeter.functions.Groovy.execute(Groovy.java:123) [ApacheJMeter_functions.jar:5.6.3]
	at org.apache.jmeter.engine.util.CompoundVariable.execute(CompoundVariable.java:139) [ApacheJMeter_core.jar:5.6.3]
	at org.apache.jmeter.engine.util.CompoundVariable.execute(CompoundVariable.java:114) [ApacheJMeter_core.jar:5.6.3]
	at org.apache.jmeter.testelement.property.FunctionProperty.getStringValue(FunctionProperty.java:104) [ApacheJMeter_core.jar:5.6.3]
	at org.apache.jmeter.testelement.TestElement.get(TestElement.kt:276) [ApacheJMeter_core.jar:5.6.3]
	at org.apache.jmeter.protocol.http.sampler.HTTPSamplerBase.getPath(HTTPSamplerBase.java:519) [ApacheJMeter_http.jar:5.6.3]
	at org.apache.jmeter.protocol.http.sampler.HTTPSamplerBase.getUrl(HTTPSamplerBase.java:1094) [ApacheJMeter_http.jar:5.6.3]
	at org.apache.jmeter.protocol.http.sampler.HTTPSamplerBase.sample(HTTPSamplerBase.java:1311) [ApacheJMeter_http.jar:5.6.3]
	at org.apache.jmeter.protocol.http.sampler.HTTPSamplerBase.sample(HTTPSamplerBase.java:1300) [ApacheJMeter_http.jar:5.6.3]
	at org.apache.jmeter.threads.JMeterThread.doSampling(JMeterThread.java:651) [ApacheJMeter_core.jar:5.6.3]
	at org.apache.jmeter.threads.JMeterThread.executeSamplePackage(JMeterThread.java:570) [ApacheJMeter_core.jar:5.6.3]
	at org.apache.jmeter.threads.JMeterThread.processSampler(JMeterThread.java:501) [ApacheJMeter_core.jar:5.6.3]
	at org.apache.jmeter.threads.JMeterThread.run(JMeterThread.java:268) [ApacheJMeter_core.jar:5.6.3]
	at java.base/java.lang.Thread.run(Thread.java:840) [?:?]
Caused by: javax.script.ScriptException: groovy.lang.MissingPropertyException: No such property: id for class: Script1
	at org.codehaus.groovy.jsr223.GroovyScriptEngineImpl.eval(GroovyScriptEngineImpl.java:320) ~[groovy-jsr223-3.0.20.jar:3.0.20]
	at org.codehaus.groovy.jsr223.GroovyScriptEngineImpl.eval(GroovyScriptEngineImpl.java:155) ~[groovy-jsr223-3.0.20.jar:3.0.20]
	... 15 more
Caused by: groovy.lang.MissingPropertyException: No such property: id for class: Script1
	at org.codehaus.groovy.runtime.ScriptBytecodeAdapter.unwrap(ScriptBytecodeAdapter.java:65) ~[groovy-3.0.20.jar:3.0.20]
	at org.codehaus.groovy.runtime.callsite.PogoGetPropertySite.getProperty(PogoGetPropertySite.java:51) ~[groovy-3.0.20.jar:3.0.20]
	at org.codehaus.groovy.runtime.callsite.AbstractCallSite.callGroovyObjectGetProperty(AbstractCallSite.java:341) ~[groovy-3.0.20.jar:3.0.20]
	at Script1.run(Script1.groovy:1) ~[?:?]
	at org.codehaus.groovy.jsr223.GroovyScriptEngineImpl.eval(GroovyScriptEngineImpl.java:317) ~[groovy-jsr223-3.0.20.jar:3.0.20]
	at org.codehaus.groovy.jsr223.GroovyScriptEngineImpl.eval(GroovyScriptEngineImpl.java:155) ~[groovy-jsr223-3.0.20.jar:3.0.20]
	... 15 more
2025-11-09 16:35:31,892 WARN o.a.j.f.Groovy: Error running groovy script
javax.script.ScriptException: javax.script.ScriptException: groovy.lang.MissingPropertyException: No such property: id for class: Script1
	at org.codehaus.groovy.jsr223.GroovyScriptEngineImpl.eval(GroovyScriptEngineImpl.java:158) ~[groovy-jsr223-3.0.20.jar:3.0.20]
	at java.scripting/javax.script.AbstractScriptEngine.eval(AbstractScriptEngine.java:231) ~[java.scripting:?]
	at org.apache.jmeter.functions.Groovy.execute(Groovy.java:123) [ApacheJMeter_functions.jar:5.6.3]
	at org.apache.jmeter.engine.util.CompoundVariable.execute(CompoundVariable.java:139) [ApacheJMeter_core.jar:5.6.3]
	at org.apache.jmeter.engine.util.CompoundVariable.execute(CompoundVariable.java:114) [ApacheJMeter_core.jar:5.6.3]
	at org.apache.jmeter.testelement.property.FunctionProperty.getStringValue(FunctionProperty.java:104) [ApacheJMeter_core.jar:5.6.3]
	at org.apache.jmeter.testelement.TestElement.get(TestElement.kt:276) [ApacheJMeter_core.jar:5.6.3]
	at org.apache.jmeter.protocol.http.sampler.HTTPSamplerBase.getPath(HTTPSamplerBase.java:519) [ApacheJMeter_http.jar:5.6.3]
	at org.apache.jmeter.protocol.http.sampler.HTTPSamplerBase.getUrl(HTTPSamplerBase.java:1094) [ApacheJMeter_http.jar:5.6.3]
	at org.apache.jmeter.protocol.http.sampler.HTTPSamplerBase.sample(HTTPSamplerBase.java:1311) [ApacheJMeter_http.jar:5.6.3]
	at org.apache.jmeter.protocol.http.sampler.HTTPSamplerBase.sample(HTTPSamplerBase.java:1300) [ApacheJMeter_http.jar:5.6.3]
	at org.apache.jmeter.threads.JMeterThread.doSampling(JMeterThread.java:651) [ApacheJMeter_core.jar:5.6.3]
	at org.apache.jmeter.threads.JMeterThread.executeSamplePackage(JMeterThread.java:570) [ApacheJMeter_core.jar:5.6.3]
	at org.apache.jmeter.threads.JMeterThread.processSampler(JMeterThread.java:501) [ApacheJMeter_core.jar:5.6.3]
	at org.apache.jmeter.threads.JMeterThread.run(JMeterThread.java:268) [ApacheJMeter_core.jar:5.6.3]
	at java.base/java.lang.Thread.run(Thread.java:840) [?:?]
Caused by: javax.script.ScriptException: groovy.lang.MissingPropertyException: No such property: id for class: Script1
	at org.codehaus.groovy.jsr223.GroovyScriptEngineImpl.eval(GroovyScriptEngineImpl.java:320) ~[groovy-jsr223-3.0.20.jar:3.0.20]
	at org.codehaus.groovy.jsr223.GroovyScriptEngineImpl.eval(GroovyScriptEngineImpl.java:155) ~[groovy-jsr223-3.0.20.jar:3.0.20]
	... 15 more
Caused by: groovy.lang.MissingPropertyException: No such property: id for class: Script1
	at org.codehaus.groovy.runtime.ScriptBytecodeAdapter.unwrap(ScriptBytecodeAdapter.java:65) ~[groovy-3.0.20.jar:3.0.20]
	at org.codehaus.groovy.runtime.callsite.PogoGetPropertySite.getProperty(PogoGetPropertySite.java:51) ~[groovy-3.0.20.jar:3.0.20]
	at org.codehaus.groovy.runtime.callsite.AbstractCallSite.callGroovyObjectGetProperty(AbstractCallSite.java:341) ~[groovy-3.0.20.jar:3.0.20]
	at Script1.run(Script1.groovy:1) ~[?:?]
	at org.codehaus.groovy.jsr223.GroovyScriptEngineImpl.eval(GroovyScriptEngineImpl.java:317) ~[groovy-jsr223-3.0.20.jar:3.0.20]
	at org.codehaus.groovy.jsr223.GroovyScriptEngineImpl.eval(GroovyScriptEngineImpl.java:155) ~[groovy-jsr223-3.0.20.jar:3.0.20]
	... 15 more
2025-11-09 16:35:31,899 WARN o.a.j.f.Groovy: Error running groovy script
javax.script.ScriptException: javax.script.ScriptException: groovy.lang.MissingPropertyException: No such property: id for class: Script1
	at org.codehaus.groovy.jsr223.GroovyScriptEngineImpl.eval(GroovyScriptEngineImpl.java:158) ~[groovy-jsr223-3.0.20.jar:3.0.20]
	at java.scripting/javax.script.AbstractScriptEngine.eval(AbstractScriptEngine.java:231) ~[java.scripting:?]
	at org.apache.jmeter.functions.Groovy.execute(Groovy.java:123) [ApacheJMeter_functions.jar:5.6.3]
	at org.apache.jmeter.engine.util.CompoundVariable.execute(CompoundVariable.java:139) [ApacheJMeter_core.jar:5.6.3]
	at org.apache.jmeter.engine.util.CompoundVariable.execute(CompoundVariable.java:114) [ApacheJMeter_core.jar:5.6.3]
	at org.apache.jmeter.testelement.property.FunctionProperty.getStringValue(FunctionProperty.java:104) [ApacheJMeter_core.jar:5.6.3]
	at org.apache.jmeter.testelement.TestElement.get(TestElement.kt:276) [ApacheJMeter_core.jar:5.6.3]
	at org.apache.jmeter.protocol.http.sampler.HTTPSamplerBase.getPath(HTTPSamplerBase.java:519) [ApacheJMeter_http.jar:5.6.3]
	at org.apache.jmeter.protocol.http.sampler.HTTPSamplerBase.getUrl(HTTPSamplerBase.java:1094) [ApacheJMeter_http.jar:5.6.3]
	at org.apache.jmeter.protocol.http.sampler.HTTPSamplerBase.sample(HTTPSamplerBase.java:1311) [ApacheJMeter_http.jar:5.6.3]
	at org.apache.jmeter.protocol.http.sampler.HTTPSamplerBase.sample(HTTPSamplerBase.java:1300) [ApacheJMeter_http.jar:5.6.3]
	at org.apache.jmeter.threads.JMeterThread.doSampling(JMeterThread.java:651) [ApacheJMeter_core.jar:5.6.3]
	at org.apache.jmeter.threads.JMeterThread.executeSamplePackage(JMeterThread.java:570) [ApacheJMeter_core.jar:5.6.3]
	at org.apache.jmeter.threads.JMeterThread.processSampler(JMeterThread.java:501) [ApacheJMeter_core.jar:5.6.3]
	at org.apache.jmeter.threads.JMeterThread.run(JMeterThread.java:268) [ApacheJMeter_core.jar:5.6.3]
	at java.base/java.lang.Thread.run(Thread.java:840) [?:?]
Caused by: javax.script.ScriptException: groovy.lang.MissingPropertyException: No such property: id for class: Script1
	at org.codehaus.groovy.jsr223.GroovyScriptEngineImpl.eval(GroovyScriptEngineImpl.java:320) ~[groovy-jsr223-3.0.20.jar:3.0.20]
	at org.codehaus.groovy.jsr223.GroovyScriptEngineImpl.eval(GroovyScriptEngineImpl.java:155) ~[groovy-jsr223-3.0.20.jar:3.0.20]
	... 15 more
Caused by: groovy.lang.MissingPropertyException: No such property: id for class: Script1
	at org.codehaus.groovy.runtime.ScriptBytecodeAdapter.unwrap(ScriptBytecodeAdapter.java:65) ~[groovy-3.0.20.jar:3.0.20]
	at org.codehaus.groovy.runtime.callsite.PogoGetPropertySite.getProperty(PogoGetPropertySite.java:51) ~[groovy-3.0.20.jar:3.0.20]
	at org.codehaus.groovy.runtime.callsite.AbstractCallSite.callGroovyObjectGetProperty(AbstractCallSite.java:341) ~[groovy-3.0.20.jar:3.0.20]
	at Script1.run(Script1.groovy:1) ~[?:?]
	at org.codehaus.groovy.jsr223.GroovyScriptEngineImpl.eval(GroovyScriptEngineImpl.java:317) ~[groovy-jsr223-3.0.20.jar:3.0.20]
	at org.codehaus.groovy.jsr223.GroovyScriptEngineImpl.eval(GroovyScriptEngineImpl.java:155) ~[groovy-jsr223-3.0.20.jar:3.0.20]
	... 15 more
2025-11-09 16:35:31,906 INFO o.a.j.t.JMeterThread: Thread is done: Read-Heavy (GET /items/${id}) 1-4
2025-11-09 16:35:31,907 INFO o.a.j.t.JMeterThread: Thread finished: Read-Heavy (GET /items/${id}) 1-4
2025-11-09 16:35:32,863 INFO o.a.j.t.JMeterThread: Thread started: Read-Heavy (GET /items/${id}) 1-5
2025-11-09 16:35:32,863 INFO o.a.j.t.JMeterThread: Thread started: Browse Categories 2-5
2025-11-09 16:35:32,864 WARN o.a.j.f.Groovy: Error running groovy script
javax.script.ScriptException: javax.script.ScriptException: groovy.lang.MissingPropertyException: No such property: id for class: Script1
	at org.codehaus.groovy.jsr223.GroovyScriptEngineImpl.eval(GroovyScriptEngineImpl.java:158) ~[groovy-jsr223-3.0.20.jar:3.0.20]
	at java.scripting/javax.script.AbstractScriptEngine.eval(AbstractScriptEngine.java:231) ~[java.scripting:?]
	at org.apache.jmeter.functions.Groovy.execute(Groovy.java:123) [ApacheJMeter_functions.jar:5.6.3]
	at org.apache.jmeter.engine.util.CompoundVariable.execute(CompoundVariable.java:139) [ApacheJMeter_core.jar:5.6.3]
	at org.apache.jmeter.engine.util.CompoundVariable.execute(CompoundVariable.java:114) [ApacheJMeter_core.jar:5.6.3]
	at org.apache.jmeter.testelement.property.FunctionProperty.getStringValue(FunctionProperty.java:104) [ApacheJMeter_core.jar:5.6.3]
	at org.apache.jmeter.testelement.TestElement.get(TestElement.kt:276) [ApacheJMeter_core.jar:5.6.3]
	at org.apache.jmeter.protocol.http.sampler.HTTPSamplerBase.getPath(HTTPSamplerBase.java:519) [ApacheJMeter_http.jar:5.6.3]
	at org.apache.jmeter.protocol.http.sampler.HTTPSamplerBase.getUrl(HTTPSamplerBase.java:1094) [ApacheJMeter_http.jar:5.6.3]
	at org.apache.jmeter.protocol.http.sampler.HTTPSamplerBase.sample(HTTPSamplerBase.java:1311) [ApacheJMeter_http.jar:5.6.3]
	at org.apache.jmeter.protocol.http.sampler.HTTPSamplerBase.sample(HTTPSamplerBase.java:1300) [ApacheJMeter_http.jar:5.6.3]
	at org.apache.jmeter.threads.JMeterThread.doSampling(JMeterThread.java:651) [ApacheJMeter_core.jar:5.6.3]
	at org.apache.jmeter.threads.JMeterThread.executeSamplePackage(JMeterThread.java:570) [ApacheJMeter_core.jar:5.6.3]
	at org.apache.jmeter.threads.JMeterThread.processSampler(JMeterThread.java:501) [ApacheJMeter_core.jar:5.6.3]
	at org.apache.jmeter.threads.JMeterThread.run(JMeterThread.java:268) [ApacheJMeter_core.jar:5.6.3]
	at java.base/java.lang.Thread.run(Thread.java:840) [?:?]
Caused by: javax.script.ScriptException: groovy.lang.MissingPropertyException: No such property: id for class: Script1
	at org.codehaus.groovy.jsr223.GroovyScriptEngineImpl.eval(GroovyScriptEngineImpl.java:320) ~[groovy-jsr223-3.0.20.jar:3.0.20]
	at org.codehaus.groovy.jsr223.GroovyScriptEngineImpl.eval(GroovyScriptEngineImpl.java:155) ~[groovy-jsr223-3.0.20.jar:3.0.20]
	... 15 more
Caused by: groovy.lang.MissingPropertyException: No such property: id for class: Script1
	at org.codehaus.groovy.runtime.ScriptBytecodeAdapter.unwrap(ScriptBytecodeAdapter.java:65) ~[groovy-3.0.20.jar:3.0.20]
	at org.codehaus.groovy.runtime.callsite.PogoGetPropertySite.getProperty(PogoGetPropertySite.java:51) ~[groovy-3.0.20.jar:3.0.20]
	at org.codehaus.groovy.runtime.callsite.AbstractCallSite.callGroovyObjectGetProperty(AbstractCallSite.java:341) ~[groovy-3.0.20.jar:3.0.20]
	at Script1.run(Script1.groovy:1) ~[?:?]
	at org.codehaus.groovy.jsr223.GroovyScriptEngineImpl.eval(GroovyScriptEngineImpl.java:317) ~[groovy-jsr223-3.0.20.jar:3.0.20]
	at org.codehaus.groovy.jsr223.GroovyScriptEngineImpl.eval(GroovyScriptEngineImpl.java:155) ~[groovy-jsr223-3.0.20.jar:3.0.20]
	... 15 more
2025-11-09 16:35:32,870 INFO o.a.j.t.JMeterThread: Thread is done: Browse Categories 2-5
2025-11-09 16:35:32,870 INFO o.a.j.t.JMeterThread: Thread finished: Browse Categories 2-5
2025-11-09 16:35:32,876 WARN o.a.j.f.Groovy: Error running groovy script
javax.script.ScriptException: javax.script.ScriptException: groovy.lang.MissingPropertyException: No such property: id for class: Script1
	at org.codehaus.groovy.jsr223.GroovyScriptEngineImpl.eval(GroovyScriptEngineImpl.java:158) ~[groovy-jsr223-3.0.20.jar:3.0.20]
	at java.scripting/javax.script.AbstractScriptEngine.eval(AbstractScriptEngine.java:231) ~[java.scripting:?]
	at org.apache.jmeter.functions.Groovy.execute(Groovy.java:123) [ApacheJMeter_functions.jar:5.6.3]
	at org.apache.jmeter.engine.util.CompoundVariable.execute(CompoundVariable.java:139) [ApacheJMeter_core.jar:5.6.3]
	at org.apache.jmeter.engine.util.CompoundVariable.execute(CompoundVariable.java:114) [ApacheJMeter_core.jar:5.6.3]
	at org.apache.jmeter.testelement.property.FunctionProperty.getStringValue(FunctionProperty.java:104) [ApacheJMeter_core.jar:5.6.3]
	at org.apache.jmeter.testelement.TestElement.get(TestElement.kt:276) [ApacheJMeter_core.jar:5.6.3]
	at org.apache.jmeter.protocol.http.sampler.HTTPSamplerBase.getPath(HTTPSamplerBase.java:519) [ApacheJMeter_http.jar:5.6.3]
	at org.apache.jmeter.protocol.http.sampler.HTTPSamplerBase.getUrl(HTTPSamplerBase.java:1094) [ApacheJMeter_http.jar:5.6.3]
	at org.apache.jmeter.protocol.http.sampler.HTTPSamplerBase.sample(HTTPSamplerBase.java:1311) [ApacheJMeter_http.jar:5.6.3]
	at org.apache.jmeter.protocol.http.sampler.HTTPSamplerBase.sample(HTTPSamplerBase.java:1300) [ApacheJMeter_http.jar:5.6.3]
	at org.apache.jmeter.threads.JMeterThread.doSampling(JMeterThread.java:651) [ApacheJMeter_core.jar:5.6.3]
	at org.apache.jmeter.threads.JMeterThread.executeSamplePackage(JMeterThread.java:570) [ApacheJMeter_core.jar:5.6.3]
	at org.apache.jmeter.threads.JMeterThread.processSampler(JMeterThread.java:501) [ApacheJMeter_core.jar:5.6.3]
	at org.apache.jmeter.threads.JMeterThread.run(JMeterThread.java:268) [ApacheJMeter_core.jar:5.6.3]
	at java.base/java.lang.Thread.run(Thread.java:840) [?:?]
Caused by: javax.script.ScriptException: groovy.lang.MissingPropertyException: No such property: id for class: Script1
	at org.codehaus.groovy.jsr223.GroovyScriptEngineImpl.eval(GroovyScriptEngineImpl.java:320) ~[groovy-jsr223-3.0.20.jar:3.0.20]
	at org.codehaus.groovy.jsr223.GroovyScriptEngineImpl.eval(GroovyScriptEngineImpl.java:155) ~[groovy-jsr223-3.0.20.jar:3.0.20]
	... 15 more
Caused by: groovy.lang.MissingPropertyException: No such property: id for class: Script1
	at org.codehaus.groovy.runtime.ScriptBytecodeAdapter.unwrap(ScriptBytecodeAdapter.java:65) ~[groovy-3.0.20.jar:3.0.20]
	at org.codehaus.groovy.runtime.callsite.PogoGetPropertySite.getProperty(PogoGetPropertySite.java:51) ~[groovy-3.0.20.jar:3.0.20]
	at org.codehaus.groovy.runtime.callsite.AbstractCallSite.callGroovyObjectGetProperty(AbstractCallSite.java:341) ~[groovy-3.0.20.jar:3.0.20]
	at Script1.run(Script1.groovy:1) ~[?:?]
	at org.codehaus.groovy.jsr223.GroovyScriptEngineImpl.eval(GroovyScriptEngineImpl.java:317) ~[groovy-jsr223-3.0.20.jar:3.0.20]
	at org.codehaus.groovy.jsr223.GroovyScriptEngineImpl.eval(GroovyScriptEngineImpl.java:155) ~[groovy-jsr223-3.0.20.jar:3.0.20]
	... 15 more
2025-11-09 16:35:32,892 WARN o.a.j.f.Groovy: Error running groovy script
javax.script.ScriptException: javax.script.ScriptException: groovy.lang.MissingPropertyException: No such property: id for class: Script1
	at org.codehaus.groovy.jsr223.GroovyScriptEngineImpl.eval(GroovyScriptEngineImpl.java:158) ~[groovy-jsr223-3.0.20.jar:3.0.20]
	at java.scripting/javax.script.AbstractScriptEngine.eval(AbstractScriptEngine.java:231) ~[java.scripting:?]
	at org.apache.jmeter.functions.Groovy.execute(Groovy.java:123) [ApacheJMeter_functions.jar:5.6.3]
	at org.apache.jmeter.engine.util.CompoundVariable.execute(CompoundVariable.java:139) [ApacheJMeter_core.jar:5.6.3]
	at org.apache.jmeter.engine.util.CompoundVariable.execute(CompoundVariable.java:114) [ApacheJMeter_core.jar:5.6.3]
	at org.apache.jmeter.testelement.property.FunctionProperty.getStringValue(FunctionProperty.java:104) [ApacheJMeter_core.jar:5.6.3]
	at org.apache.jmeter.testelement.TestElement.get(TestElement.kt:276) [ApacheJMeter_core.jar:5.6.3]
	at org.apache.jmeter.protocol.http.sampler.HTTPSamplerBase.getPath(HTTPSamplerBase.java:519) [ApacheJMeter_http.jar:5.6.3]
	at org.apache.jmeter.protocol.http.sampler.HTTPSamplerBase.getUrl(HTTPSamplerBase.java:1094) [ApacheJMeter_http.jar:5.6.3]
	at org.apache.jmeter.protocol.http.sampler.HTTPSamplerBase.sample(HTTPSamplerBase.java:1311) [ApacheJMeter_http.jar:5.6.3]
	at org.apache.jmeter.protocol.http.sampler.HTTPSamplerBase.sample(HTTPSamplerBase.java:1300) [ApacheJMeter_http.jar:5.6.3]
	at org.apache.jmeter.threads.JMeterThread.doSampling(JMeterThread.java:651) [ApacheJMeter_core.jar:5.6.3]
	at org.apache.jmeter.threads.JMeterThread.executeSamplePackage(JMeterThread.java:570) [ApacheJMeter_core.jar:5.6.3]
	at org.apache.jmeter.threads.JMeterThread.processSampler(JMeterThread.java:501) [ApacheJMeter_core.jar:5.6.3]
	at org.apache.jmeter.threads.JMeterThread.run(JMeterThread.java:268) [ApacheJMeter_core.jar:5.6.3]
	at java.base/java.lang.Thread.run(Thread.java:840) [?:?]
Caused by: javax.script.ScriptException: groovy.lang.MissingPropertyException: No such property: id for class: Script1
	at org.codehaus.groovy.jsr223.GroovyScriptEngineImpl.eval(GroovyScriptEngineImpl.java:320) ~[groovy-jsr223-3.0.20.jar:3.0.20]
	at org.codehaus.groovy.jsr223.GroovyScriptEngineImpl.eval(GroovyScriptEngineImpl.java:155) ~[groovy-jsr223-3.0.20.jar:3.0.20]
	... 15 more
Caused by: groovy.lang.MissingPropertyException: No such property: id for class: Script1
	at org.codehaus.groovy.runtime.ScriptBytecodeAdapter.unwrap(ScriptBytecodeAdapter.java:65) ~[groovy-3.0.20.jar:3.0.20]
	at org.codehaus.groovy.runtime.callsite.PogoGetPropertySite.getProperty(PogoGetPropertySite.java:51) ~[groovy-3.0.20.jar:3.0.20]
	at org.codehaus.groovy.runtime.callsite.AbstractCallSite.callGroovyObjectGetProperty(AbstractCallSite.java:341) ~[groovy-3.0.20.jar:3.0.20]
	at Script1.run(Script1.groovy:1) ~[?:?]
	at org.codehaus.groovy.jsr223.GroovyScriptEngineImpl.eval(GroovyScriptEngineImpl.java:317) ~[groovy-jsr223-3.0.20.jar:3.0.20]
	at org.codehaus.groovy.jsr223.GroovyScriptEngineImpl.eval(GroovyScriptEngineImpl.java:155) ~[groovy-jsr223-3.0.20.jar:3.0.20]
	... 15 more
2025-11-09 16:35:32,910 WARN o.a.j.f.Groovy: Error running groovy script
javax.script.ScriptException: javax.script.ScriptException: groovy.lang.MissingPropertyException: No such property: id for class: Script1
	at org.codehaus.groovy.jsr223.GroovyScriptEngineImpl.eval(GroovyScriptEngineImpl.java:158) ~[groovy-jsr223-3.0.20.jar:3.0.20]
	at java.scripting/javax.script.AbstractScriptEngine.eval(AbstractScriptEngine.java:231) ~[java.scripting:?]
	at org.apache.jmeter.functions.Groovy.execute(Groovy.java:123) [ApacheJMeter_functions.jar:5.6.3]
	at org.apache.jmeter.engine.util.CompoundVariable.execute(CompoundVariable.java:139) [ApacheJMeter_core.jar:5.6.3]
	at org.apache.jmeter.engine.util.CompoundVariable.execute(CompoundVariable.java:114) [ApacheJMeter_core.jar:5.6.3]
	at org.apache.jmeter.testelement.property.FunctionProperty.getStringValue(FunctionProperty.java:104) [ApacheJMeter_core.jar:5.6.3]
	at org.apache.jmeter.testelement.TestElement.get(TestElement.kt:276) [ApacheJMeter_core.jar:5.6.3]
	at org.apache.jmeter.protocol.http.sampler.HTTPSamplerBase.getPath(HTTPSamplerBase.java:519) [ApacheJMeter_http.jar:5.6.3]
	at org.apache.jmeter.protocol.http.sampler.HTTPSamplerBase.getUrl(HTTPSamplerBase.java:1094) [ApacheJMeter_http.jar:5.6.3]
	at org.apache.jmeter.protocol.http.sampler.HTTPSamplerBase.sample(HTTPSamplerBase.java:1311) [ApacheJMeter_http.jar:5.6.3]
	at org.apache.jmeter.protocol.http.sampler.HTTPSamplerBase.sample(HTTPSamplerBase.java:1300) [ApacheJMeter_http.jar:5.6.3]
	at org.apache.jmeter.threads.JMeterThread.doSampling(JMeterThread.java:651) [ApacheJMeter_core.jar:5.6.3]
	at org.apache.jmeter.threads.JMeterThread.executeSamplePackage(JMeterThread.java:570) [ApacheJMeter_core.jar:5.6.3]
	at org.apache.jmeter.threads.JMeterThread.processSampler(JMeterThread.java:501) [ApacheJMeter_core.jar:5.6.3]
	at org.apache.jmeter.threads.JMeterThread.run(JMeterThread.java:268) [ApacheJMeter_core.jar:5.6.3]
	at java.base/java.lang.Thread.run(Thread.java:840) [?:?]
Caused by: javax.script.ScriptException: groovy.lang.MissingPropertyException: No such property: id for class: Script1
	at org.codehaus.groovy.jsr223.GroovyScriptEngineImpl.eval(GroovyScriptEngineImpl.java:320) ~[groovy-jsr223-3.0.20.jar:3.0.20]
	at org.codehaus.groovy.jsr223.GroovyScriptEngineImpl.eval(GroovyScriptEngineImpl.java:155) ~[groovy-jsr223-3.0.20.jar:3.0.20]
	... 15 more
Caused by: groovy.lang.MissingPropertyException: No such property: id for class: Script1
	at org.codehaus.groovy.runtime.ScriptBytecodeAdapter.unwrap(ScriptBytecodeAdapter.java:65) ~[groovy-3.0.20.jar:3.0.20]
	at org.codehaus.groovy.runtime.callsite.PogoGetPropertySite.getProperty(PogoGetPropertySite.java:51) ~[groovy-3.0.20.jar:3.0.20]
	at org.codehaus.groovy.runtime.callsite.AbstractCallSite.callGroovyObjectGetProperty(AbstractCallSite.java:341) ~[groovy-3.0.20.jar:3.0.20]
	at Script1.run(Script1.groovy:1) ~[?:?]
	at org.codehaus.groovy.jsr223.GroovyScriptEngineImpl.eval(GroovyScriptEngineImpl.java:317) ~[groovy-jsr223-3.0.20.jar:3.0.20]
	at org.codehaus.groovy.jsr223.GroovyScriptEngineImpl.eval(GroovyScriptEngineImpl.java:155) ~[groovy-jsr223-3.0.20.jar:3.0.20]
	... 15 more
2025-11-09 16:35:32,926 WARN o.a.j.f.Groovy: Error running groovy script
javax.script.ScriptException: javax.script.ScriptException: groovy.lang.MissingPropertyException: No such property: id for class: Script1
	at org.codehaus.groovy.jsr223.GroovyScriptEngineImpl.eval(GroovyScriptEngineImpl.java:158) ~[groovy-jsr223-3.0.20.jar:3.0.20]
	at java.scripting/javax.script.AbstractScriptEngine.eval(AbstractScriptEngine.java:231) ~[java.scripting:?]
	at org.apache.jmeter.functions.Groovy.execute(Groovy.java:123) [ApacheJMeter_functions.jar:5.6.3]
	at org.apache.jmeter.engine.util.CompoundVariable.execute(CompoundVariable.java:139) [ApacheJMeter_core.jar:5.6.3]
	at org.apache.jmeter.engine.util.CompoundVariable.execute(CompoundVariable.java:114) [ApacheJMeter_core.jar:5.6.3]
	at org.apache.jmeter.testelement.property.FunctionProperty.getStringValue(FunctionProperty.java:104) [ApacheJMeter_core.jar:5.6.3]
	at org.apache.jmeter.testelement.TestElement.get(TestElement.kt:276) [ApacheJMeter_core.jar:5.6.3]
	at org.apache.jmeter.protocol.http.sampler.HTTPSamplerBase.getPath(HTTPSamplerBase.java:519) [ApacheJMeter_http.jar:5.6.3]
	at org.apache.jmeter.protocol.http.sampler.HTTPSamplerBase.getUrl(HTTPSamplerBase.java:1094) [ApacheJMeter_http.jar:5.6.3]
	at org.apache.jmeter.protocol.http.sampler.HTTPSamplerBase.sample(HTTPSamplerBase.java:1311) [ApacheJMeter_http.jar:5.6.3]
	at org.apache.jmeter.protocol.http.sampler.HTTPSamplerBase.sample(HTTPSamplerBase.java:1300) [ApacheJMeter_http.jar:5.6.3]
	at org.apache.jmeter.threads.JMeterThread.doSampling(JMeterThread.java:651) [ApacheJMeter_core.jar:5.6.3]
	at org.apache.jmeter.threads.JMeterThread.executeSamplePackage(JMeterThread.java:570) [ApacheJMeter_core.jar:5.6.3]
	at org.apache.jmeter.threads.JMeterThread.processSampler(JMeterThread.java:501) [ApacheJMeter_core.jar:5.6.3]
	at org.apache.jmeter.threads.JMeterThread.run(JMeterThread.java:268) [ApacheJMeter_core.jar:5.6.3]
	at java.base/java.lang.Thread.run(Thread.java:840) [?:?]
Caused by: javax.script.ScriptException: groovy.lang.MissingPropertyException: No such property: id for class: Script1
	at org.codehaus.groovy.jsr223.GroovyScriptEngineImpl.eval(GroovyScriptEngineImpl.java:320) ~[groovy-jsr223-3.0.20.jar:3.0.20]
	at org.codehaus.groovy.jsr223.GroovyScriptEngineImpl.eval(GroovyScriptEngineImpl.java:155) ~[groovy-jsr223-3.0.20.jar:3.0.20]
	... 15 more
Caused by: groovy.lang.MissingPropertyException: No such property: id for class: Script1
	at org.codehaus.groovy.runtime.ScriptBytecodeAdapter.unwrap(ScriptBytecodeAdapter.java:65) ~[groovy-3.0.20.jar:3.0.20]
	at org.codehaus.groovy.runtime.callsite.PogoGetPropertySite.getProperty(PogoGetPropertySite.java:51) ~[groovy-3.0.20.jar:3.0.20]
	at org.codehaus.groovy.runtime.callsite.AbstractCallSite.callGroovyObjectGetProperty(AbstractCallSite.java:341) ~[groovy-3.0.20.jar:3.0.20]
	at Script1.run(Script1.groovy:1) ~[?:?]
	at org.codehaus.groovy.jsr223.GroovyScriptEngineImpl.eval(GroovyScriptEngineImpl.java:317) ~[groovy-jsr223-3.0.20.jar:3.0.20]
	at org.codehaus.groovy.jsr223.GroovyScriptEngineImpl.eval(GroovyScriptEngineImpl.java:155) ~[groovy-jsr223-3.0.20.jar:3.0.20]
	... 15 more
2025-11-09 16:35:32,943 WARN o.a.j.f.Groovy: Error running groovy script
javax.script.ScriptException: javax.script.ScriptException: groovy.lang.MissingPropertyException: No such property: id for class: Script1
	at org.codehaus.groovy.jsr223.GroovyScriptEngineImpl.eval(GroovyScriptEngineImpl.java:158) ~[groovy-jsr223-3.0.20.jar:3.0.20]
	at java.scripting/javax.script.AbstractScriptEngine.eval(AbstractScriptEngine.java:231) ~[java.scripting:?]
	at org.apache.jmeter.functions.Groovy.execute(Groovy.java:123) [ApacheJMeter_functions.jar:5.6.3]
	at org.apache.jmeter.engine.util.CompoundVariable.execute(CompoundVariable.java:139) [ApacheJMeter_core.jar:5.6.3]
	at org.apache.jmeter.engine.util.CompoundVariable.execute(CompoundVariable.java:114) [ApacheJMeter_core.jar:5.6.3]
	at org.apache.jmeter.testelement.property.FunctionProperty.getStringValue(FunctionProperty.java:104) [ApacheJMeter_core.jar:5.6.3]
	at org.apache.jmeter.testelement.TestElement.get(TestElement.kt:276) [ApacheJMeter_core.jar:5.6.3]
	at org.apache.jmeter.protocol.http.sampler.HTTPSamplerBase.getPath(HTTPSamplerBase.java:519) [ApacheJMeter_http.jar:5.6.3]
	at org.apache.jmeter.protocol.http.sampler.HTTPSamplerBase.getUrl(HTTPSamplerBase.java:1094) [ApacheJMeter_http.jar:5.6.3]
	at org.apache.jmeter.protocol.http.sampler.HTTPSamplerBase.sample(HTTPSamplerBase.java:1311) [ApacheJMeter_http.jar:5.6.3]
	at org.apache.jmeter.protocol.http.sampler.HTTPSamplerBase.sample(HTTPSamplerBase.java:1300) [ApacheJMeter_http.jar:5.6.3]
	at org.apache.jmeter.threads.JMeterThread.doSampling(JMeterThread.java:651) [ApacheJMeter_core.jar:5.6.3]
	at org.apache.jmeter.threads.JMeterThread.executeSamplePackage(JMeterThread.java:570) [ApacheJMeter_core.jar:5.6.3]
	at org.apache.jmeter.threads.JMeterThread.processSampler(JMeterThread.java:501) [ApacheJMeter_core.jar:5.6.3]
	at org.apache.jmeter.threads.JMeterThread.run(JMeterThread.java:268) [ApacheJMeter_core.jar:5.6.3]
	at java.base/java.lang.Thread.run(Thread.java:840) [?:?]
Caused by: javax.script.ScriptException: groovy.lang.MissingPropertyException: No such property: id for class: Script1
	at org.codehaus.groovy.jsr223.GroovyScriptEngineImpl.eval(GroovyScriptEngineImpl.java:320) ~[groovy-jsr223-3.0.20.jar:3.0.20]
	at org.codehaus.groovy.jsr223.GroovyScriptEngineImpl.eval(GroovyScriptEngineImpl.java:155) ~[groovy-jsr223-3.0.20.jar:3.0.20]
	... 15 more
Caused by: groovy.lang.MissingPropertyException: No such property: id for class: Script1
	at org.codehaus.groovy.runtime.ScriptBytecodeAdapter.unwrap(ScriptBytecodeAdapter.java:65) ~[groovy-3.0.20.jar:3.0.20]
	at org.codehaus.groovy.runtime.callsite.PogoGetPropertySite.getProperty(PogoGetPropertySite.java:51) ~[groovy-3.0.20.jar:3.0.20]
	at org.codehaus.groovy.runtime.callsite.AbstractCallSite.callGroovyObjectGetProperty(AbstractCallSite.java:341) ~[groovy-3.0.20.jar:3.0.20]
	at Script1.run(Script1.groovy:1) ~[?:?]
	at org.codehaus.groovy.jsr223.GroovyScriptEngineImpl.eval(GroovyScriptEngineImpl.java:317) ~[groovy-jsr223-3.0.20.jar:3.0.20]
	at org.codehaus.groovy.jsr223.GroovyScriptEngineImpl.eval(GroovyScriptEngineImpl.java:155) ~[groovy-jsr223-3.0.20.jar:3.0.20]
	... 15 more
2025-11-09 16:35:32,951 INFO o.a.j.t.JMeterThread: Thread is done: Read-Heavy (GET /items/${id}) 1-5
2025-11-09 16:35:32,951 INFO o.a.j.t.JMeterThread: Thread finished: Read-Heavy (GET /items/${id}) 1-5
2025-11-09 16:35:33,803 ERROR o.a.j.v.b.i.HttpMetricsSender: Error writing metrics to influxDB Url: http://localhost:8086/api/v2/write, responseCode: 404, responseBody: {"code":"not found","message":"bucket not found"}
2025-11-09 16:35:33,863 INFO o.a.j.t.JMeterThread: Thread started: Read-Heavy (GET /items/${id}) 1-6
2025-11-09 16:35:33,865 WARN o.a.j.f.Groovy: Error running groovy script
javax.script.ScriptException: javax.script.ScriptException: groovy.lang.MissingPropertyException: No such property: id for class: Script1
	at org.codehaus.groovy.jsr223.GroovyScriptEngineImpl.eval(GroovyScriptEngineImpl.java:158) ~[groovy-jsr223-3.0.20.jar:3.0.20]
	at java.scripting/javax.script.AbstractScriptEngine.eval(AbstractScriptEngine.java:231) ~[java.scripting:?]
	at org.apache.jmeter.functions.Groovy.execute(Groovy.java:123) [ApacheJMeter_functions.jar:5.6.3]
	at org.apache.jmeter.engine.util.CompoundVariable.execute(CompoundVariable.java:139) [ApacheJMeter_core.jar:5.6.3]
	at org.apache.jmeter.engine.util.CompoundVariable.execute(CompoundVariable.java:114) [ApacheJMeter_core.jar:5.6.3]
	at org.apache.jmeter.testelement.property.FunctionProperty.getStringValue(FunctionProperty.java:104) [ApacheJMeter_core.jar:5.6.3]
	at org.apache.jmeter.testelement.TestElement.get(TestElement.kt:276) [ApacheJMeter_core.jar:5.6.3]
	at org.apache.jmeter.protocol.http.sampler.HTTPSamplerBase.getPath(HTTPSamplerBase.java:519) [ApacheJMeter_http.jar:5.6.3]
	at org.apache.jmeter.protocol.http.sampler.HTTPSamplerBase.getUrl(HTTPSamplerBase.java:1094) [ApacheJMeter_http.jar:5.6.3]
	at org.apache.jmeter.protocol.http.sampler.HTTPSamplerBase.sample(HTTPSamplerBase.java:1311) [ApacheJMeter_http.jar:5.6.3]
	at org.apache.jmeter.protocol.http.sampler.HTTPSamplerBase.sample(HTTPSamplerBase.java:1300) [ApacheJMeter_http.jar:5.6.3]
	at org.apache.jmeter.threads.JMeterThread.doSampling(JMeterThread.java:651) [ApacheJMeter_core.jar:5.6.3]
	at org.apache.jmeter.threads.JMeterThread.executeSamplePackage(JMeterThread.java:570) [ApacheJMeter_core.jar:5.6.3]
	at org.apache.jmeter.threads.JMeterThread.processSampler(JMeterThread.java:501) [ApacheJMeter_core.jar:5.6.3]
	at org.apache.jmeter.threads.JMeterThread.run(JMeterThread.java:268) [ApacheJMeter_core.jar:5.6.3]
	at java.base/java.lang.Thread.run(Thread.java:840) [?:?]
Caused by: javax.script.ScriptException: groovy.lang.MissingPropertyException: No such property: id for class: Script1
	at org.codehaus.groovy.jsr223.GroovyScriptEngineImpl.eval(GroovyScriptEngineImpl.java:320) ~[groovy-jsr223-3.0.20.jar:3.0.20]
	at org.codehaus.groovy.jsr223.GroovyScriptEngineImpl.eval(GroovyScriptEngineImpl.java:155) ~[groovy-jsr223-3.0.20.jar:3.0.20]
	... 15 more
Caused by: groovy.lang.MissingPropertyException: No such property: id for class: Script1
	at org.codehaus.groovy.runtime.ScriptBytecodeAdapter.unwrap(ScriptBytecodeAdapter.java:65) ~[groovy-3.0.20.jar:3.0.20]
	at org.codehaus.groovy.runtime.callsite.PogoGetPropertySite.getProperty(PogoGetPropertySite.java:51) ~[groovy-3.0.20.jar:3.0.20]
	at org.codehaus.groovy.runtime.callsite.AbstractCallSite.callGroovyObjectGetProperty(AbstractCallSite.java:341) ~[groovy-3.0.20.jar:3.0.20]
	at Script1.run(Script1.groovy:1) ~[?:?]
	at org.codehaus.groovy.jsr223.GroovyScriptEngineImpl.eval(GroovyScriptEngineImpl.java:317) ~[groovy-jsr223-3.0.20.jar:3.0.20]
	at org.codehaus.groovy.jsr223.GroovyScriptEngineImpl.eval(GroovyScriptEngineImpl.java:155) ~[groovy-jsr223-3.0.20.jar:3.0.20]
	... 15 more
2025-11-09 16:35:33,864 INFO o.a.j.t.JMeterThread: Thread started: Browse Categories 2-6
2025-11-09 16:35:33,876 WARN o.a.j.f.Groovy: Error running groovy script
javax.script.ScriptException: javax.script.ScriptException: groovy.lang.MissingPropertyException: No such property: id for class: Script1
	at org.codehaus.groovy.jsr223.GroovyScriptEngineImpl.eval(GroovyScriptEngineImpl.java:158) ~[groovy-jsr223-3.0.20.jar:3.0.20]
	at java.scripting/javax.script.AbstractScriptEngine.eval(AbstractScriptEngine.java:231) ~[java.scripting:?]
	at org.apache.jmeter.functions.Groovy.execute(Groovy.java:123) [ApacheJMeter_functions.jar:5.6.3]
	at org.apache.jmeter.engine.util.CompoundVariable.execute(CompoundVariable.java:139) [ApacheJMeter_core.jar:5.6.3]
	at org.apache.jmeter.engine.util.CompoundVariable.execute(CompoundVariable.java:114) [ApacheJMeter_core.jar:5.6.3]
	at org.apache.jmeter.testelement.property.FunctionProperty.getStringValue(FunctionProperty.java:104) [ApacheJMeter_core.jar:5.6.3]
	at org.apache.jmeter.testelement.TestElement.get(TestElement.kt:276) [ApacheJMeter_core.jar:5.6.3]
	at org.apache.jmeter.protocol.http.sampler.HTTPSamplerBase.getPath(HTTPSamplerBase.java:519) [ApacheJMeter_http.jar:5.6.3]
	at org.apache.jmeter.protocol.http.sampler.HTTPSamplerBase.getUrl(HTTPSamplerBase.java:1094) [ApacheJMeter_http.jar:5.6.3]
	at org.apache.jmeter.protocol.http.sampler.HTTPSamplerBase.sample(HTTPSamplerBase.java:1311) [ApacheJMeter_http.jar:5.6.3]
	at org.apache.jmeter.protocol.http.sampler.HTTPSamplerBase.sample(HTTPSamplerBase.java:1300) [ApacheJMeter_http.jar:5.6.3]
	at org.apache.jmeter.threads.JMeterThread.doSampling(JMeterThread.java:651) [ApacheJMeter_core.jar:5.6.3]
	at org.apache.jmeter.threads.JMeterThread.executeSamplePackage(JMeterThread.java:570) [ApacheJMeter_core.jar:5.6.3]
	at org.apache.jmeter.threads.JMeterThread.processSampler(JMeterThread.java:501) [ApacheJMeter_core.jar:5.6.3]
	at org.apache.jmeter.threads.JMeterThread.run(JMeterThread.java:268) [ApacheJMeter_core.jar:5.6.3]
	at java.base/java.lang.Thread.run(Thread.java:840) [?:?]
Caused by: javax.script.ScriptException: groovy.lang.MissingPropertyException: No such property: id for class: Script1
	at org.codehaus.groovy.jsr223.GroovyScriptEngineImpl.eval(GroovyScriptEngineImpl.java:320) ~[groovy-jsr223-3.0.20.jar:3.0.20]
	at org.codehaus.groovy.jsr223.GroovyScriptEngineImpl.eval(GroovyScriptEngineImpl.java:155) ~[groovy-jsr223-3.0.20.jar:3.0.20]
	... 15 more
Caused by: groovy.lang.MissingPropertyException: No such property: id for class: Script1
	at org.codehaus.groovy.runtime.ScriptBytecodeAdapter.unwrap(ScriptBytecodeAdapter.java:65) ~[groovy-3.0.20.jar:3.0.20]
	at org.codehaus.groovy.runtime.callsite.PogoGetPropertySite.getProperty(PogoGetPropertySite.java:51) ~[groovy-3.0.20.jar:3.0.20]
	at org.codehaus.groovy.runtime.callsite.AbstractCallSite.callGroovyObjectGetProperty(AbstractCallSite.java:341) ~[groovy-3.0.20.jar:3.0.20]
	at Script1.run(Script1.groovy:1) ~[?:?]
	at org.codehaus.groovy.jsr223.GroovyScriptEngineImpl.eval(GroovyScriptEngineImpl.java:317) ~[groovy-jsr223-3.0.20.jar:3.0.20]
	at org.codehaus.groovy.jsr223.GroovyScriptEngineImpl.eval(GroovyScriptEngineImpl.java:155) ~[groovy-jsr223-3.0.20.jar:3.0.20]
	... 15 more
2025-11-09 16:35:33,878 INFO o.a.j.t.JMeterThread: Thread is done: Browse Categories 2-6
2025-11-09 16:35:33,879 INFO o.a.j.t.JMeterThread: Thread finished: Browse Categories 2-6
2025-11-09 16:35:33,883 WARN o.a.j.f.Groovy: Error running groovy script
javax.script.ScriptException: javax.script.ScriptException: groovy.lang.MissingPropertyException: No such property: id for class: Script1
	at org.codehaus.groovy.jsr223.GroovyScriptEngineImpl.eval(GroovyScriptEngineImpl.java:158) ~[groovy-jsr223-3.0.20.jar:3.0.20]
	at java.scripting/javax.script.AbstractScriptEngine.eval(AbstractScriptEngine.java:231) ~[java.scripting:?]
	at org.apache.jmeter.functions.Groovy.execute(Groovy.java:123) [ApacheJMeter_functions.jar:5.6.3]
	at org.apache.jmeter.engine.util.CompoundVariable.execute(CompoundVariable.java:139) [ApacheJMeter_core.jar:5.6.3]
	at org.apache.jmeter.engine.util.CompoundVariable.execute(CompoundVariable.java:114) [ApacheJMeter_core.jar:5.6.3]
	at org.apache.jmeter.testelement.property.FunctionProperty.getStringValue(FunctionProperty.java:104) [ApacheJMeter_core.jar:5.6.3]
	at org.apache.jmeter.testelement.TestElement.get(TestElement.kt:276) [ApacheJMeter_core.jar:5.6.3]
	at org.apache.jmeter.protocol.http.sampler.HTTPSamplerBase.getPath(HTTPSamplerBase.java:519) [ApacheJMeter_http.jar:5.6.3]
	at org.apache.jmeter.protocol.http.sampler.HTTPSamplerBase.getUrl(HTTPSamplerBase.java:1094) [ApacheJMeter_http.jar:5.6.3]
	at org.apache.jmeter.protocol.http.sampler.HTTPSamplerBase.sample(HTTPSamplerBase.java:1311) [ApacheJMeter_http.jar:5.6.3]
	at org.apache.jmeter.protocol.http.sampler.HTTPSamplerBase.sample(HTTPSamplerBase.java:1300) [ApacheJMeter_http.jar:5.6.3]
	at org.apache.jmeter.threads.JMeterThread.doSampling(JMeterThread.java:651) [ApacheJMeter_core.jar:5.6.3]
	at org.apache.jmeter.threads.JMeterThread.executeSamplePackage(JMeterThread.java:570) [ApacheJMeter_core.jar:5.6.3]
	at org.apache.jmeter.threads.JMeterThread.processSampler(JMeterThread.java:501) [ApacheJMeter_core.jar:5.6.3]
	at org.apache.jmeter.threads.JMeterThread.run(JMeterThread.java:268) [ApacheJMeter_core.jar:5.6.3]
	at java.base/java.lang.Thread.run(Thread.java:840) [?:?]
Caused by: javax.script.ScriptException: groovy.lang.MissingPropertyException: No such property: id for class: Script1
	at org.codehaus.groovy.jsr223.GroovyScriptEngineImpl.eval(GroovyScriptEngineImpl.java:320) ~[groovy-jsr223-3.0.20.jar:3.0.20]
	at org.codehaus.groovy.jsr223.GroovyScriptEngineImpl.eval(GroovyScriptEngineImpl.java:155) ~[groovy-jsr223-3.0.20.jar:3.0.20]
	... 15 more
Caused by: groovy.lang.MissingPropertyException: No such property: id for class: Script1
	at org.codehaus.groovy.runtime.ScriptBytecodeAdapter.unwrap(ScriptBytecodeAdapter.java:65) ~[groovy-3.0.20.jar:3.0.20]
	at org.codehaus.groovy.runtime.callsite.PogoGetPropertySite.getProperty(PogoGetPropertySite.java:51) ~[groovy-3.0.20.jar:3.0.20]
	at org.codehaus.groovy.runtime.callsite.AbstractCallSite.callGroovyObjectGetProperty(AbstractCallSite.java:341) ~[groovy-3.0.20.jar:3.0.20]
	at Script1.run(Script1.groovy:1) ~[?:?]
	at org.codehaus.groovy.jsr223.GroovyScriptEngineImpl.eval(GroovyScriptEngineImpl.java:317) ~[groovy-jsr223-3.0.20.jar:3.0.20]
	at org.codehaus.groovy.jsr223.GroovyScriptEngineImpl.eval(GroovyScriptEngineImpl.java:155) ~[groovy-jsr223-3.0.20.jar:3.0.20]
	... 15 more
2025-11-09 16:35:33,894 WARN o.a.j.f.Groovy: Error running groovy script
javax.script.ScriptException: javax.script.ScriptException: groovy.lang.MissingPropertyException: No such property: id for class: Script1
	at org.codehaus.groovy.jsr223.GroovyScriptEngineImpl.eval(GroovyScriptEngineImpl.java:158) ~[groovy-jsr223-3.0.20.jar:3.0.20]
	at java.scripting/javax.script.AbstractScriptEngine.eval(AbstractScriptEngine.java:231) ~[java.scripting:?]
	at org.apache.jmeter.functions.Groovy.execute(Groovy.java:123) [ApacheJMeter_functions.jar:5.6.3]
	at org.apache.jmeter.engine.util.CompoundVariable.execute(CompoundVariable.java:139) [ApacheJMeter_core.jar:5.6.3]
	at org.apache.jmeter.engine.util.CompoundVariable.execute(CompoundVariable.java:114) [ApacheJMeter_core.jar:5.6.3]
	at org.apache.jmeter.testelement.property.FunctionProperty.getStringValue(FunctionProperty.java:104) [ApacheJMeter_core.jar:5.6.3]
	at org.apache.jmeter.testelement.TestElement.get(TestElement.kt:276) [ApacheJMeter_core.jar:5.6.3]
	at org.apache.jmeter.protocol.http.sampler.HTTPSamplerBase.getPath(HTTPSamplerBase.java:519) [ApacheJMeter_http.jar:5.6.3]
	at org.apache.jmeter.protocol.http.sampler.HTTPSamplerBase.getUrl(HTTPSamplerBase.java:1094) [ApacheJMeter_http.jar:5.6.3]
	at org.apache.jmeter.protocol.http.sampler.HTTPSamplerBase.sample(HTTPSamplerBase.java:1311) [ApacheJMeter_http.jar:5.6.3]
	at org.apache.jmeter.protocol.http.sampler.HTTPSamplerBase.sample(HTTPSamplerBase.java:1300) [ApacheJMeter_http.jar:5.6.3]
	at org.apache.jmeter.threads.JMeterThread.doSampling(JMeterThread.java:651) [ApacheJMeter_core.jar:5.6.3]
	at org.apache.jmeter.threads.JMeterThread.executeSamplePackage(JMeterThread.java:570) [ApacheJMeter_core.jar:5.6.3]
	at org.apache.jmeter.threads.JMeterThread.processSampler(JMeterThread.java:501) [ApacheJMeter_core.jar:5.6.3]
	at org.apache.jmeter.threads.JMeterThread.run(JMeterThread.java:268) [ApacheJMeter_core.jar:5.6.3]
	at java.base/java.lang.Thread.run(Thread.java:840) [?:?]
Caused by: javax.script.ScriptException: groovy.lang.MissingPropertyException: No such property: id for class: Script1
	at org.codehaus.groovy.jsr223.GroovyScriptEngineImpl.eval(GroovyScriptEngineImpl.java:320) ~[groovy-jsr223-3.0.20.jar:3.0.20]
	at org.codehaus.groovy.jsr223.GroovyScriptEngineImpl.eval(GroovyScriptEngineImpl.java:155) ~[groovy-jsr223-3.0.20.jar:3.0.20]
	... 15 more
Caused by: groovy.lang.MissingPropertyException: No such property: id for class: Script1
	at org.codehaus.groovy.runtime.ScriptBytecodeAdapter.unwrap(ScriptBytecodeAdapter.java:65) ~[groovy-3.0.20.jar:3.0.20]
	at org.codehaus.groovy.runtime.callsite.PogoGetPropertySite.getProperty(PogoGetPropertySite.java:51) ~[groovy-3.0.20.jar:3.0.20]
	at org.codehaus.groovy.runtime.callsite.AbstractCallSite.callGroovyObjectGetProperty(AbstractCallSite.java:341) ~[groovy-3.0.20.jar:3.0.20]
	at Script1.run(Script1.groovy:1) ~[?:?]
	at org.codehaus.groovy.jsr223.GroovyScriptEngineImpl.eval(GroovyScriptEngineImpl.java:317) ~[groovy-jsr223-3.0.20.jar:3.0.20]
	at org.codehaus.groovy.jsr223.GroovyScriptEngineImpl.eval(GroovyScriptEngineImpl.java:155) ~[groovy-jsr223-3.0.20.jar:3.0.20]
	... 15 more
2025-11-09 16:35:33,907 WARN o.a.j.f.Groovy: Error running groovy script
javax.script.ScriptException: javax.script.ScriptException: groovy.lang.MissingPropertyException: No such property: id for class: Script1
	at org.codehaus.groovy.jsr223.GroovyScriptEngineImpl.eval(GroovyScriptEngineImpl.java:158) ~[groovy-jsr223-3.0.20.jar:3.0.20]
	at java.scripting/javax.script.AbstractScriptEngine.eval(AbstractScriptEngine.java:231) ~[java.scripting:?]
	at org.apache.jmeter.functions.Groovy.execute(Groovy.java:123) [ApacheJMeter_functions.jar:5.6.3]
	at org.apache.jmeter.engine.util.CompoundVariable.execute(CompoundVariable.java:139) [ApacheJMeter_core.jar:5.6.3]
	at org.apache.jmeter.engine.util.CompoundVariable.execute(CompoundVariable.java:114) [ApacheJMeter_core.jar:5.6.3]
	at org.apache.jmeter.testelement.property.FunctionProperty.getStringValue(FunctionProperty.java:104) [ApacheJMeter_core.jar:5.6.3]
	at org.apache.jmeter.testelement.TestElement.get(TestElement.kt:276) [ApacheJMeter_core.jar:5.6.3]
	at org.apache.jmeter.protocol.http.sampler.HTTPSamplerBase.getPath(HTTPSamplerBase.java:519) [ApacheJMeter_http.jar:5.6.3]
	at org.apache.jmeter.protocol.http.sampler.HTTPSamplerBase.getUrl(HTTPSamplerBase.java:1094) [ApacheJMeter_http.jar:5.6.3]
	at org.apache.jmeter.protocol.http.sampler.HTTPSamplerBase.sample(HTTPSamplerBase.java:1311) [ApacheJMeter_http.jar:5.6.3]
	at org.apache.jmeter.protocol.http.sampler.HTTPSamplerBase.sample(HTTPSamplerBase.java:1300) [ApacheJMeter_http.jar:5.6.3]
	at org.apache.jmeter.threads.JMeterThread.doSampling(JMeterThread.java:651) [ApacheJMeter_core.jar:5.6.3]
	at org.apache.jmeter.threads.JMeterThread.executeSamplePackage(JMeterThread.java:570) [ApacheJMeter_core.jar:5.6.3]
	at org.apache.jmeter.threads.JMeterThread.processSampler(JMeterThread.java:501) [ApacheJMeter_core.jar:5.6.3]
	at org.apache.jmeter.threads.JMeterThread.run(JMeterThread.java:268) [ApacheJMeter_core.jar:5.6.3]
	at java.base/java.lang.Thread.run(Thread.java:840) [?:?]
Caused by: javax.script.ScriptException: groovy.lang.MissingPropertyException: No such property: id for class: Script1
	at org.codehaus.groovy.jsr223.GroovyScriptEngineImpl.eval(GroovyScriptEngineImpl.java:320) ~[groovy-jsr223-3.0.20.jar:3.0.20]
	at org.codehaus.groovy.jsr223.GroovyScriptEngineImpl.eval(GroovyScriptEngineImpl.java:155) ~[groovy-jsr223-3.0.20.jar:3.0.20]
	... 15 more
Caused by: groovy.lang.MissingPropertyException: No such property: id for class: Script1
	at org.codehaus.groovy.runtime.ScriptBytecodeAdapter.unwrap(ScriptBytecodeAdapter.java:65) ~[groovy-3.0.20.jar:3.0.20]
	at org.codehaus.groovy.runtime.callsite.PogoGetPropertySite.getProperty(PogoGetPropertySite.java:51) ~[groovy-3.0.20.jar:3.0.20]
	at org.codehaus.groovy.runtime.callsite.AbstractCallSite.callGroovyObjectGetProperty(AbstractCallSite.java:341) ~[groovy-3.0.20.jar:3.0.20]
	at Script1.run(Script1.groovy:1) ~[?:?]
	at org.codehaus.groovy.jsr223.GroovyScriptEngineImpl.eval(GroovyScriptEngineImpl.java:317) ~[groovy-jsr223-3.0.20.jar:3.0.20]
	at org.codehaus.groovy.jsr223.GroovyScriptEngineImpl.eval(GroovyScriptEngineImpl.java:155) ~[groovy-jsr223-3.0.20.jar:3.0.20]
	... 15 more
2025-11-09 16:35:33,914 WARN o.a.j.f.Groovy: Error running groovy script
javax.script.ScriptException: javax.script.ScriptException: groovy.lang.MissingPropertyException: No such property: id for class: Script1
	at org.codehaus.groovy.jsr223.GroovyScriptEngineImpl.eval(GroovyScriptEngineImpl.java:158) ~[groovy-jsr223-3.0.20.jar:3.0.20]
	at java.scripting/javax.script.AbstractScriptEngine.eval(AbstractScriptEngine.java:231) ~[java.scripting:?]
	at org.apache.jmeter.functions.Groovy.execute(Groovy.java:123) [ApacheJMeter_functions.jar:5.6.3]
	at org.apache.jmeter.engine.util.CompoundVariable.execute(CompoundVariable.java:139) [ApacheJMeter_core.jar:5.6.3]
	at org.apache.jmeter.engine.util.CompoundVariable.execute(CompoundVariable.java:114) [ApacheJMeter_core.jar:5.6.3]
	at org.apache.jmeter.testelement.property.FunctionProperty.getStringValue(FunctionProperty.java:104) [ApacheJMeter_core.jar:5.6.3]
	at org.apache.jmeter.testelement.TestElement.get(TestElement.kt:276) [ApacheJMeter_core.jar:5.6.3]
	at org.apache.jmeter.protocol.http.sampler.HTTPSamplerBase.getPath(HTTPSamplerBase.java:519) [ApacheJMeter_http.jar:5.6.3]
	at org.apache.jmeter.protocol.http.sampler.HTTPSamplerBase.getUrl(HTTPSamplerBase.java:1094) [ApacheJMeter_http.jar:5.6.3]
	at org.apache.jmeter.protocol.http.sampler.HTTPSamplerBase.sample(HTTPSamplerBase.java:1311) [ApacheJMeter_http.jar:5.6.3]
	at org.apache.jmeter.protocol.http.sampler.HTTPSamplerBase.sample(HTTPSamplerBase.java:1300) [ApacheJMeter_http.jar:5.6.3]
	at org.apache.jmeter.threads.JMeterThread.doSampling(JMeterThread.java:651) [ApacheJMeter_core.jar:5.6.3]
	at org.apache.jmeter.threads.JMeterThread.executeSamplePackage(JMeterThread.java:570) [ApacheJMeter_core.jar:5.6.3]
	at org.apache.jmeter.threads.JMeterThread.processSampler(JMeterThread.java:501) [ApacheJMeter_core.jar:5.6.3]
	at org.apache.jmeter.threads.JMeterThread.run(JMeterThread.java:268) [ApacheJMeter_core.jar:5.6.3]
	at java.base/java.lang.Thread.run(Thread.java:840) [?:?]
Caused by: javax.script.ScriptException: groovy.lang.MissingPropertyException: No such property: id for class: Script1
	at org.codehaus.groovy.jsr223.GroovyScriptEngineImpl.eval(GroovyScriptEngineImpl.java:320) ~[groovy-jsr223-3.0.20.jar:3.0.20]
	at org.codehaus.groovy.jsr223.GroovyScriptEngineImpl.eval(GroovyScriptEngineImpl.java:155) ~[groovy-jsr223-3.0.20.jar:3.0.20]
	... 15 more
Caused by: groovy.lang.MissingPropertyException: No such property: id for class: Script1
	at org.codehaus.groovy.runtime.ScriptBytecodeAdapter.unwrap(ScriptBytecodeAdapter.java:65) ~[groovy-3.0.20.jar:3.0.20]
	at org.codehaus.groovy.runtime.callsite.PogoGetPropertySite.getProperty(PogoGetPropertySite.java:51) ~[groovy-3.0.20.jar:3.0.20]
	at org.codehaus.groovy.runtime.callsite.AbstractCallSite.callGroovyObjectGetProperty(AbstractCallSite.java:341) ~[groovy-3.0.20.jar:3.0.20]
	at Script1.run(Script1.groovy:1) ~[?:?]
	at org.codehaus.groovy.jsr223.GroovyScriptEngineImpl.eval(GroovyScriptEngineImpl.java:317) ~[groovy-jsr223-3.0.20.jar:3.0.20]
	at org.codehaus.groovy.jsr223.GroovyScriptEngineImpl.eval(GroovyScriptEngineImpl.java:155) ~[groovy-jsr223-3.0.20.jar:3.0.20]
	... 15 more
2025-11-09 16:35:33,920 INFO o.a.j.t.JMeterThread: Thread is done: Read-Heavy (GET /items/${id}) 1-6
2025-11-09 16:35:33,920 INFO o.a.j.t.JMeterThread: Thread finished: Read-Heavy (GET /items/${id}) 1-6
2025-11-09 16:35:34,865 INFO o.a.j.t.JMeterThread: Thread started: Browse Categories 2-7
2025-11-09 16:35:34,867 INFO o.a.j.t.JMeterThread: Thread started: Read-Heavy (GET /items/${id}) 1-7
2025-11-09 16:35:34,869 WARN o.a.j.f.Groovy: Error running groovy script
javax.script.ScriptException: javax.script.ScriptException: groovy.lang.MissingPropertyException: No such property: id for class: Script1
	at org.codehaus.groovy.jsr223.GroovyScriptEngineImpl.eval(GroovyScriptEngineImpl.java:158) ~[groovy-jsr223-3.0.20.jar:3.0.20]
	at java.scripting/javax.script.AbstractScriptEngine.eval(AbstractScriptEngine.java:231) ~[java.scripting:?]
	at org.apache.jmeter.functions.Groovy.execute(Groovy.java:123) [ApacheJMeter_functions.jar:5.6.3]
	at org.apache.jmeter.engine.util.CompoundVariable.execute(CompoundVariable.java:139) [ApacheJMeter_core.jar:5.6.3]
	at org.apache.jmeter.engine.util.CompoundVariable.execute(CompoundVariable.java:114) [ApacheJMeter_core.jar:5.6.3]
	at org.apache.jmeter.testelement.property.FunctionProperty.getStringValue(FunctionProperty.java:104) [ApacheJMeter_core.jar:5.6.3]
	at org.apache.jmeter.testelement.TestElement.get(TestElement.kt:276) [ApacheJMeter_core.jar:5.6.3]
	at org.apache.jmeter.protocol.http.sampler.HTTPSamplerBase.getPath(HTTPSamplerBase.java:519) [ApacheJMeter_http.jar:5.6.3]
	at org.apache.jmeter.protocol.http.sampler.HTTPSamplerBase.getUrl(HTTPSamplerBase.java:1094) [ApacheJMeter_http.jar:5.6.3]
	at org.apache.jmeter.protocol.http.sampler.HTTPSamplerBase.sample(HTTPSamplerBase.java:1311) [ApacheJMeter_http.jar:5.6.3]
	at org.apache.jmeter.protocol.http.sampler.HTTPSamplerBase.sample(HTTPSamplerBase.java:1300) [ApacheJMeter_http.jar:5.6.3]
	at org.apache.jmeter.threads.JMeterThread.doSampling(JMeterThread.java:651) [ApacheJMeter_core.jar:5.6.3]
	at org.apache.jmeter.threads.JMeterThread.executeSamplePackage(JMeterThread.java:570) [ApacheJMeter_core.jar:5.6.3]
	at org.apache.jmeter.threads.JMeterThread.processSampler(JMeterThread.java:501) [ApacheJMeter_core.jar:5.6.3]
	at org.apache.jmeter.threads.JMeterThread.run(JMeterThread.java:268) [ApacheJMeter_core.jar:5.6.3]
	at java.base/java.lang.Thread.run(Thread.java:840) [?:?]
Caused by: javax.script.ScriptException: groovy.lang.MissingPropertyException: No such property: id for class: Script1
	at org.codehaus.groovy.jsr223.GroovyScriptEngineImpl.eval(GroovyScriptEngineImpl.java:320) ~[groovy-jsr223-3.0.20.jar:3.0.20]
	at org.codehaus.groovy.jsr223.GroovyScriptEngineImpl.eval(GroovyScriptEngineImpl.java:155) ~[groovy-jsr223-3.0.20.jar:3.0.20]
	... 15 more
Caused by: groovy.lang.MissingPropertyException: No such property: id for class: Script1
	at org.codehaus.groovy.runtime.ScriptBytecodeAdapter.unwrap(ScriptBytecodeAdapter.java:65) ~[groovy-3.0.20.jar:3.0.20]
	at org.codehaus.groovy.runtime.callsite.PogoGetPropertySite.getProperty(PogoGetPropertySite.java:51) ~[groovy-3.0.20.jar:3.0.20]
	at org.codehaus.groovy.runtime.callsite.AbstractCallSite.callGroovyObjectGetProperty(AbstractCallSite.java:341) ~[groovy-3.0.20.jar:3.0.20]
	at Script1.run(Script1.groovy:1) ~[?:?]
	at org.codehaus.groovy.jsr223.GroovyScriptEngineImpl.eval(GroovyScriptEngineImpl.java:317) ~[groovy-jsr223-3.0.20.jar:3.0.20]
	at org.codehaus.groovy.jsr223.GroovyScriptEngineImpl.eval(GroovyScriptEngineImpl.java:155) ~[groovy-jsr223-3.0.20.jar:3.0.20]
	... 15 more
2025-11-09 16:35:34,872 INFO o.a.j.t.JMeterThread: Thread is done: Browse Categories 2-7
2025-11-09 16:35:34,872 INFO o.a.j.t.JMeterThread: Thread finished: Browse Categories 2-7
2025-11-09 16:35:34,931 WARN o.a.j.f.Groovy: Error running groovy script
javax.script.ScriptException: javax.script.ScriptException: groovy.lang.MissingPropertyException: No such property: id for class: Script1
	at org.codehaus.groovy.jsr223.GroovyScriptEngineImpl.eval(GroovyScriptEngineImpl.java:158) ~[groovy-jsr223-3.0.20.jar:3.0.20]
	at java.scripting/javax.script.AbstractScriptEngine.eval(AbstractScriptEngine.java:231) ~[java.scripting:?]
	at org.apache.jmeter.functions.Groovy.execute(Groovy.java:123) [ApacheJMeter_functions.jar:5.6.3]
	at org.apache.jmeter.engine.util.CompoundVariable.execute(CompoundVariable.java:139) [ApacheJMeter_core.jar:5.6.3]
	at org.apache.jmeter.engine.util.CompoundVariable.execute(CompoundVariable.java:114) [ApacheJMeter_core.jar:5.6.3]
	at org.apache.jmeter.testelement.property.FunctionProperty.getStringValue(FunctionProperty.java:104) [ApacheJMeter_core.jar:5.6.3]
	at org.apache.jmeter.testelement.TestElement.get(TestElement.kt:276) [ApacheJMeter_core.jar:5.6.3]
	at org.apache.jmeter.protocol.http.sampler.HTTPSamplerBase.getPath(HTTPSamplerBase.java:519) [ApacheJMeter_http.jar:5.6.3]
	at org.apache.jmeter.protocol.http.sampler.HTTPSamplerBase.getUrl(HTTPSamplerBase.java:1094) [ApacheJMeter_http.jar:5.6.3]
	at org.apache.jmeter.protocol.http.sampler.HTTPSamplerBase.sample(HTTPSamplerBase.java:1311) [ApacheJMeter_http.jar:5.6.3]
	at org.apache.jmeter.protocol.http.sampler.HTTPSamplerBase.sample(HTTPSamplerBase.java:1300) [ApacheJMeter_http.jar:5.6.3]
	at org.apache.jmeter.threads.JMeterThread.doSampling(JMeterThread.java:651) [ApacheJMeter_core.jar:5.6.3]
	at org.apache.jmeter.threads.JMeterThread.executeSamplePackage(JMeterThread.java:570) [ApacheJMeter_core.jar:5.6.3]
	at org.apache.jmeter.threads.JMeterThread.processSampler(JMeterThread.java:501) [ApacheJMeter_core.jar:5.6.3]
	at org.apache.jmeter.threads.JMeterThread.run(JMeterThread.java:268) [ApacheJMeter_core.jar:5.6.3]
	at java.base/java.lang.Thread.run(Thread.java:840) [?:?]
Caused by: javax.script.ScriptException: groovy.lang.MissingPropertyException: No such property: id for class: Script1
	at org.codehaus.groovy.jsr223.GroovyScriptEngineImpl.eval(GroovyScriptEngineImpl.java:320) ~[groovy-jsr223-3.0.20.jar:3.0.20]
	at org.codehaus.groovy.jsr223.GroovyScriptEngineImpl.eval(GroovyScriptEngineImpl.java:155) ~[groovy-jsr223-3.0.20.jar:3.0.20]
	... 15 more
Caused by: groovy.lang.MissingPropertyException: No such property: id for class: Script1
	at org.codehaus.groovy.runtime.ScriptBytecodeAdapter.unwrap(ScriptBytecodeAdapter.java:65) ~[groovy-3.0.20.jar:3.0.20]
	at org.codehaus.groovy.runtime.callsite.PogoGetPropertySite.getProperty(PogoGetPropertySite.java:51) ~[groovy-3.0.20.jar:3.0.20]
	at org.codehaus.groovy.runtime.callsite.AbstractCallSite.callGroovyObjectGetProperty(AbstractCallSite.java:341) ~[groovy-3.0.20.jar:3.0.20]
	at Script1.run(Script1.groovy:1) ~[?:?]
	at org.codehaus.groovy.jsr223.GroovyScriptEngineImpl.eval(GroovyScriptEngineImpl.java:317) ~[groovy-jsr223-3.0.20.jar:3.0.20]
	at org.codehaus.groovy.jsr223.GroovyScriptEngineImpl.eval(GroovyScriptEngineImpl.java:155) ~[groovy-jsr223-3.0.20.jar:3.0.20]
	... 15 more
2025-11-09 16:35:34,958 WARN o.a.j.f.Groovy: Error running groovy script
javax.script.ScriptException: javax.script.ScriptException: groovy.lang.MissingPropertyException: No such property: id for class: Script1
	at org.codehaus.groovy.jsr223.GroovyScriptEngineImpl.eval(GroovyScriptEngineImpl.java:158) ~[groovy-jsr223-3.0.20.jar:3.0.20]
	at java.scripting/javax.script.AbstractScriptEngine.eval(AbstractScriptEngine.java:231) ~[java.scripting:?]
	at org.apache.jmeter.functions.Groovy.execute(Groovy.java:123) [ApacheJMeter_functions.jar:5.6.3]
	at org.apache.jmeter.engine.util.CompoundVariable.execute(CompoundVariable.java:139) [ApacheJMeter_core.jar:5.6.3]
	at org.apache.jmeter.engine.util.CompoundVariable.execute(CompoundVariable.java:114) [ApacheJMeter_core.jar:5.6.3]
	at org.apache.jmeter.testelement.property.FunctionProperty.getStringValue(FunctionProperty.java:104) [ApacheJMeter_core.jar:5.6.3]
	at org.apache.jmeter.testelement.TestElement.get(TestElement.kt:276) [ApacheJMeter_core.jar:5.6.3]
	at org.apache.jmeter.protocol.http.sampler.HTTPSamplerBase.getPath(HTTPSamplerBase.java:519) [ApacheJMeter_http.jar:5.6.3]
	at org.apache.jmeter.protocol.http.sampler.HTTPSamplerBase.getUrl(HTTPSamplerBase.java:1094) [ApacheJMeter_http.jar:5.6.3]
	at org.apache.jmeter.protocol.http.sampler.HTTPSamplerBase.sample(HTTPSamplerBase.java:1311) [ApacheJMeter_http.jar:5.6.3]
	at org.apache.jmeter.protocol.http.sampler.HTTPSamplerBase.sample(HTTPSamplerBase.java:1300) [ApacheJMeter_http.jar:5.6.3]
	at org.apache.jmeter.threads.JMeterThread.doSampling(JMeterThread.java:651) [ApacheJMeter_core.jar:5.6.3]
	at org.apache.jmeter.threads.JMeterThread.executeSamplePackage(JMeterThread.java:570) [ApacheJMeter_core.jar:5.6.3]
	at org.apache.jmeter.threads.JMeterThread.processSampler(JMeterThread.java:501) [ApacheJMeter_core.jar:5.6.3]
	at org.apache.jmeter.threads.JMeterThread.run(JMeterThread.java:268) [ApacheJMeter_core.jar:5.6.3]
	at java.base/java.lang.Thread.run(Thread.java:840) [?:?]
Caused by: javax.script.ScriptException: groovy.lang.MissingPropertyException: No such property: id for class: Script1
	at org.codehaus.groovy.jsr223.GroovyScriptEngineImpl.eval(GroovyScriptEngineImpl.java:320) ~[groovy-jsr223-3.0.20.jar:3.0.20]
	at org.codehaus.groovy.jsr223.GroovyScriptEngineImpl.eval(GroovyScriptEngineImpl.java:155) ~[groovy-jsr223-3.0.20.jar:3.0.20]
	... 15 more
Caused by: groovy.lang.MissingPropertyException: No such property: id for class: Script1
	at org.codehaus.groovy.runtime.ScriptBytecodeAdapter.unwrap(ScriptBytecodeAdapter.java:65) ~[groovy-3.0.20.jar:3.0.20]
	at org.codehaus.groovy.runtime.callsite.PogoGetPropertySite.getProperty(PogoGetPropertySite.java:51) ~[groovy-3.0.20.jar:3.0.20]
	at org.codehaus.groovy.runtime.callsite.AbstractCallSite.callGroovyObjectGetProperty(AbstractCallSite.java:341) ~[groovy-3.0.20.jar:3.0.20]
	at Script1.run(Script1.groovy:1) ~[?:?]
	at org.codehaus.groovy.jsr223.GroovyScriptEngineImpl.eval(GroovyScriptEngineImpl.java:317) ~[groovy-jsr223-3.0.20.jar:3.0.20]
	at org.codehaus.groovy.jsr223.GroovyScriptEngineImpl.eval(GroovyScriptEngineImpl.java:155) ~[groovy-jsr223-3.0.20.jar:3.0.20]
	... 15 more
2025-11-09 16:35:34,964 WARN o.a.j.f.Groovy: Error running groovy script
javax.script.ScriptException: javax.script.ScriptException: groovy.lang.MissingPropertyException: No such property: id for class: Script1
	at org.codehaus.groovy.jsr223.GroovyScriptEngineImpl.eval(GroovyScriptEngineImpl.java:158) ~[groovy-jsr223-3.0.20.jar:3.0.20]
	at java.scripting/javax.script.AbstractScriptEngine.eval(AbstractScriptEngine.java:231) ~[java.scripting:?]
	at org.apache.jmeter.functions.Groovy.execute(Groovy.java:123) [ApacheJMeter_functions.jar:5.6.3]
	at org.apache.jmeter.engine.util.CompoundVariable.execute(CompoundVariable.java:139) [ApacheJMeter_core.jar:5.6.3]
	at org.apache.jmeter.engine.util.CompoundVariable.execute(CompoundVariable.java:114) [ApacheJMeter_core.jar:5.6.3]
	at org.apache.jmeter.testelement.property.FunctionProperty.getStringValue(FunctionProperty.java:104) [ApacheJMeter_core.jar:5.6.3]
	at org.apache.jmeter.testelement.TestElement.get(TestElement.kt:276) [ApacheJMeter_core.jar:5.6.3]
	at org.apache.jmeter.protocol.http.sampler.HTTPSamplerBase.getPath(HTTPSamplerBase.java:519) [ApacheJMeter_http.jar:5.6.3]
	at org.apache.jmeter.protocol.http.sampler.HTTPSamplerBase.getUrl(HTTPSamplerBase.java:1094) [ApacheJMeter_http.jar:5.6.3]
	at org.apache.jmeter.protocol.http.sampler.HTTPSamplerBase.sample(HTTPSamplerBase.java:1311) [ApacheJMeter_http.jar:5.6.3]
	at org.apache.jmeter.protocol.http.sampler.HTTPSamplerBase.sample(HTTPSamplerBase.java:1300) [ApacheJMeter_http.jar:5.6.3]
	at org.apache.jmeter.threads.JMeterThread.doSampling(JMeterThread.java:651) [ApacheJMeter_core.jar:5.6.3]
	at org.apache.jmeter.threads.JMeterThread.executeSamplePackage(JMeterThread.java:570) [ApacheJMeter_core.jar:5.6.3]
	at org.apache.jmeter.threads.JMeterThread.processSampler(JMeterThread.java:501) [ApacheJMeter_core.jar:5.6.3]
	at org.apache.jmeter.threads.JMeterThread.run(JMeterThread.java:268) [ApacheJMeter_core.jar:5.6.3]
	at java.base/java.lang.Thread.run(Thread.java:840) [?:?]
Caused by: javax.script.ScriptException: groovy.lang.MissingPropertyException: No such property: id for class: Script1
	at org.codehaus.groovy.jsr223.GroovyScriptEngineImpl.eval(GroovyScriptEngineImpl.java:320) ~[groovy-jsr223-3.0.20.jar:3.0.20]
	at org.codehaus.groovy.jsr223.GroovyScriptEngineImpl.eval(GroovyScriptEngineImpl.java:155) ~[groovy-jsr223-3.0.20.jar:3.0.20]
	... 15 more
Caused by: groovy.lang.MissingPropertyException: No such property: id for class: Script1
	at org.codehaus.groovy.runtime.ScriptBytecodeAdapter.unwrap(ScriptBytecodeAdapter.java:65) ~[groovy-3.0.20.jar:3.0.20]
	at org.codehaus.groovy.runtime.callsite.PogoGetPropertySite.getProperty(PogoGetPropertySite.java:51) ~[groovy-3.0.20.jar:3.0.20]
	at org.codehaus.groovy.runtime.callsite.AbstractCallSite.callGroovyObjectGetProperty(AbstractCallSite.java:341) ~[groovy-3.0.20.jar:3.0.20]
	at Script1.run(Script1.groovy:1) ~[?:?]
	at org.codehaus.groovy.jsr223.GroovyScriptEngineImpl.eval(GroovyScriptEngineImpl.java:317) ~[groovy-jsr223-3.0.20.jar:3.0.20]
	at org.codehaus.groovy.jsr223.GroovyScriptEngineImpl.eval(GroovyScriptEngineImpl.java:155) ~[groovy-jsr223-3.0.20.jar:3.0.20]
	... 15 more
2025-11-09 16:35:34,988 WARN o.a.j.f.Groovy: Error running groovy script
javax.script.ScriptException: javax.script.ScriptException: groovy.lang.MissingPropertyException: No such property: id for class: Script1
	at org.codehaus.groovy.jsr223.GroovyScriptEngineImpl.eval(GroovyScriptEngineImpl.java:158) ~[groovy-jsr223-3.0.20.jar:3.0.20]
	at java.scripting/javax.script.AbstractScriptEngine.eval(AbstractScriptEngine.java:231) ~[java.scripting:?]
	at org.apache.jmeter.functions.Groovy.execute(Groovy.java:123) [ApacheJMeter_functions.jar:5.6.3]
	at org.apache.jmeter.engine.util.CompoundVariable.execute(CompoundVariable.java:139) [ApacheJMeter_core.jar:5.6.3]
	at org.apache.jmeter.engine.util.CompoundVariable.execute(CompoundVariable.java:114) [ApacheJMeter_core.jar:5.6.3]
	at org.apache.jmeter.testelement.property.FunctionProperty.getStringValue(FunctionProperty.java:104) [ApacheJMeter_core.jar:5.6.3]
	at org.apache.jmeter.testelement.TestElement.get(TestElement.kt:276) [ApacheJMeter_core.jar:5.6.3]
	at org.apache.jmeter.protocol.http.sampler.HTTPSamplerBase.getPath(HTTPSamplerBase.java:519) [ApacheJMeter_http.jar:5.6.3]
	at org.apache.jmeter.protocol.http.sampler.HTTPSamplerBase.getUrl(HTTPSamplerBase.java:1094) [ApacheJMeter_http.jar:5.6.3]
	at org.apache.jmeter.protocol.http.sampler.HTTPSamplerBase.sample(HTTPSamplerBase.java:1311) [ApacheJMeter_http.jar:5.6.3]
	at org.apache.jmeter.protocol.http.sampler.HTTPSamplerBase.sample(HTTPSamplerBase.java:1300) [ApacheJMeter_http.jar:5.6.3]
	at org.apache.jmeter.threads.JMeterThread.doSampling(JMeterThread.java:651) [ApacheJMeter_core.jar:5.6.3]
	at org.apache.jmeter.threads.JMeterThread.executeSamplePackage(JMeterThread.java:570) [ApacheJMeter_core.jar:5.6.3]
	at org.apache.jmeter.threads.JMeterThread.processSampler(JMeterThread.java:501) [ApacheJMeter_core.jar:5.6.3]
	at org.apache.jmeter.threads.JMeterThread.run(JMeterThread.java:268) [ApacheJMeter_core.jar:5.6.3]
	at java.base/java.lang.Thread.run(Thread.java:840) [?:?]
Caused by: javax.script.ScriptException: groovy.lang.MissingPropertyException: No such property: id for class: Script1
	at org.codehaus.groovy.jsr223.GroovyScriptEngineImpl.eval(GroovyScriptEngineImpl.java:320) ~[groovy-jsr223-3.0.20.jar:3.0.20]
	at org.codehaus.groovy.jsr223.GroovyScriptEngineImpl.eval(GroovyScriptEngineImpl.java:155) ~[groovy-jsr223-3.0.20.jar:3.0.20]
	... 15 more
Caused by: groovy.lang.MissingPropertyException: No such property: id for class: Script1
	at org.codehaus.groovy.runtime.ScriptBytecodeAdapter.unwrap(ScriptBytecodeAdapter.java:65) ~[groovy-3.0.20.jar:3.0.20]
	at org.codehaus.groovy.runtime.callsite.PogoGetPropertySite.getProperty(PogoGetPropertySite.java:51) ~[groovy-3.0.20.jar:3.0.20]
	at org.codehaus.groovy.runtime.callsite.AbstractCallSite.callGroovyObjectGetProperty(AbstractCallSite.java:341) ~[groovy-3.0.20.jar:3.0.20]
	at Script1.run(Script1.groovy:1) ~[?:?]
	at org.codehaus.groovy.jsr223.GroovyScriptEngineImpl.eval(GroovyScriptEngineImpl.java:317) ~[groovy-jsr223-3.0.20.jar:3.0.20]
	at org.codehaus.groovy.jsr223.GroovyScriptEngineImpl.eval(GroovyScriptEngineImpl.java:155) ~[groovy-jsr223-3.0.20.jar:3.0.20]
	... 15 more
2025-11-09 16:35:35,000 WARN o.a.j.f.Groovy: Error running groovy script
javax.script.ScriptException: javax.script.ScriptException: groovy.lang.MissingPropertyException: No such property: id for class: Script1
	at org.codehaus.groovy.jsr223.GroovyScriptEngineImpl.eval(GroovyScriptEngineImpl.java:158) ~[groovy-jsr223-3.0.20.jar:3.0.20]
	at java.scripting/javax.script.AbstractScriptEngine.eval(AbstractScriptEngine.java:231) ~[java.scripting:?]
	at org.apache.jmeter.functions.Groovy.execute(Groovy.java:123) [ApacheJMeter_functions.jar:5.6.3]
	at org.apache.jmeter.engine.util.CompoundVariable.execute(CompoundVariable.java:139) [ApacheJMeter_core.jar:5.6.3]
	at org.apache.jmeter.engine.util.CompoundVariable.execute(CompoundVariable.java:114) [ApacheJMeter_core.jar:5.6.3]
	at org.apache.jmeter.testelement.property.FunctionProperty.getStringValue(FunctionProperty.java:104) [ApacheJMeter_core.jar:5.6.3]
	at org.apache.jmeter.testelement.TestElement.get(TestElement.kt:276) [ApacheJMeter_core.jar:5.6.3]
	at org.apache.jmeter.protocol.http.sampler.HTTPSamplerBase.getPath(HTTPSamplerBase.java:519) [ApacheJMeter_http.jar:5.6.3]
	at org.apache.jmeter.protocol.http.sampler.HTTPSamplerBase.getUrl(HTTPSamplerBase.java:1094) [ApacheJMeter_http.jar:5.6.3]
	at org.apache.jmeter.protocol.http.sampler.HTTPSamplerBase.sample(HTTPSamplerBase.java:1311) [ApacheJMeter_http.jar:5.6.3]
	at org.apache.jmeter.protocol.http.sampler.HTTPSamplerBase.sample(HTTPSamplerBase.java:1300) [ApacheJMeter_http.jar:5.6.3]
	at org.apache.jmeter.threads.JMeterThread.doSampling(JMeterThread.java:651) [ApacheJMeter_core.jar:5.6.3]
	at org.apache.jmeter.threads.JMeterThread.executeSamplePackage(JMeterThread.java:570) [ApacheJMeter_core.jar:5.6.3]
	at org.apache.jmeter.threads.JMeterThread.processSampler(JMeterThread.java:501) [ApacheJMeter_core.jar:5.6.3]
	at org.apache.jmeter.threads.JMeterThread.run(JMeterThread.java:268) [ApacheJMeter_core.jar:5.6.3]
	at java.base/java.lang.Thread.run(Thread.java:840) [?:?]
Caused by: javax.script.ScriptException: groovy.lang.MissingPropertyException: No such property: id for class: Script1
	at org.codehaus.groovy.jsr223.GroovyScriptEngineImpl.eval(GroovyScriptEngineImpl.java:320) ~[groovy-jsr223-3.0.20.jar:3.0.20]
	at org.codehaus.groovy.jsr223.GroovyScriptEngineImpl.eval(GroovyScriptEngineImpl.java:155) ~[groovy-jsr223-3.0.20.jar:3.0.20]
	... 15 more
Caused by: groovy.lang.MissingPropertyException: No such property: id for class: Script1
	at org.codehaus.groovy.runtime.ScriptBytecodeAdapter.unwrap(ScriptBytecodeAdapter.java:65) ~[groovy-3.0.20.jar:3.0.20]
	at org.codehaus.groovy.runtime.callsite.PogoGetPropertySite.getProperty(PogoGetPropertySite.java:51) ~[groovy-3.0.20.jar:3.0.20]
	at org.codehaus.groovy.runtime.callsite.AbstractCallSite.callGroovyObjectGetProperty(AbstractCallSite.java:341) ~[groovy-3.0.20.jar:3.0.20]
	at Script1.run(Script1.groovy:1) ~[?:?]
	at org.codehaus.groovy.jsr223.GroovyScriptEngineImpl.eval(GroovyScriptEngineImpl.java:317) ~[groovy-jsr223-3.0.20.jar:3.0.20]
	at org.codehaus.groovy.jsr223.GroovyScriptEngineImpl.eval(GroovyScriptEngineImpl.java:155) ~[groovy-jsr223-3.0.20.jar:3.0.20]
	... 15 more
2025-11-09 16:35:35,007 INFO o.a.j.t.JMeterThread: Thread is done: Read-Heavy (GET /items/${id}) 1-7
2025-11-09 16:35:35,007 INFO o.a.j.t.JMeterThread: Thread finished: Read-Heavy (GET /items/${id}) 1-7
2025-11-09 16:35:35,854 INFO o.a.j.t.JMeterThread: Thread started: Read-Heavy (GET /items/${id}) 1-8
2025-11-09 16:35:35,855 WARN o.a.j.f.Groovy: Error running groovy script
javax.script.ScriptException: javax.script.ScriptException: groovy.lang.MissingPropertyException: No such property: id for class: Script1
	at org.codehaus.groovy.jsr223.GroovyScriptEngineImpl.eval(GroovyScriptEngineImpl.java:158) ~[groovy-jsr223-3.0.20.jar:3.0.20]
	at java.scripting/javax.script.AbstractScriptEngine.eval(AbstractScriptEngine.java:231) ~[java.scripting:?]
	at org.apache.jmeter.functions.Groovy.execute(Groovy.java:123) [ApacheJMeter_functions.jar:5.6.3]
	at org.apache.jmeter.engine.util.CompoundVariable.execute(CompoundVariable.java:139) [ApacheJMeter_core.jar:5.6.3]
	at org.apache.jmeter.engine.util.CompoundVariable.execute(CompoundVariable.java:114) [ApacheJMeter_core.jar:5.6.3]
	at org.apache.jmeter.testelement.property.FunctionProperty.getStringValue(FunctionProperty.java:104) [ApacheJMeter_core.jar:5.6.3]
	at org.apache.jmeter.testelement.TestElement.get(TestElement.kt:276) [ApacheJMeter_core.jar:5.6.3]
	at org.apache.jmeter.protocol.http.sampler.HTTPSamplerBase.getPath(HTTPSamplerBase.java:519) [ApacheJMeter_http.jar:5.6.3]
	at org.apache.jmeter.protocol.http.sampler.HTTPSamplerBase.getUrl(HTTPSamplerBase.java:1094) [ApacheJMeter_http.jar:5.6.3]
	at org.apache.jmeter.protocol.http.sampler.HTTPSamplerBase.sample(HTTPSamplerBase.java:1311) [ApacheJMeter_http.jar:5.6.3]
	at org.apache.jmeter.protocol.http.sampler.HTTPSamplerBase.sample(HTTPSamplerBase.java:1300) [ApacheJMeter_http.jar:5.6.3]
	at org.apache.jmeter.threads.JMeterThread.doSampling(JMeterThread.java:651) [ApacheJMeter_core.jar:5.6.3]
	at org.apache.jmeter.threads.JMeterThread.executeSamplePackage(JMeterThread.java:570) [ApacheJMeter_core.jar:5.6.3]
	at org.apache.jmeter.threads.JMeterThread.processSampler(JMeterThread.java:501) [ApacheJMeter_core.jar:5.6.3]
	at org.apache.jmeter.threads.JMeterThread.run(JMeterThread.java:268) [ApacheJMeter_core.jar:5.6.3]
	at java.base/java.lang.Thread.run(Thread.java:840) [?:?]
Caused by: javax.script.ScriptException: groovy.lang.MissingPropertyException: No such property: id for class: Script1
	at org.codehaus.groovy.jsr223.GroovyScriptEngineImpl.eval(GroovyScriptEngineImpl.java:320) ~[groovy-jsr223-3.0.20.jar:3.0.20]
	at org.codehaus.groovy.jsr223.GroovyScriptEngineImpl.eval(GroovyScriptEngineImpl.java:155) ~[groovy-jsr223-3.0.20.jar:3.0.20]
	... 15 more
Caused by: groovy.lang.MissingPropertyException: No such property: id for class: Script1
	at org.codehaus.groovy.runtime.ScriptBytecodeAdapter.unwrap(ScriptBytecodeAdapter.java:65) ~[groovy-3.0.20.jar:3.0.20]
	at org.codehaus.groovy.runtime.callsite.PogoGetPropertySite.getProperty(PogoGetPropertySite.java:51) ~[groovy-3.0.20.jar:3.0.20]
	at org.codehaus.groovy.runtime.callsite.AbstractCallSite.callGroovyObjectGetProperty(AbstractCallSite.java:341) ~[groovy-3.0.20.jar:3.0.20]
	at Script1.run(Script1.groovy:1) ~[?:?]
	at org.codehaus.groovy.jsr223.GroovyScriptEngineImpl.eval(GroovyScriptEngineImpl.java:317) ~[groovy-jsr223-3.0.20.jar:3.0.20]
	at org.codehaus.groovy.jsr223.GroovyScriptEngineImpl.eval(GroovyScriptEngineImpl.java:155) ~[groovy-jsr223-3.0.20.jar:3.0.20]
	... 15 more
2025-11-09 16:35:35,859 INFO o.a.j.t.JMeterThread: Thread started: Browse Categories 2-8
2025-11-09 16:35:35,860 INFO o.a.j.t.JMeterThread: Thread is done: Browse Categories 2-8
2025-11-09 16:35:35,861 INFO o.a.j.t.JMeterThread: Thread finished: Browse Categories 2-8
2025-11-09 16:35:35,860 WARN o.a.j.f.Groovy: Error running groovy script
javax.script.ScriptException: javax.script.ScriptException: groovy.lang.MissingPropertyException: No such property: id for class: Script1
	at org.codehaus.groovy.jsr223.GroovyScriptEngineImpl.eval(GroovyScriptEngineImpl.java:158) ~[groovy-jsr223-3.0.20.jar:3.0.20]
	at java.scripting/javax.script.AbstractScriptEngine.eval(AbstractScriptEngine.java:231) ~[java.scripting:?]
	at org.apache.jmeter.functions.Groovy.execute(Groovy.java:123) [ApacheJMeter_functions.jar:5.6.3]
	at org.apache.jmeter.engine.util.CompoundVariable.execute(CompoundVariable.java:139) [ApacheJMeter_core.jar:5.6.3]
	at org.apache.jmeter.engine.util.CompoundVariable.execute(CompoundVariable.java:114) [ApacheJMeter_core.jar:5.6.3]
	at org.apache.jmeter.testelement.property.FunctionProperty.getStringValue(FunctionProperty.java:104) [ApacheJMeter_core.jar:5.6.3]
	at org.apache.jmeter.testelement.TestElement.get(TestElement.kt:276) [ApacheJMeter_core.jar:5.6.3]
	at org.apache.jmeter.protocol.http.sampler.HTTPSamplerBase.getPath(HTTPSamplerBase.java:519) [ApacheJMeter_http.jar:5.6.3]
	at org.apache.jmeter.protocol.http.sampler.HTTPSamplerBase.getUrl(HTTPSamplerBase.java:1094) [ApacheJMeter_http.jar:5.6.3]
	at org.apache.jmeter.protocol.http.sampler.HTTPSamplerBase.sample(HTTPSamplerBase.java:1311) [ApacheJMeter_http.jar:5.6.3]
	at org.apache.jmeter.protocol.http.sampler.HTTPSamplerBase.sample(HTTPSamplerBase.java:1300) [ApacheJMeter_http.jar:5.6.3]
	at org.apache.jmeter.threads.JMeterThread.doSampling(JMeterThread.java:651) [ApacheJMeter_core.jar:5.6.3]
	at org.apache.jmeter.threads.JMeterThread.executeSamplePackage(JMeterThread.java:570) [ApacheJMeter_core.jar:5.6.3]
	at org.apache.jmeter.threads.JMeterThread.processSampler(JMeterThread.java:501) [ApacheJMeter_core.jar:5.6.3]
	at org.apache.jmeter.threads.JMeterThread.run(JMeterThread.java:268) [ApacheJMeter_core.jar:5.6.3]
	at java.base/java.lang.Thread.run(Thread.java:840) [?:?]
Caused by: javax.script.ScriptException: groovy.lang.MissingPropertyException: No such property: id for class: Script1
	at org.codehaus.groovy.jsr223.GroovyScriptEngineImpl.eval(GroovyScriptEngineImpl.java:320) ~[groovy-jsr223-3.0.20.jar:3.0.20]
	at org.codehaus.groovy.jsr223.GroovyScriptEngineImpl.eval(GroovyScriptEngineImpl.java:155) ~[groovy-jsr223-3.0.20.jar:3.0.20]
	... 15 more
Caused by: groovy.lang.MissingPropertyException: No such property: id for class: Script1
	at org.codehaus.groovy.runtime.ScriptBytecodeAdapter.unwrap(ScriptBytecodeAdapter.java:65) ~[groovy-3.0.20.jar:3.0.20]
	at org.codehaus.groovy.runtime.callsite.PogoGetPropertySite.getProperty(PogoGetPropertySite.java:51) ~[groovy-3.0.20.jar:3.0.20]
	at org.codehaus.groovy.runtime.callsite.AbstractCallSite.callGroovyObjectGetProperty(AbstractCallSite.java:341) ~[groovy-3.0.20.jar:3.0.20]
	at Script1.run(Script1.groovy:1) ~[?:?]
	at org.codehaus.groovy.jsr223.GroovyScriptEngineImpl.eval(GroovyScriptEngineImpl.java:317) ~[groovy-jsr223-3.0.20.jar:3.0.20]
	at org.codehaus.groovy.jsr223.GroovyScriptEngineImpl.eval(GroovyScriptEngineImpl.java:155) ~[groovy-jsr223-3.0.20.jar:3.0.20]
	... 15 more
2025-11-09 16:35:35,865 WARN o.a.j.f.Groovy: Error running groovy script
javax.script.ScriptException: javax.script.ScriptException: groovy.lang.MissingPropertyException: No such property: id for class: Script1
	at org.codehaus.groovy.jsr223.GroovyScriptEngineImpl.eval(GroovyScriptEngineImpl.java:158) ~[groovy-jsr223-3.0.20.jar:3.0.20]
	at java.scripting/javax.script.AbstractScriptEngine.eval(AbstractScriptEngine.java:231) ~[java.scripting:?]
	at org.apache.jmeter.functions.Groovy.execute(Groovy.java:123) [ApacheJMeter_functions.jar:5.6.3]
	at org.apache.jmeter.engine.util.CompoundVariable.execute(CompoundVariable.java:139) [ApacheJMeter_core.jar:5.6.3]
	at org.apache.jmeter.engine.util.CompoundVariable.execute(CompoundVariable.java:114) [ApacheJMeter_core.jar:5.6.3]
	at org.apache.jmeter.testelement.property.FunctionProperty.getStringValue(FunctionProperty.java:104) [ApacheJMeter_core.jar:5.6.3]
	at org.apache.jmeter.testelement.TestElement.get(TestElement.kt:276) [ApacheJMeter_core.jar:5.6.3]
	at org.apache.jmeter.protocol.http.sampler.HTTPSamplerBase.getPath(HTTPSamplerBase.java:519) [ApacheJMeter_http.jar:5.6.3]
	at org.apache.jmeter.protocol.http.sampler.HTTPSamplerBase.getUrl(HTTPSamplerBase.java:1094) [ApacheJMeter_http.jar:5.6.3]
	at org.apache.jmeter.protocol.http.sampler.HTTPSamplerBase.sample(HTTPSamplerBase.java:1311) [ApacheJMeter_http.jar:5.6.3]
	at org.apache.jmeter.protocol.http.sampler.HTTPSamplerBase.sample(HTTPSamplerBase.java:1300) [ApacheJMeter_http.jar:5.6.3]
	at org.apache.jmeter.threads.JMeterThread.doSampling(JMeterThread.java:651) [ApacheJMeter_core.jar:5.6.3]
	at org.apache.jmeter.threads.JMeterThread.executeSamplePackage(JMeterThread.java:570) [ApacheJMeter_core.jar:5.6.3]
	at org.apache.jmeter.threads.JMeterThread.processSampler(JMeterThread.java:501) [ApacheJMeter_core.jar:5.6.3]
	at org.apache.jmeter.threads.JMeterThread.run(JMeterThread.java:268) [ApacheJMeter_core.jar:5.6.3]
	at java.base/java.lang.Thread.run(Thread.java:840) [?:?]
Caused by: javax.script.ScriptException: groovy.lang.MissingPropertyException: No such property: id for class: Script1
	at org.codehaus.groovy.jsr223.GroovyScriptEngineImpl.eval(GroovyScriptEngineImpl.java:320) ~[groovy-jsr223-3.0.20.jar:3.0.20]
	at org.codehaus.groovy.jsr223.GroovyScriptEngineImpl.eval(GroovyScriptEngineImpl.java:155) ~[groovy-jsr223-3.0.20.jar:3.0.20]
	... 15 more
Caused by: groovy.lang.MissingPropertyException: No such property: id for class: Script1
	at org.codehaus.groovy.runtime.ScriptBytecodeAdapter.unwrap(ScriptBytecodeAdapter.java:65) ~[groovy-3.0.20.jar:3.0.20]
	at org.codehaus.groovy.runtime.callsite.PogoGetPropertySite.getProperty(PogoGetPropertySite.java:51) ~[groovy-3.0.20.jar:3.0.20]
	at org.codehaus.groovy.runtime.callsite.AbstractCallSite.callGroovyObjectGetProperty(AbstractCallSite.java:341) ~[groovy-3.0.20.jar:3.0.20]
	at Script1.run(Script1.groovy:1) ~[?:?]
	at org.codehaus.groovy.jsr223.GroovyScriptEngineImpl.eval(GroovyScriptEngineImpl.java:317) ~[groovy-jsr223-3.0.20.jar:3.0.20]
	at org.codehaus.groovy.jsr223.GroovyScriptEngineImpl.eval(GroovyScriptEngineImpl.java:155) ~[groovy-jsr223-3.0.20.jar:3.0.20]
	... 15 more
2025-11-09 16:35:35,869 WARN o.a.j.f.Groovy: Error running groovy script
javax.script.ScriptException: javax.script.ScriptException: groovy.lang.MissingPropertyException: No such property: id for class: Script1
	at org.codehaus.groovy.jsr223.GroovyScriptEngineImpl.eval(GroovyScriptEngineImpl.java:158) ~[groovy-jsr223-3.0.20.jar:3.0.20]
	at java.scripting/javax.script.AbstractScriptEngine.eval(AbstractScriptEngine.java:231) ~[java.scripting:?]
	at org.apache.jmeter.functions.Groovy.execute(Groovy.java:123) [ApacheJMeter_functions.jar:5.6.3]
	at org.apache.jmeter.engine.util.CompoundVariable.execute(CompoundVariable.java:139) [ApacheJMeter_core.jar:5.6.3]
	at org.apache.jmeter.engine.util.CompoundVariable.execute(CompoundVariable.java:114) [ApacheJMeter_core.jar:5.6.3]
	at org.apache.jmeter.testelement.property.FunctionProperty.getStringValue(FunctionProperty.java:104) [ApacheJMeter_core.jar:5.6.3]
	at org.apache.jmeter.testelement.TestElement.get(TestElement.kt:276) [ApacheJMeter_core.jar:5.6.3]
	at org.apache.jmeter.protocol.http.sampler.HTTPSamplerBase.getPath(HTTPSamplerBase.java:519) [ApacheJMeter_http.jar:5.6.3]
	at org.apache.jmeter.protocol.http.sampler.HTTPSamplerBase.getUrl(HTTPSamplerBase.java:1094) [ApacheJMeter_http.jar:5.6.3]
	at org.apache.jmeter.protocol.http.sampler.HTTPSamplerBase.sample(HTTPSamplerBase.java:1311) [ApacheJMeter_http.jar:5.6.3]
	at org.apache.jmeter.protocol.http.sampler.HTTPSamplerBase.sample(HTTPSamplerBase.java:1300) [ApacheJMeter_http.jar:5.6.3]
	at org.apache.jmeter.threads.JMeterThread.doSampling(JMeterThread.java:651) [ApacheJMeter_core.jar:5.6.3]
	at org.apache.jmeter.threads.JMeterThread.executeSamplePackage(JMeterThread.java:570) [ApacheJMeter_core.jar:5.6.3]
	at org.apache.jmeter.threads.JMeterThread.processSampler(JMeterThread.java:501) [ApacheJMeter_core.jar:5.6.3]
	at org.apache.jmeter.threads.JMeterThread.run(JMeterThread.java:268) [ApacheJMeter_core.jar:5.6.3]
	at java.base/java.lang.Thread.run(Thread.java:840) [?:?]
Caused by: javax.script.ScriptException: groovy.lang.MissingPropertyException: No such property: id for class: Script1
	at org.codehaus.groovy.jsr223.GroovyScriptEngineImpl.eval(GroovyScriptEngineImpl.java:320) ~[groovy-jsr223-3.0.20.jar:3.0.20]
	at org.codehaus.groovy.jsr223.GroovyScriptEngineImpl.eval(GroovyScriptEngineImpl.java:155) ~[groovy-jsr223-3.0.20.jar:3.0.20]
	... 15 more
Caused by: groovy.lang.MissingPropertyException: No such property: id for class: Script1
	at org.codehaus.groovy.runtime.ScriptBytecodeAdapter.unwrap(ScriptBytecodeAdapter.java:65) ~[groovy-3.0.20.jar:3.0.20]
	at org.codehaus.groovy.runtime.callsite.PogoGetPropertySite.getProperty(PogoGetPropertySite.java:51) ~[groovy-3.0.20.jar:3.0.20]
	at org.codehaus.groovy.runtime.callsite.AbstractCallSite.callGroovyObjectGetProperty(AbstractCallSite.java:341) ~[groovy-3.0.20.jar:3.0.20]
	at Script1.run(Script1.groovy:1) ~[?:?]
	at org.codehaus.groovy.jsr223.GroovyScriptEngineImpl.eval(GroovyScriptEngineImpl.java:317) ~[groovy-jsr223-3.0.20.jar:3.0.20]
	at org.codehaus.groovy.jsr223.GroovyScriptEngineImpl.eval(GroovyScriptEngineImpl.java:155) ~[groovy-jsr223-3.0.20.jar:3.0.20]
	... 15 more
2025-11-09 16:35:35,873 WARN o.a.j.f.Groovy: Error running groovy script
javax.script.ScriptException: javax.script.ScriptException: groovy.lang.MissingPropertyException: No such property: id for class: Script1
	at org.codehaus.groovy.jsr223.GroovyScriptEngineImpl.eval(GroovyScriptEngineImpl.java:158) ~[groovy-jsr223-3.0.20.jar:3.0.20]
	at java.scripting/javax.script.AbstractScriptEngine.eval(AbstractScriptEngine.java:231) ~[java.scripting:?]
	at org.apache.jmeter.functions.Groovy.execute(Groovy.java:123) [ApacheJMeter_functions.jar:5.6.3]
	at org.apache.jmeter.engine.util.CompoundVariable.execute(CompoundVariable.java:139) [ApacheJMeter_core.jar:5.6.3]
	at org.apache.jmeter.engine.util.CompoundVariable.execute(CompoundVariable.java:114) [ApacheJMeter_core.jar:5.6.3]
	at org.apache.jmeter.testelement.property.FunctionProperty.getStringValue(FunctionProperty.java:104) [ApacheJMeter_core.jar:5.6.3]
	at org.apache.jmeter.testelement.TestElement.get(TestElement.kt:276) [ApacheJMeter_core.jar:5.6.3]
	at org.apache.jmeter.protocol.http.sampler.HTTPSamplerBase.getPath(HTTPSamplerBase.java:519) [ApacheJMeter_http.jar:5.6.3]
	at org.apache.jmeter.protocol.http.sampler.HTTPSamplerBase.getUrl(HTTPSamplerBase.java:1094) [ApacheJMeter_http.jar:5.6.3]
	at org.apache.jmeter.protocol.http.sampler.HTTPSamplerBase.sample(HTTPSamplerBase.java:1311) [ApacheJMeter_http.jar:5.6.3]
	at org.apache.jmeter.protocol.http.sampler.HTTPSamplerBase.sample(HTTPSamplerBase.java:1300) [ApacheJMeter_http.jar:5.6.3]
	at org.apache.jmeter.threads.JMeterThread.doSampling(JMeterThread.java:651) [ApacheJMeter_core.jar:5.6.3]
	at org.apache.jmeter.threads.JMeterThread.executeSamplePackage(JMeterThread.java:570) [ApacheJMeter_core.jar:5.6.3]
	at org.apache.jmeter.threads.JMeterThread.processSampler(JMeterThread.java:501) [ApacheJMeter_core.jar:5.6.3]
	at org.apache.jmeter.threads.JMeterThread.run(JMeterThread.java:268) [ApacheJMeter_core.jar:5.6.3]
	at java.base/java.lang.Thread.run(Thread.java:840) [?:?]
Caused by: javax.script.ScriptException: groovy.lang.MissingPropertyException: No such property: id for class: Script1
	at org.codehaus.groovy.jsr223.GroovyScriptEngineImpl.eval(GroovyScriptEngineImpl.java:320) ~[groovy-jsr223-3.0.20.jar:3.0.20]
	at org.codehaus.groovy.jsr223.GroovyScriptEngineImpl.eval(GroovyScriptEngineImpl.java:155) ~[groovy-jsr223-3.0.20.jar:3.0.20]
	... 15 more
Caused by: groovy.lang.MissingPropertyException: No such property: id for class: Script1
	at org.codehaus.groovy.runtime.ScriptBytecodeAdapter.unwrap(ScriptBytecodeAdapter.java:65) ~[groovy-3.0.20.jar:3.0.20]
	at org.codehaus.groovy.runtime.callsite.PogoGetPropertySite.getProperty(PogoGetPropertySite.java:51) ~[groovy-3.0.20.jar:3.0.20]
	at org.codehaus.groovy.runtime.callsite.AbstractCallSite.callGroovyObjectGetProperty(AbstractCallSite.java:341) ~[groovy-3.0.20.jar:3.0.20]
	at Script1.run(Script1.groovy:1) ~[?:?]
	at org.codehaus.groovy.jsr223.GroovyScriptEngineImpl.eval(GroovyScriptEngineImpl.java:317) ~[groovy-jsr223-3.0.20.jar:3.0.20]
	at org.codehaus.groovy.jsr223.GroovyScriptEngineImpl.eval(GroovyScriptEngineImpl.java:155) ~[groovy-jsr223-3.0.20.jar:3.0.20]
	... 15 more
2025-11-09 16:35:35,877 WARN o.a.j.f.Groovy: Error running groovy script
javax.script.ScriptException: javax.script.ScriptException: groovy.lang.MissingPropertyException: No such property: id for class: Script1
	at org.codehaus.groovy.jsr223.GroovyScriptEngineImpl.eval(GroovyScriptEngineImpl.java:158) ~[groovy-jsr223-3.0.20.jar:3.0.20]
	at java.scripting/javax.script.AbstractScriptEngine.eval(AbstractScriptEngine.java:231) ~[java.scripting:?]
	at org.apache.jmeter.functions.Groovy.execute(Groovy.java:123) [ApacheJMeter_functions.jar:5.6.3]
	at org.apache.jmeter.engine.util.CompoundVariable.execute(CompoundVariable.java:139) [ApacheJMeter_core.jar:5.6.3]
	at org.apache.jmeter.engine.util.CompoundVariable.execute(CompoundVariable.java:114) [ApacheJMeter_core.jar:5.6.3]
	at org.apache.jmeter.testelement.property.FunctionProperty.getStringValue(FunctionProperty.java:104) [ApacheJMeter_core.jar:5.6.3]
	at org.apache.jmeter.testelement.TestElement.get(TestElement.kt:276) [ApacheJMeter_core.jar:5.6.3]
	at org.apache.jmeter.protocol.http.sampler.HTTPSamplerBase.getPath(HTTPSamplerBase.java:519) [ApacheJMeter_http.jar:5.6.3]
	at org.apache.jmeter.protocol.http.sampler.HTTPSamplerBase.getUrl(HTTPSamplerBase.java:1094) [ApacheJMeter_http.jar:5.6.3]
	at org.apache.jmeter.protocol.http.sampler.HTTPSamplerBase.sample(HTTPSamplerBase.java:1311) [ApacheJMeter_http.jar:5.6.3]
	at org.apache.jmeter.protocol.http.sampler.HTTPSamplerBase.sample(HTTPSamplerBase.java:1300) [ApacheJMeter_http.jar:5.6.3]
	at org.apache.jmeter.threads.JMeterThread.doSampling(JMeterThread.java:651) [ApacheJMeter_core.jar:5.6.3]
	at org.apache.jmeter.threads.JMeterThread.executeSamplePackage(JMeterThread.java:570) [ApacheJMeter_core.jar:5.6.3]
	at org.apache.jmeter.threads.JMeterThread.processSampler(JMeterThread.java:501) [ApacheJMeter_core.jar:5.6.3]
	at org.apache.jmeter.threads.JMeterThread.run(JMeterThread.java:268) [ApacheJMeter_core.jar:5.6.3]
	at java.base/java.lang.Thread.run(Thread.java:840) [?:?]
Caused by: javax.script.ScriptException: groovy.lang.MissingPropertyException: No such property: id for class: Script1
	at org.codehaus.groovy.jsr223.GroovyScriptEngineImpl.eval(GroovyScriptEngineImpl.java:320) ~[groovy-jsr223-3.0.20.jar:3.0.20]
	at org.codehaus.groovy.jsr223.GroovyScriptEngineImpl.eval(GroovyScriptEngineImpl.java:155) ~[groovy-jsr223-3.0.20.jar:3.0.20]
	... 15 more
Caused by: groovy.lang.MissingPropertyException: No such property: id for class: Script1
	at org.codehaus.groovy.runtime.ScriptBytecodeAdapter.unwrap(ScriptBytecodeAdapter.java:65) ~[groovy-3.0.20.jar:3.0.20]
	at org.codehaus.groovy.runtime.callsite.PogoGetPropertySite.getProperty(PogoGetPropertySite.java:51) ~[groovy-3.0.20.jar:3.0.20]
	at org.codehaus.groovy.runtime.callsite.AbstractCallSite.callGroovyObjectGetProperty(AbstractCallSite.java:341) ~[groovy-3.0.20.jar:3.0.20]
	at Script1.run(Script1.groovy:1) ~[?:?]
	at org.codehaus.groovy.jsr223.GroovyScriptEngineImpl.eval(GroovyScriptEngineImpl.java:317) ~[groovy-jsr223-3.0.20.jar:3.0.20]
	at org.codehaus.groovy.jsr223.GroovyScriptEngineImpl.eval(GroovyScriptEngineImpl.java:155) ~[groovy-jsr223-3.0.20.jar:3.0.20]
	... 15 more
2025-11-09 16:35:35,882 INFO o.a.j.t.JMeterThread: Thread is done: Read-Heavy (GET /items/${id}) 1-8
2025-11-09 16:35:35,882 INFO o.a.j.t.JMeterThread: Thread finished: Read-Heavy (GET /items/${id}) 1-8
2025-11-09 16:35:36,853 INFO o.a.j.t.JMeterThread: Thread started: Browse Categories 2-9
2025-11-09 16:35:36,855 INFO o.a.j.t.JMeterThread: Thread started: Read-Heavy (GET /items/${id}) 1-9
2025-11-09 16:35:36,855 WARN o.a.j.f.Groovy: Error running groovy script
javax.script.ScriptException: javax.script.ScriptException: groovy.lang.MissingPropertyException: No such property: id for class: Script1
	at org.codehaus.groovy.jsr223.GroovyScriptEngineImpl.eval(GroovyScriptEngineImpl.java:158) ~[groovy-jsr223-3.0.20.jar:3.0.20]
	at java.scripting/javax.script.AbstractScriptEngine.eval(AbstractScriptEngine.java:231) ~[java.scripting:?]
	at org.apache.jmeter.functions.Groovy.execute(Groovy.java:123) [ApacheJMeter_functions.jar:5.6.3]
	at org.apache.jmeter.engine.util.CompoundVariable.execute(CompoundVariable.java:139) [ApacheJMeter_core.jar:5.6.3]
	at org.apache.jmeter.engine.util.CompoundVariable.execute(CompoundVariable.java:114) [ApacheJMeter_core.jar:5.6.3]
	at org.apache.jmeter.testelement.property.FunctionProperty.getStringValue(FunctionProperty.java:104) [ApacheJMeter_core.jar:5.6.3]
	at org.apache.jmeter.testelement.TestElement.get(TestElement.kt:276) [ApacheJMeter_core.jar:5.6.3]
	at org.apache.jmeter.protocol.http.sampler.HTTPSamplerBase.getPath(HTTPSamplerBase.java:519) [ApacheJMeter_http.jar:5.6.3]
	at org.apache.jmeter.protocol.http.sampler.HTTPSamplerBase.getUrl(HTTPSamplerBase.java:1094) [ApacheJMeter_http.jar:5.6.3]
	at org.apache.jmeter.protocol.http.sampler.HTTPSamplerBase.sample(HTTPSamplerBase.java:1311) [ApacheJMeter_http.jar:5.6.3]
	at org.apache.jmeter.protocol.http.sampler.HTTPSamplerBase.sample(HTTPSamplerBase.java:1300) [ApacheJMeter_http.jar:5.6.3]
	at org.apache.jmeter.threads.JMeterThread.doSampling(JMeterThread.java:651) [ApacheJMeter_core.jar:5.6.3]
	at org.apache.jmeter.threads.JMeterThread.executeSamplePackage(JMeterThread.java:570) [ApacheJMeter_core.jar:5.6.3]
	at org.apache.jmeter.threads.JMeterThread.processSampler(JMeterThread.java:501) [ApacheJMeter_core.jar:5.6.3]
	at org.apache.jmeter.threads.JMeterThread.run(JMeterThread.java:268) [ApacheJMeter_core.jar:5.6.3]
	at java.base/java.lang.Thread.run(Thread.java:840) [?:?]
Caused by: javax.script.ScriptException: groovy.lang.MissingPropertyException: No such property: id for class: Script1
	at org.codehaus.groovy.jsr223.GroovyScriptEngineImpl.eval(GroovyScriptEngineImpl.java:320) ~[groovy-jsr223-3.0.20.jar:3.0.20]
	at org.codehaus.groovy.jsr223.GroovyScriptEngineImpl.eval(GroovyScriptEngineImpl.java:155) ~[groovy-jsr223-3.0.20.jar:3.0.20]
	... 15 more
Caused by: groovy.lang.MissingPropertyException: No such property: id for class: Script1
	at org.codehaus.groovy.runtime.ScriptBytecodeAdapter.unwrap(ScriptBytecodeAdapter.java:65) ~[groovy-3.0.20.jar:3.0.20]
	at org.codehaus.groovy.runtime.callsite.PogoGetPropertySite.getProperty(PogoGetPropertySite.java:51) ~[groovy-3.0.20.jar:3.0.20]
	at org.codehaus.groovy.runtime.callsite.AbstractCallSite.callGroovyObjectGetProperty(AbstractCallSite.java:341) ~[groovy-3.0.20.jar:3.0.20]
	at Script1.run(Script1.groovy:1) ~[?:?]
	at org.codehaus.groovy.jsr223.GroovyScriptEngineImpl.eval(GroovyScriptEngineImpl.java:317) ~[groovy-jsr223-3.0.20.jar:3.0.20]
	at org.codehaus.groovy.jsr223.GroovyScriptEngineImpl.eval(GroovyScriptEngineImpl.java:155) ~[groovy-jsr223-3.0.20.jar:3.0.20]
	... 15 more
2025-11-09 16:35:36,860 INFO o.a.j.t.JMeterThread: Thread is done: Browse Categories 2-9
2025-11-09 16:35:36,860 INFO o.a.j.t.JMeterThread: Thread finished: Browse Categories 2-9
2025-11-09 16:35:36,861 WARN o.a.j.f.Groovy: Error running groovy script
javax.script.ScriptException: javax.script.ScriptException: groovy.lang.MissingPropertyException: No such property: id for class: Script1
	at org.codehaus.groovy.jsr223.GroovyScriptEngineImpl.eval(GroovyScriptEngineImpl.java:158) ~[groovy-jsr223-3.0.20.jar:3.0.20]
	at java.scripting/javax.script.AbstractScriptEngine.eval(AbstractScriptEngine.java:231) ~[java.scripting:?]
	at org.apache.jmeter.functions.Groovy.execute(Groovy.java:123) [ApacheJMeter_functions.jar:5.6.3]
	at org.apache.jmeter.engine.util.CompoundVariable.execute(CompoundVariable.java:139) [ApacheJMeter_core.jar:5.6.3]
	at org.apache.jmeter.engine.util.CompoundVariable.execute(CompoundVariable.java:114) [ApacheJMeter_core.jar:5.6.3]
	at org.apache.jmeter.testelement.property.FunctionProperty.getStringValue(FunctionProperty.java:104) [ApacheJMeter_core.jar:5.6.3]
	at org.apache.jmeter.testelement.TestElement.get(TestElement.kt:276) [ApacheJMeter_core.jar:5.6.3]
	at org.apache.jmeter.protocol.http.sampler.HTTPSamplerBase.getPath(HTTPSamplerBase.java:519) [ApacheJMeter_http.jar:5.6.3]
	at org.apache.jmeter.protocol.http.sampler.HTTPSamplerBase.getUrl(HTTPSamplerBase.java:1094) [ApacheJMeter_http.jar:5.6.3]
	at org.apache.jmeter.protocol.http.sampler.HTTPSamplerBase.sample(HTTPSamplerBase.java:1311) [ApacheJMeter_http.jar:5.6.3]
	at org.apache.jmeter.protocol.http.sampler.HTTPSamplerBase.sample(HTTPSamplerBase.java:1300) [ApacheJMeter_http.jar:5.6.3]
	at org.apache.jmeter.threads.JMeterThread.doSampling(JMeterThread.java:651) [ApacheJMeter_core.jar:5.6.3]
	at org.apache.jmeter.threads.JMeterThread.executeSamplePackage(JMeterThread.java:570) [ApacheJMeter_core.jar:5.6.3]
	at org.apache.jmeter.threads.JMeterThread.processSampler(JMeterThread.java:501) [ApacheJMeter_core.jar:5.6.3]
	at org.apache.jmeter.threads.JMeterThread.run(JMeterThread.java:268) [ApacheJMeter_core.jar:5.6.3]
	at java.base/java.lang.Thread.run(Thread.java:840) [?:?]
Caused by: javax.script.ScriptException: groovy.lang.MissingPropertyException: No such property: id for class: Script1
	at org.codehaus.groovy.jsr223.GroovyScriptEngineImpl.eval(GroovyScriptEngineImpl.java:320) ~[groovy-jsr223-3.0.20.jar:3.0.20]
	at org.codehaus.groovy.jsr223.GroovyScriptEngineImpl.eval(GroovyScriptEngineImpl.java:155) ~[groovy-jsr223-3.0.20.jar:3.0.20]
	... 15 more
Caused by: groovy.lang.MissingPropertyException: No such property: id for class: Script1
	at org.codehaus.groovy.runtime.ScriptBytecodeAdapter.unwrap(ScriptBytecodeAdapter.java:65) ~[groovy-3.0.20.jar:3.0.20]
	at org.codehaus.groovy.runtime.callsite.PogoGetPropertySite.getProperty(PogoGetPropertySite.java:51) ~[groovy-3.0.20.jar:3.0.20]
	at org.codehaus.groovy.runtime.callsite.AbstractCallSite.callGroovyObjectGetProperty(AbstractCallSite.java:341) ~[groovy-3.0.20.jar:3.0.20]
	at Script1.run(Script1.groovy:1) ~[?:?]
	at org.codehaus.groovy.jsr223.GroovyScriptEngineImpl.eval(GroovyScriptEngineImpl.java:317) ~[groovy-jsr223-3.0.20.jar:3.0.20]
	at org.codehaus.groovy.jsr223.GroovyScriptEngineImpl.eval(GroovyScriptEngineImpl.java:155) ~[groovy-jsr223-3.0.20.jar:3.0.20]
	... 15 more
2025-11-09 16:35:36,866 WARN o.a.j.f.Groovy: Error running groovy script
javax.script.ScriptException: javax.script.ScriptException: groovy.lang.MissingPropertyException: No such property: id for class: Script1
	at org.codehaus.groovy.jsr223.GroovyScriptEngineImpl.eval(GroovyScriptEngineImpl.java:158) ~[groovy-jsr223-3.0.20.jar:3.0.20]
	at java.scripting/javax.script.AbstractScriptEngine.eval(AbstractScriptEngine.java:231) ~[java.scripting:?]
	at org.apache.jmeter.functions.Groovy.execute(Groovy.java:123) [ApacheJMeter_functions.jar:5.6.3]
	at org.apache.jmeter.engine.util.CompoundVariable.execute(CompoundVariable.java:139) [ApacheJMeter_core.jar:5.6.3]
	at org.apache.jmeter.engine.util.CompoundVariable.execute(CompoundVariable.java:114) [ApacheJMeter_core.jar:5.6.3]
	at org.apache.jmeter.testelement.property.FunctionProperty.getStringValue(FunctionProperty.java:104) [ApacheJMeter_core.jar:5.6.3]
	at org.apache.jmeter.testelement.TestElement.get(TestElement.kt:276) [ApacheJMeter_core.jar:5.6.3]
	at org.apache.jmeter.protocol.http.sampler.HTTPSamplerBase.getPath(HTTPSamplerBase.java:519) [ApacheJMeter_http.jar:5.6.3]
	at org.apache.jmeter.protocol.http.sampler.HTTPSamplerBase.getUrl(HTTPSamplerBase.java:1094) [ApacheJMeter_http.jar:5.6.3]
	at org.apache.jmeter.protocol.http.sampler.HTTPSamplerBase.sample(HTTPSamplerBase.java:1311) [ApacheJMeter_http.jar:5.6.3]
	at org.apache.jmeter.protocol.http.sampler.HTTPSamplerBase.sample(HTTPSamplerBase.java:1300) [ApacheJMeter_http.jar:5.6.3]
	at org.apache.jmeter.threads.JMeterThread.doSampling(JMeterThread.java:651) [ApacheJMeter_core.jar:5.6.3]
	at org.apache.jmeter.threads.JMeterThread.executeSamplePackage(JMeterThread.java:570) [ApacheJMeter_core.jar:5.6.3]
	at org.apache.jmeter.threads.JMeterThread.processSampler(JMeterThread.java:501) [ApacheJMeter_core.jar:5.6.3]
	at org.apache.jmeter.threads.JMeterThread.run(JMeterThread.java:268) [ApacheJMeter_core.jar:5.6.3]
	at java.base/java.lang.Thread.run(Thread.java:840) [?:?]
Caused by: javax.script.ScriptException: groovy.lang.MissingPropertyException: No such property: id for class: Script1
	at org.codehaus.groovy.jsr223.GroovyScriptEngineImpl.eval(GroovyScriptEngineImpl.java:320) ~[groovy-jsr223-3.0.20.jar:3.0.20]
	at org.codehaus.groovy.jsr223.GroovyScriptEngineImpl.eval(GroovyScriptEngineImpl.java:155) ~[groovy-jsr223-3.0.20.jar:3.0.20]
	... 15 more
Caused by: groovy.lang.MissingPropertyException: No such property: id for class: Script1
	at org.codehaus.groovy.runtime.ScriptBytecodeAdapter.unwrap(ScriptBytecodeAdapter.java:65) ~[groovy-3.0.20.jar:3.0.20]
	at org.codehaus.groovy.runtime.callsite.PogoGetPropertySite.getProperty(PogoGetPropertySite.java:51) ~[groovy-3.0.20.jar:3.0.20]
	at org.codehaus.groovy.runtime.callsite.AbstractCallSite.callGroovyObjectGetProperty(AbstractCallSite.java:341) ~[groovy-3.0.20.jar:3.0.20]
	at Script1.run(Script1.groovy:1) ~[?:?]
	at org.codehaus.groovy.jsr223.GroovyScriptEngineImpl.eval(GroovyScriptEngineImpl.java:317) ~[groovy-jsr223-3.0.20.jar:3.0.20]
	at org.codehaus.groovy.jsr223.GroovyScriptEngineImpl.eval(GroovyScriptEngineImpl.java:155) ~[groovy-jsr223-3.0.20.jar:3.0.20]
	... 15 more
2025-11-09 16:35:36,871 WARN o.a.j.f.Groovy: Error running groovy script
javax.script.ScriptException: javax.script.ScriptException: groovy.lang.MissingPropertyException: No such property: id for class: Script1
	at org.codehaus.groovy.jsr223.GroovyScriptEngineImpl.eval(GroovyScriptEngineImpl.java:158) ~[groovy-jsr223-3.0.20.jar:3.0.20]
	at java.scripting/javax.script.AbstractScriptEngine.eval(AbstractScriptEngine.java:231) ~[java.scripting:?]
	at org.apache.jmeter.functions.Groovy.execute(Groovy.java:123) [ApacheJMeter_functions.jar:5.6.3]
	at org.apache.jmeter.engine.util.CompoundVariable.execute(CompoundVariable.java:139) [ApacheJMeter_core.jar:5.6.3]
	at org.apache.jmeter.engine.util.CompoundVariable.execute(CompoundVariable.java:114) [ApacheJMeter_core.jar:5.6.3]
	at org.apache.jmeter.testelement.property.FunctionProperty.getStringValue(FunctionProperty.java:104) [ApacheJMeter_core.jar:5.6.3]
	at org.apache.jmeter.testelement.TestElement.get(TestElement.kt:276) [ApacheJMeter_core.jar:5.6.3]
	at org.apache.jmeter.protocol.http.sampler.HTTPSamplerBase.getPath(HTTPSamplerBase.java:519) [ApacheJMeter_http.jar:5.6.3]
	at org.apache.jmeter.protocol.http.sampler.HTTPSamplerBase.getUrl(HTTPSamplerBase.java:1094) [ApacheJMeter_http.jar:5.6.3]
	at org.apache.jmeter.protocol.http.sampler.HTTPSamplerBase.sample(HTTPSamplerBase.java:1311) [ApacheJMeter_http.jar:5.6.3]
	at org.apache.jmeter.protocol.http.sampler.HTTPSamplerBase.sample(HTTPSamplerBase.java:1300) [ApacheJMeter_http.jar:5.6.3]
	at org.apache.jmeter.threads.JMeterThread.doSampling(JMeterThread.java:651) [ApacheJMeter_core.jar:5.6.3]
	at org.apache.jmeter.threads.JMeterThread.executeSamplePackage(JMeterThread.java:570) [ApacheJMeter_core.jar:5.6.3]
	at org.apache.jmeter.threads.JMeterThread.processSampler(JMeterThread.java:501) [ApacheJMeter_core.jar:5.6.3]
	at org.apache.jmeter.threads.JMeterThread.run(JMeterThread.java:268) [ApacheJMeter_core.jar:5.6.3]
	at java.base/java.lang.Thread.run(Thread.java:840) [?:?]
Caused by: javax.script.ScriptException: groovy.lang.MissingPropertyException: No such property: id for class: Script1
	at org.codehaus.groovy.jsr223.GroovyScriptEngineImpl.eval(GroovyScriptEngineImpl.java:320) ~[groovy-jsr223-3.0.20.jar:3.0.20]
	at org.codehaus.groovy.jsr223.GroovyScriptEngineImpl.eval(GroovyScriptEngineImpl.java:155) ~[groovy-jsr223-3.0.20.jar:3.0.20]
	... 15 more
Caused by: groovy.lang.MissingPropertyException: No such property: id for class: Script1
	at org.codehaus.groovy.runtime.ScriptBytecodeAdapter.unwrap(ScriptBytecodeAdapter.java:65) ~[groovy-3.0.20.jar:3.0.20]
	at org.codehaus.groovy.runtime.callsite.PogoGetPropertySite.getProperty(PogoGetPropertySite.java:51) ~[groovy-3.0.20.jar:3.0.20]
	at org.codehaus.groovy.runtime.callsite.AbstractCallSite.callGroovyObjectGetProperty(AbstractCallSite.java:341) ~[groovy-3.0.20.jar:3.0.20]
	at Script1.run(Script1.groovy:1) ~[?:?]
	at org.codehaus.groovy.jsr223.GroovyScriptEngineImpl.eval(GroovyScriptEngineImpl.java:317) ~[groovy-jsr223-3.0.20.jar:3.0.20]
	at org.codehaus.groovy.jsr223.GroovyScriptEngineImpl.eval(GroovyScriptEngineImpl.java:155) ~[groovy-jsr223-3.0.20.jar:3.0.20]
	... 15 more
2025-11-09 16:35:36,874 WARN o.a.j.f.Groovy: Error running groovy script
javax.script.ScriptException: javax.script.ScriptException: groovy.lang.MissingPropertyException: No such property: id for class: Script1
	at org.codehaus.groovy.jsr223.GroovyScriptEngineImpl.eval(GroovyScriptEngineImpl.java:158) ~[groovy-jsr223-3.0.20.jar:3.0.20]
	at java.scripting/javax.script.AbstractScriptEngine.eval(AbstractScriptEngine.java:231) ~[java.scripting:?]
	at org.apache.jmeter.functions.Groovy.execute(Groovy.java:123) [ApacheJMeter_functions.jar:5.6.3]
	at org.apache.jmeter.engine.util.CompoundVariable.execute(CompoundVariable.java:139) [ApacheJMeter_core.jar:5.6.3]
	at org.apache.jmeter.engine.util.CompoundVariable.execute(CompoundVariable.java:114) [ApacheJMeter_core.jar:5.6.3]
	at org.apache.jmeter.testelement.property.FunctionProperty.getStringValue(FunctionProperty.java:104) [ApacheJMeter_core.jar:5.6.3]
	at org.apache.jmeter.testelement.TestElement.get(TestElement.kt:276) [ApacheJMeter_core.jar:5.6.3]
	at org.apache.jmeter.protocol.http.sampler.HTTPSamplerBase.getPath(HTTPSamplerBase.java:519) [ApacheJMeter_http.jar:5.6.3]
	at org.apache.jmeter.protocol.http.sampler.HTTPSamplerBase.getUrl(HTTPSamplerBase.java:1094) [ApacheJMeter_http.jar:5.6.3]
	at org.apache.jmeter.protocol.http.sampler.HTTPSamplerBase.sample(HTTPSamplerBase.java:1311) [ApacheJMeter_http.jar:5.6.3]
	at org.apache.jmeter.protocol.http.sampler.HTTPSamplerBase.sample(HTTPSamplerBase.java:1300) [ApacheJMeter_http.jar:5.6.3]
	at org.apache.jmeter.threads.JMeterThread.doSampling(JMeterThread.java:651) [ApacheJMeter_core.jar:5.6.3]
	at org.apache.jmeter.threads.JMeterThread.executeSamplePackage(JMeterThread.java:570) [ApacheJMeter_core.jar:5.6.3]
	at org.apache.jmeter.threads.JMeterThread.processSampler(JMeterThread.java:501) [ApacheJMeter_core.jar:5.6.3]
	at org.apache.jmeter.threads.JMeterThread.run(JMeterThread.java:268) [ApacheJMeter_core.jar:5.6.3]
	at java.base/java.lang.Thread.run(Thread.java:840) [?:?]
Caused by: javax.script.ScriptException: groovy.lang.MissingPropertyException: No such property: id for class: Script1
	at org.codehaus.groovy.jsr223.GroovyScriptEngineImpl.eval(GroovyScriptEngineImpl.java:320) ~[groovy-jsr223-3.0.20.jar:3.0.20]
	at org.codehaus.groovy.jsr223.GroovyScriptEngineImpl.eval(GroovyScriptEngineImpl.java:155) ~[groovy-jsr223-3.0.20.jar:3.0.20]
	... 15 more
Caused by: groovy.lang.MissingPropertyException: No such property: id for class: Script1
	at org.codehaus.groovy.runtime.ScriptBytecodeAdapter.unwrap(ScriptBytecodeAdapter.java:65) ~[groovy-3.0.20.jar:3.0.20]
	at org.codehaus.groovy.runtime.callsite.PogoGetPropertySite.getProperty(PogoGetPropertySite.java:51) ~[groovy-3.0.20.jar:3.0.20]
	at org.codehaus.groovy.runtime.callsite.AbstractCallSite.callGroovyObjectGetProperty(AbstractCallSite.java:341) ~[groovy-3.0.20.jar:3.0.20]
	at Script1.run(Script1.groovy:1) ~[?:?]
	at org.codehaus.groovy.jsr223.GroovyScriptEngineImpl.eval(GroovyScriptEngineImpl.java:317) ~[groovy-jsr223-3.0.20.jar:3.0.20]
	at org.codehaus.groovy.jsr223.GroovyScriptEngineImpl.eval(GroovyScriptEngineImpl.java:155) ~[groovy-jsr223-3.0.20.jar:3.0.20]
	... 15 more
2025-11-09 16:35:36,880 WARN o.a.j.f.Groovy: Error running groovy script
javax.script.ScriptException: javax.script.ScriptException: groovy.lang.MissingPropertyException: No such property: id for class: Script1
	at org.codehaus.groovy.jsr223.GroovyScriptEngineImpl.eval(GroovyScriptEngineImpl.java:158) ~[groovy-jsr223-3.0.20.jar:3.0.20]
	at java.scripting/javax.script.AbstractScriptEngine.eval(AbstractScriptEngine.java:231) ~[java.scripting:?]
	at org.apache.jmeter.functions.Groovy.execute(Groovy.java:123) [ApacheJMeter_functions.jar:5.6.3]
	at org.apache.jmeter.engine.util.CompoundVariable.execute(CompoundVariable.java:139) [ApacheJMeter_core.jar:5.6.3]
	at org.apache.jmeter.engine.util.CompoundVariable.execute(CompoundVariable.java:114) [ApacheJMeter_core.jar:5.6.3]
	at org.apache.jmeter.testelement.property.FunctionProperty.getStringValue(FunctionProperty.java:104) [ApacheJMeter_core.jar:5.6.3]
	at org.apache.jmeter.testelement.TestElement.get(TestElement.kt:276) [ApacheJMeter_core.jar:5.6.3]
	at org.apache.jmeter.protocol.http.sampler.HTTPSamplerBase.getPath(HTTPSamplerBase.java:519) [ApacheJMeter_http.jar:5.6.3]
	at org.apache.jmeter.protocol.http.sampler.HTTPSamplerBase.getUrl(HTTPSamplerBase.java:1094) [ApacheJMeter_http.jar:5.6.3]
	at org.apache.jmeter.protocol.http.sampler.HTTPSamplerBase.sample(HTTPSamplerBase.java:1311) [ApacheJMeter_http.jar:5.6.3]
	at org.apache.jmeter.protocol.http.sampler.HTTPSamplerBase.sample(HTTPSamplerBase.java:1300) [ApacheJMeter_http.jar:5.6.3]
	at org.apache.jmeter.threads.JMeterThread.doSampling(JMeterThread.java:651) [ApacheJMeter_core.jar:5.6.3]
	at org.apache.jmeter.threads.JMeterThread.executeSamplePackage(JMeterThread.java:570) [ApacheJMeter_core.jar:5.6.3]
	at org.apache.jmeter.threads.JMeterThread.processSampler(JMeterThread.java:501) [ApacheJMeter_core.jar:5.6.3]
	at org.apache.jmeter.threads.JMeterThread.run(JMeterThread.java:268) [ApacheJMeter_core.jar:5.6.3]
	at java.base/java.lang.Thread.run(Thread.java:840) [?:?]
Caused by: javax.script.ScriptException: groovy.lang.MissingPropertyException: No such property: id for class: Script1
	at org.codehaus.groovy.jsr223.GroovyScriptEngineImpl.eval(GroovyScriptEngineImpl.java:320) ~[groovy-jsr223-3.0.20.jar:3.0.20]
	at org.codehaus.groovy.jsr223.GroovyScriptEngineImpl.eval(GroovyScriptEngineImpl.java:155) ~[groovy-jsr223-3.0.20.jar:3.0.20]
	... 15 more
Caused by: groovy.lang.MissingPropertyException: No such property: id for class: Script1
	at org.codehaus.groovy.runtime.ScriptBytecodeAdapter.unwrap(ScriptBytecodeAdapter.java:65) ~[groovy-3.0.20.jar:3.0.20]
	at org.codehaus.groovy.runtime.callsite.PogoGetPropertySite.getProperty(PogoGetPropertySite.java:51) ~[groovy-3.0.20.jar:3.0.20]
	at org.codehaus.groovy.runtime.callsite.AbstractCallSite.callGroovyObjectGetProperty(AbstractCallSite.java:341) ~[groovy-3.0.20.jar:3.0.20]
	at Script1.run(Script1.groovy:1) ~[?:?]
	at org.codehaus.groovy.jsr223.GroovyScriptEngineImpl.eval(GroovyScriptEngineImpl.java:317) ~[groovy-jsr223-3.0.20.jar:3.0.20]
	at org.codehaus.groovy.jsr223.GroovyScriptEngineImpl.eval(GroovyScriptEngineImpl.java:155) ~[groovy-jsr223-3.0.20.jar:3.0.20]
	... 15 more
2025-11-09 16:35:36,884 INFO o.a.j.t.JMeterThread: Thread is done: Read-Heavy (GET /items/${id}) 1-9
2025-11-09 16:35:36,884 INFO o.a.j.t.JMeterThread: Thread finished: Read-Heavy (GET /items/${id}) 1-9
2025-11-09 16:35:37,857 INFO o.a.j.t.JMeterThread: Thread started: Read-Heavy (GET /items/${id}) 1-10
2025-11-09 16:35:37,858 WARN o.a.j.f.Groovy: Error running groovy script
javax.script.ScriptException: javax.script.ScriptException: groovy.lang.MissingPropertyException: No such property: id for class: Script1
	at org.codehaus.groovy.jsr223.GroovyScriptEngineImpl.eval(GroovyScriptEngineImpl.java:158) ~[groovy-jsr223-3.0.20.jar:3.0.20]
	at java.scripting/javax.script.AbstractScriptEngine.eval(AbstractScriptEngine.java:231) ~[java.scripting:?]
	at org.apache.jmeter.functions.Groovy.execute(Groovy.java:123) [ApacheJMeter_functions.jar:5.6.3]
	at org.apache.jmeter.engine.util.CompoundVariable.execute(CompoundVariable.java:139) [ApacheJMeter_core.jar:5.6.3]
	at org.apache.jmeter.engine.util.CompoundVariable.execute(CompoundVariable.java:114) [ApacheJMeter_core.jar:5.6.3]
	at org.apache.jmeter.testelement.property.FunctionProperty.getStringValue(FunctionProperty.java:104) [ApacheJMeter_core.jar:5.6.3]
	at org.apache.jmeter.testelement.TestElement.get(TestElement.kt:276) [ApacheJMeter_core.jar:5.6.3]
	at org.apache.jmeter.protocol.http.sampler.HTTPSamplerBase.getPath(HTTPSamplerBase.java:519) [ApacheJMeter_http.jar:5.6.3]
	at org.apache.jmeter.protocol.http.sampler.HTTPSamplerBase.getUrl(HTTPSamplerBase.java:1094) [ApacheJMeter_http.jar:5.6.3]
	at org.apache.jmeter.protocol.http.sampler.HTTPSamplerBase.sample(HTTPSamplerBase.java:1311) [ApacheJMeter_http.jar:5.6.3]
	at org.apache.jmeter.protocol.http.sampler.HTTPSamplerBase.sample(HTTPSamplerBase.java:1300) [ApacheJMeter_http.jar:5.6.3]
	at org.apache.jmeter.threads.JMeterThread.doSampling(JMeterThread.java:651) [ApacheJMeter_core.jar:5.6.3]
	at org.apache.jmeter.threads.JMeterThread.executeSamplePackage(JMeterThread.java:570) [ApacheJMeter_core.jar:5.6.3]
	at org.apache.jmeter.threads.JMeterThread.processSampler(JMeterThread.java:501) [ApacheJMeter_core.jar:5.6.3]
	at org.apache.jmeter.threads.JMeterThread.run(JMeterThread.java:268) [ApacheJMeter_core.jar:5.6.3]
	at java.base/java.lang.Thread.run(Thread.java:840) [?:?]
Caused by: javax.script.ScriptException: groovy.lang.MissingPropertyException: No such property: id for class: Script1
	at org.codehaus.groovy.jsr223.GroovyScriptEngineImpl.eval(GroovyScriptEngineImpl.java:320) ~[groovy-jsr223-3.0.20.jar:3.0.20]
	at org.codehaus.groovy.jsr223.GroovyScriptEngineImpl.eval(GroovyScriptEngineImpl.java:155) ~[groovy-jsr223-3.0.20.jar:3.0.20]
	... 15 more
Caused by: groovy.lang.MissingPropertyException: No such property: id for class: Script1
	at org.codehaus.groovy.runtime.ScriptBytecodeAdapter.unwrap(ScriptBytecodeAdapter.java:65) ~[groovy-3.0.20.jar:3.0.20]
	at org.codehaus.groovy.runtime.callsite.PogoGetPropertySite.getProperty(PogoGetPropertySite.java:51) ~[groovy-3.0.20.jar:3.0.20]
	at org.codehaus.groovy.runtime.callsite.AbstractCallSite.callGroovyObjectGetProperty(AbstractCallSite.java:341) ~[groovy-3.0.20.jar:3.0.20]
	at Script1.run(Script1.groovy:1) ~[?:?]
	at org.codehaus.groovy.jsr223.GroovyScriptEngineImpl.eval(GroovyScriptEngineImpl.java:317) ~[groovy-jsr223-3.0.20.jar:3.0.20]
	at org.codehaus.groovy.jsr223.GroovyScriptEngineImpl.eval(GroovyScriptEngineImpl.java:155) ~[groovy-jsr223-3.0.20.jar:3.0.20]
	... 15 more
2025-11-09 16:35:37,861 INFO o.a.j.t.JMeterThread: Thread started: Browse Categories 2-10
2025-11-09 16:35:37,866 INFO o.a.j.t.JMeterThread: Thread is done: Browse Categories 2-10
2025-11-09 16:35:37,867 INFO o.a.j.t.JMeterThread: Thread finished: Browse Categories 2-10
2025-11-09 16:35:37,868 WARN o.a.j.f.Groovy: Error running groovy script
javax.script.ScriptException: javax.script.ScriptException: groovy.lang.MissingPropertyException: No such property: id for class: Script1
	at org.codehaus.groovy.jsr223.GroovyScriptEngineImpl.eval(GroovyScriptEngineImpl.java:158) ~[groovy-jsr223-3.0.20.jar:3.0.20]
	at java.scripting/javax.script.AbstractScriptEngine.eval(AbstractScriptEngine.java:231) ~[java.scripting:?]
	at org.apache.jmeter.functions.Groovy.execute(Groovy.java:123) [ApacheJMeter_functions.jar:5.6.3]
	at org.apache.jmeter.engine.util.CompoundVariable.execute(CompoundVariable.java:139) [ApacheJMeter_core.jar:5.6.3]
	at org.apache.jmeter.engine.util.CompoundVariable.execute(CompoundVariable.java:114) [ApacheJMeter_core.jar:5.6.3]
	at org.apache.jmeter.testelement.property.FunctionProperty.getStringValue(FunctionProperty.java:104) [ApacheJMeter_core.jar:5.6.3]
	at org.apache.jmeter.testelement.TestElement.get(TestElement.kt:276) [ApacheJMeter_core.jar:5.6.3]
	at org.apache.jmeter.protocol.http.sampler.HTTPSamplerBase.getPath(HTTPSamplerBase.java:519) [ApacheJMeter_http.jar:5.6.3]
	at org.apache.jmeter.protocol.http.sampler.HTTPSamplerBase.getUrl(HTTPSamplerBase.java:1094) [ApacheJMeter_http.jar:5.6.3]
	at org.apache.jmeter.protocol.http.sampler.HTTPSamplerBase.sample(HTTPSamplerBase.java:1311) [ApacheJMeter_http.jar:5.6.3]
	at org.apache.jmeter.protocol.http.sampler.HTTPSamplerBase.sample(HTTPSamplerBase.java:1300) [ApacheJMeter_http.jar:5.6.3]
	at org.apache.jmeter.threads.JMeterThread.doSampling(JMeterThread.java:651) [ApacheJMeter_core.jar:5.6.3]
	at org.apache.jmeter.threads.JMeterThread.executeSamplePackage(JMeterThread.java:570) [ApacheJMeter_core.jar:5.6.3]
	at org.apache.jmeter.threads.JMeterThread.processSampler(JMeterThread.java:501) [ApacheJMeter_core.jar:5.6.3]
	at org.apache.jmeter.threads.JMeterThread.run(JMeterThread.java:268) [ApacheJMeter_core.jar:5.6.3]
	at java.base/java.lang.Thread.run(Thread.java:840) [?:?]
Caused by: javax.script.ScriptException: groovy.lang.MissingPropertyException: No such property: id for class: Script1
	at org.codehaus.groovy.jsr223.GroovyScriptEngineImpl.eval(GroovyScriptEngineImpl.java:320) ~[groovy-jsr223-3.0.20.jar:3.0.20]
	at org.codehaus.groovy.jsr223.GroovyScriptEngineImpl.eval(GroovyScriptEngineImpl.java:155) ~[groovy-jsr223-3.0.20.jar:3.0.20]
	... 15 more
Caused by: groovy.lang.MissingPropertyException: No such property: id for class: Script1
	at org.codehaus.groovy.runtime.ScriptBytecodeAdapter.unwrap(ScriptBytecodeAdapter.java:65) ~[groovy-3.0.20.jar:3.0.20]
	at org.codehaus.groovy.runtime.callsite.PogoGetPropertySite.getProperty(PogoGetPropertySite.java:51) ~[groovy-3.0.20.jar:3.0.20]
	at org.codehaus.groovy.runtime.callsite.AbstractCallSite.callGroovyObjectGetProperty(AbstractCallSite.java:341) ~[groovy-3.0.20.jar:3.0.20]
	at Script1.run(Script1.groovy:1) ~[?:?]
	at org.codehaus.groovy.jsr223.GroovyScriptEngineImpl.eval(GroovyScriptEngineImpl.java:317) ~[groovy-jsr223-3.0.20.jar:3.0.20]
	at org.codehaus.groovy.jsr223.GroovyScriptEngineImpl.eval(GroovyScriptEngineImpl.java:155) ~[groovy-jsr223-3.0.20.jar:3.0.20]
	... 15 more
2025-11-09 16:35:37,874 WARN o.a.j.f.Groovy: Error running groovy script
javax.script.ScriptException: javax.script.ScriptException: groovy.lang.MissingPropertyException: No such property: id for class: Script1
	at org.codehaus.groovy.jsr223.GroovyScriptEngineImpl.eval(GroovyScriptEngineImpl.java:158) ~[groovy-jsr223-3.0.20.jar:3.0.20]
	at java.scripting/javax.script.AbstractScriptEngine.eval(AbstractScriptEngine.java:231) ~[java.scripting:?]
	at org.apache.jmeter.functions.Groovy.execute(Groovy.java:123) [ApacheJMeter_functions.jar:5.6.3]
	at org.apache.jmeter.engine.util.CompoundVariable.execute(CompoundVariable.java:139) [ApacheJMeter_core.jar:5.6.3]
	at org.apache.jmeter.engine.util.CompoundVariable.execute(CompoundVariable.java:114) [ApacheJMeter_core.jar:5.6.3]
	at org.apache.jmeter.testelement.property.FunctionProperty.getStringValue(FunctionProperty.java:104) [ApacheJMeter_core.jar:5.6.3]
	at org.apache.jmeter.testelement.TestElement.get(TestElement.kt:276) [ApacheJMeter_core.jar:5.6.3]
	at org.apache.jmeter.protocol.http.sampler.HTTPSamplerBase.getPath(HTTPSamplerBase.java:519) [ApacheJMeter_http.jar:5.6.3]
	at org.apache.jmeter.protocol.http.sampler.HTTPSamplerBase.getUrl(HTTPSamplerBase.java:1094) [ApacheJMeter_http.jar:5.6.3]
	at org.apache.jmeter.protocol.http.sampler.HTTPSamplerBase.sample(HTTPSamplerBase.java:1311) [ApacheJMeter_http.jar:5.6.3]
	at org.apache.jmeter.protocol.http.sampler.HTTPSamplerBase.sample(HTTPSamplerBase.java:1300) [ApacheJMeter_http.jar:5.6.3]
	at org.apache.jmeter.threads.JMeterThread.doSampling(JMeterThread.java:651) [ApacheJMeter_core.jar:5.6.3]
	at org.apache.jmeter.threads.JMeterThread.executeSamplePackage(JMeterThread.java:570) [ApacheJMeter_core.jar:5.6.3]
	at org.apache.jmeter.threads.JMeterThread.processSampler(JMeterThread.java:501) [ApacheJMeter_core.jar:5.6.3]
	at org.apache.jmeter.threads.JMeterThread.run(JMeterThread.java:268) [ApacheJMeter_core.jar:5.6.3]
	at java.base/java.lang.Thread.run(Thread.java:840) [?:?]
Caused by: javax.script.ScriptException: groovy.lang.MissingPropertyException: No such property: id for class: Script1
	at org.codehaus.groovy.jsr223.GroovyScriptEngineImpl.eval(GroovyScriptEngineImpl.java:320) ~[groovy-jsr223-3.0.20.jar:3.0.20]
	at org.codehaus.groovy.jsr223.GroovyScriptEngineImpl.eval(GroovyScriptEngineImpl.java:155) ~[groovy-jsr223-3.0.20.jar:3.0.20]
	... 15 more
Caused by: groovy.lang.MissingPropertyException: No such property: id for class: Script1
	at org.codehaus.groovy.runtime.ScriptBytecodeAdapter.unwrap(ScriptBytecodeAdapter.java:65) ~[groovy-3.0.20.jar:3.0.20]
	at org.codehaus.groovy.runtime.callsite.PogoGetPropertySite.getProperty(PogoGetPropertySite.java:51) ~[groovy-3.0.20.jar:3.0.20]
	at org.codehaus.groovy.runtime.callsite.AbstractCallSite.callGroovyObjectGetProperty(AbstractCallSite.java:341) ~[groovy-3.0.20.jar:3.0.20]
	at Script1.run(Script1.groovy:1) ~[?:?]
	at org.codehaus.groovy.jsr223.GroovyScriptEngineImpl.eval(GroovyScriptEngineImpl.java:317) ~[groovy-jsr223-3.0.20.jar:3.0.20]
	at org.codehaus.groovy.jsr223.GroovyScriptEngineImpl.eval(GroovyScriptEngineImpl.java:155) ~[groovy-jsr223-3.0.20.jar:3.0.20]
	... 15 more
2025-11-09 16:35:37,880 WARN o.a.j.f.Groovy: Error running groovy script
javax.script.ScriptException: javax.script.ScriptException: groovy.lang.MissingPropertyException: No such property: id for class: Script1
	at org.codehaus.groovy.jsr223.GroovyScriptEngineImpl.eval(GroovyScriptEngineImpl.java:158) ~[groovy-jsr223-3.0.20.jar:3.0.20]
	at java.scripting/javax.script.AbstractScriptEngine.eval(AbstractScriptEngine.java:231) ~[java.scripting:?]
	at org.apache.jmeter.functions.Groovy.execute(Groovy.java:123) [ApacheJMeter_functions.jar:5.6.3]
	at org.apache.jmeter.engine.util.CompoundVariable.execute(CompoundVariable.java:139) [ApacheJMeter_core.jar:5.6.3]
	at org.apache.jmeter.engine.util.CompoundVariable.execute(CompoundVariable.java:114) [ApacheJMeter_core.jar:5.6.3]
	at org.apache.jmeter.testelement.property.FunctionProperty.getStringValue(FunctionProperty.java:104) [ApacheJMeter_core.jar:5.6.3]
	at org.apache.jmeter.testelement.TestElement.get(TestElement.kt:276) [ApacheJMeter_core.jar:5.6.3]
	at org.apache.jmeter.protocol.http.sampler.HTTPSamplerBase.getPath(HTTPSamplerBase.java:519) [ApacheJMeter_http.jar:5.6.3]
	at org.apache.jmeter.protocol.http.sampler.HTTPSamplerBase.getUrl(HTTPSamplerBase.java:1094) [ApacheJMeter_http.jar:5.6.3]
	at org.apache.jmeter.protocol.http.sampler.HTTPSamplerBase.sample(HTTPSamplerBase.java:1311) [ApacheJMeter_http.jar:5.6.3]
	at org.apache.jmeter.protocol.http.sampler.HTTPSamplerBase.sample(HTTPSamplerBase.java:1300) [ApacheJMeter_http.jar:5.6.3]
	at org.apache.jmeter.threads.JMeterThread.doSampling(JMeterThread.java:651) [ApacheJMeter_core.jar:5.6.3]
	at org.apache.jmeter.threads.JMeterThread.executeSamplePackage(JMeterThread.java:570) [ApacheJMeter_core.jar:5.6.3]
	at org.apache.jmeter.threads.JMeterThread.processSampler(JMeterThread.java:501) [ApacheJMeter_core.jar:5.6.3]
	at org.apache.jmeter.threads.JMeterThread.run(JMeterThread.java:268) [ApacheJMeter_core.jar:5.6.3]
	at java.base/java.lang.Thread.run(Thread.java:840) [?:?]
Caused by: javax.script.ScriptException: groovy.lang.MissingPropertyException: No such property: id for class: Script1
	at org.codehaus.groovy.jsr223.GroovyScriptEngineImpl.eval(GroovyScriptEngineImpl.java:320) ~[groovy-jsr223-3.0.20.jar:3.0.20]
	at org.codehaus.groovy.jsr223.GroovyScriptEngineImpl.eval(GroovyScriptEngineImpl.java:155) ~[groovy-jsr223-3.0.20.jar:3.0.20]
	... 15 more
Caused by: groovy.lang.MissingPropertyException: No such property: id for class: Script1
	at org.codehaus.groovy.runtime.ScriptBytecodeAdapter.unwrap(ScriptBytecodeAdapter.java:65) ~[groovy-3.0.20.jar:3.0.20]
	at org.codehaus.groovy.runtime.callsite.PogoGetPropertySite.getProperty(PogoGetPropertySite.java:51) ~[groovy-3.0.20.jar:3.0.20]
	at org.codehaus.groovy.runtime.callsite.AbstractCallSite.callGroovyObjectGetProperty(AbstractCallSite.java:341) ~[groovy-3.0.20.jar:3.0.20]
	at Script1.run(Script1.groovy:1) ~[?:?]
	at org.codehaus.groovy.jsr223.GroovyScriptEngineImpl.eval(GroovyScriptEngineImpl.java:317) ~[groovy-jsr223-3.0.20.jar:3.0.20]
	at org.codehaus.groovy.jsr223.GroovyScriptEngineImpl.eval(GroovyScriptEngineImpl.java:155) ~[groovy-jsr223-3.0.20.jar:3.0.20]
	... 15 more
2025-11-09 16:35:37,886 WARN o.a.j.f.Groovy: Error running groovy script
javax.script.ScriptException: javax.script.ScriptException: groovy.lang.MissingPropertyException: No such property: id for class: Script1
	at org.codehaus.groovy.jsr223.GroovyScriptEngineImpl.eval(GroovyScriptEngineImpl.java:158) ~[groovy-jsr223-3.0.20.jar:3.0.20]
	at java.scripting/javax.script.AbstractScriptEngine.eval(AbstractScriptEngine.java:231) ~[java.scripting:?]
	at org.apache.jmeter.functions.Groovy.execute(Groovy.java:123) [ApacheJMeter_functions.jar:5.6.3]
	at org.apache.jmeter.engine.util.CompoundVariable.execute(CompoundVariable.java:139) [ApacheJMeter_core.jar:5.6.3]
	at org.apache.jmeter.engine.util.CompoundVariable.execute(CompoundVariable.java:114) [ApacheJMeter_core.jar:5.6.3]
	at org.apache.jmeter.testelement.property.FunctionProperty.getStringValue(FunctionProperty.java:104) [ApacheJMeter_core.jar:5.6.3]
	at org.apache.jmeter.testelement.TestElement.get(TestElement.kt:276) [ApacheJMeter_core.jar:5.6.3]
	at org.apache.jmeter.protocol.http.sampler.HTTPSamplerBase.getPath(HTTPSamplerBase.java:519) [ApacheJMeter_http.jar:5.6.3]
	at org.apache.jmeter.protocol.http.sampler.HTTPSamplerBase.getUrl(HTTPSamplerBase.java:1094) [ApacheJMeter_http.jar:5.6.3]
	at org.apache.jmeter.protocol.http.sampler.HTTPSamplerBase.sample(HTTPSamplerBase.java:1311) [ApacheJMeter_http.jar:5.6.3]
	at org.apache.jmeter.protocol.http.sampler.HTTPSamplerBase.sample(HTTPSamplerBase.java:1300) [ApacheJMeter_http.jar:5.6.3]
	at org.apache.jmeter.threads.JMeterThread.doSampling(JMeterThread.java:651) [ApacheJMeter_core.jar:5.6.3]
	at org.apache.jmeter.threads.JMeterThread.executeSamplePackage(JMeterThread.java:570) [ApacheJMeter_core.jar:5.6.3]
	at org.apache.jmeter.threads.JMeterThread.processSampler(JMeterThread.java:501) [ApacheJMeter_core.jar:5.6.3]
	at org.apache.jmeter.threads.JMeterThread.run(JMeterThread.java:268) [ApacheJMeter_core.jar:5.6.3]
	at java.base/java.lang.Thread.run(Thread.java:840) [?:?]
Caused by: javax.script.ScriptException: groovy.lang.MissingPropertyException: No such property: id for class: Script1
	at org.codehaus.groovy.jsr223.GroovyScriptEngineImpl.eval(GroovyScriptEngineImpl.java:320) ~[groovy-jsr223-3.0.20.jar:3.0.20]
	at org.codehaus.groovy.jsr223.GroovyScriptEngineImpl.eval(GroovyScriptEngineImpl.java:155) ~[groovy-jsr223-3.0.20.jar:3.0.20]
	... 15 more
Caused by: groovy.lang.MissingPropertyException: No such property: id for class: Script1
	at org.codehaus.groovy.runtime.ScriptBytecodeAdapter.unwrap(ScriptBytecodeAdapter.java:65) ~[groovy-3.0.20.jar:3.0.20]
	at org.codehaus.groovy.runtime.callsite.PogoGetPropertySite.getProperty(PogoGetPropertySite.java:51) ~[groovy-3.0.20.jar:3.0.20]
	at org.codehaus.groovy.runtime.callsite.AbstractCallSite.callGroovyObjectGetProperty(AbstractCallSite.java:341) ~[groovy-3.0.20.jar:3.0.20]
	at Script1.run(Script1.groovy:1) ~[?:?]
	at org.codehaus.groovy.jsr223.GroovyScriptEngineImpl.eval(GroovyScriptEngineImpl.java:317) ~[groovy-jsr223-3.0.20.jar:3.0.20]
	at org.codehaus.groovy.jsr223.GroovyScriptEngineImpl.eval(GroovyScriptEngineImpl.java:155) ~[groovy-jsr223-3.0.20.jar:3.0.20]
	... 15 more
2025-11-09 16:35:37,894 WARN o.a.j.f.Groovy: Error running groovy script
javax.script.ScriptException: javax.script.ScriptException: groovy.lang.MissingPropertyException: No such property: id for class: Script1
	at org.codehaus.groovy.jsr223.GroovyScriptEngineImpl.eval(GroovyScriptEngineImpl.java:158) ~[groovy-jsr223-3.0.20.jar:3.0.20]
	at java.scripting/javax.script.AbstractScriptEngine.eval(AbstractScriptEngine.java:231) ~[java.scripting:?]
	at org.apache.jmeter.functions.Groovy.execute(Groovy.java:123) [ApacheJMeter_functions.jar:5.6.3]
	at org.apache.jmeter.engine.util.CompoundVariable.execute(CompoundVariable.java:139) [ApacheJMeter_core.jar:5.6.3]
	at org.apache.jmeter.engine.util.CompoundVariable.execute(CompoundVariable.java:114) [ApacheJMeter_core.jar:5.6.3]
	at org.apache.jmeter.testelement.property.FunctionProperty.getStringValue(FunctionProperty.java:104) [ApacheJMeter_core.jar:5.6.3]
	at org.apache.jmeter.testelement.TestElement.get(TestElement.kt:276) [ApacheJMeter_core.jar:5.6.3]
	at org.apache.jmeter.protocol.http.sampler.HTTPSamplerBase.getPath(HTTPSamplerBase.java:519) [ApacheJMeter_http.jar:5.6.3]
	at org.apache.jmeter.protocol.http.sampler.HTTPSamplerBase.getUrl(HTTPSamplerBase.java:1094) [ApacheJMeter_http.jar:5.6.3]
	at org.apache.jmeter.protocol.http.sampler.HTTPSamplerBase.sample(HTTPSamplerBase.java:1311) [ApacheJMeter_http.jar:5.6.3]
	at org.apache.jmeter.protocol.http.sampler.HTTPSamplerBase.sample(HTTPSamplerBase.java:1300) [ApacheJMeter_http.jar:5.6.3]
	at org.apache.jmeter.threads.JMeterThread.doSampling(JMeterThread.java:651) [ApacheJMeter_core.jar:5.6.3]
	at org.apache.jmeter.threads.JMeterThread.executeSamplePackage(JMeterThread.java:570) [ApacheJMeter_core.jar:5.6.3]
	at org.apache.jmeter.threads.JMeterThread.processSampler(JMeterThread.java:501) [ApacheJMeter_core.jar:5.6.3]
	at org.apache.jmeter.threads.JMeterThread.run(JMeterThread.java:268) [ApacheJMeter_core.jar:5.6.3]
	at java.base/java.lang.Thread.run(Thread.java:840) [?:?]
Caused by: javax.script.ScriptException: groovy.lang.MissingPropertyException: No such property: id for class: Script1
	at org.codehaus.groovy.jsr223.GroovyScriptEngineImpl.eval(GroovyScriptEngineImpl.java:320) ~[groovy-jsr223-3.0.20.jar:3.0.20]
	at org.codehaus.groovy.jsr223.GroovyScriptEngineImpl.eval(GroovyScriptEngineImpl.java:155) ~[groovy-jsr223-3.0.20.jar:3.0.20]
	... 15 more
Caused by: groovy.lang.MissingPropertyException: No such property: id for class: Script1
	at org.codehaus.groovy.runtime.ScriptBytecodeAdapter.unwrap(ScriptBytecodeAdapter.java:65) ~[groovy-3.0.20.jar:3.0.20]
	at org.codehaus.groovy.runtime.callsite.PogoGetPropertySite.getProperty(PogoGetPropertySite.java:51) ~[groovy-3.0.20.jar:3.0.20]
	at org.codehaus.groovy.runtime.callsite.AbstractCallSite.callGroovyObjectGetProperty(AbstractCallSite.java:341) ~[groovy-3.0.20.jar:3.0.20]
	at Script1.run(Script1.groovy:1) ~[?:?]
	at org.codehaus.groovy.jsr223.GroovyScriptEngineImpl.eval(GroovyScriptEngineImpl.java:317) ~[groovy-jsr223-3.0.20.jar:3.0.20]
	at org.codehaus.groovy.jsr223.GroovyScriptEngineImpl.eval(GroovyScriptEngineImpl.java:155) ~[groovy-jsr223-3.0.20.jar:3.0.20]
	... 15 more
2025-11-09 16:35:37,899 INFO o.a.j.t.JMeterThread: Thread is done: Read-Heavy (GET /items/${id}) 1-10
2025-11-09 16:35:37,899 INFO o.a.j.t.JMeterThread: Thread finished: Read-Heavy (GET /items/${id}) 1-10
2025-11-09 16:35:37,899 INFO o.a.j.e.StandardJMeterEngine: Notifying test listeners of end of test
2025-11-09 16:35:37,899 INFO o.a.j.s.FileServer: Close: C:\benchmark-rest\datasets\categories.csv
2025-11-09 16:35:37,901 INFO o.a.j.s.FileServer: Close: C:\benchmark-rest\datasets\items.csv
2025-11-09 16:35:37,914 INFO o.a.j.v.b.BackendListener: Worker ended
2025-11-09 16:35:37,916 INFO o.a.j.v.b.i.InfluxdbBackendListenerClient: Sending last metrics to InfluxDB
2025-11-09 16:35:37,919 INFO o.a.j.v.b.i.HttpMetricsSender: Destroying 
2025-11-09 16:35:37,925 ERROR o.a.j.v.b.i.HttpMetricsSender: Error writing metrics to influxDB Url: http://localhost:8086/api/v2/write, responseCode: 404, responseBody: {"code":"not found","message":"bucket not found"}
2025-11-09 16:35:37,928 INFO o.a.j.r.Summariser: summary +    127 in 00:00:08 =   16.4/s Avg:     2 Min:     0 Max:    20 Err:   127 (100.00%) Active: 0 Started: 20 Finished: 20
2025-11-09 16:35:37,929 INFO o.a.j.r.Summariser: summary =    130 in 00:00:09 =   14.1/s Avg:     2 Min:     0 Max:    71 Err:   130 (100.00%)
2025-11-09 16:35:37,930 INFO o.a.j.JMeter: Generating Dashboard
2025-11-09 16:35:37,930 INFO o.a.j.r.d.ReportGenerator: Flushing result collector before report Generation
2025-11-09 16:35:37,948 INFO o.a.j.r.p.NormalizerSampleConsumer: Using format, 'ms', to parse timeStamp field
2025-11-09 16:35:38,088 INFO o.a.j.r.p.AbstractSampleConsumer: class org.apache.jmeter.report.processor.AggregateConsumer#stopProducing(): beginDate produced 0 samples
2025-11-09 16:35:38,088 INFO o.a.j.r.p.AbstractSampleConsumer: class org.apache.jmeter.report.processor.AggregateConsumer#stopProducing(): endDate produced 0 samples
2025-11-09 16:35:38,093 INFO o.a.j.r.p.AbstractSampleConsumer: class org.apache.jmeter.report.processor.ApdexSummaryConsumer#stopProducing(): apdexSummary produced 0 samples
2025-11-09 16:35:38,094 INFO o.a.j.r.p.AbstractSampleConsumer: class org.apache.jmeter.report.processor.RequestsSummaryConsumer#stopProducing(): requestsSummary produced 0 samples
2025-11-09 16:35:38,095 INFO o.a.j.r.p.AbstractSampleConsumer: class org.apache.jmeter.report.processor.StatisticsSummaryConsumer#stopProducing(): statisticsSummary produced 0 samples
2025-11-09 16:35:38,100 INFO o.a.j.r.p.AbstractSampleConsumer: class org.apache.jmeter.report.processor.Top5ErrorsBySamplerConsumer#stopProducing(): top5ErrorsBySampler produced 0 samples
2025-11-09 16:35:38,100 INFO o.a.j.r.p.AbstractSampleConsumer: class org.apache.jmeter.report.processor.ErrorsSummaryConsumer#stopProducing(): errorsSummary produced 0 samples
2025-11-09 16:35:38,100 INFO o.a.j.r.p.AbstractSampleConsumer: class org.apache.jmeter.report.processor.graph.impl.HitsPerSecondGraphConsumer#stopProducing(): hitsPerSecond produced 0 samples
2025-11-09 16:35:38,123 INFO o.a.j.r.p.AbstractSampleConsumer: class org.apache.jmeter.report.processor.graph.impl.LatencyVSRequestGraphConsumer#stopProducing(): latencyVsRequest produced 0 samples
2025-11-09 16:35:38,124 INFO o.a.j.r.p.AbstractSampleConsumer: class org.apache.jmeter.report.processor.graph.impl.SyntheticResponseTimeDistributionGraphConsumer#stopProducing(): syntheticResponseTimeDistribution produced 0 samples
2025-11-09 16:35:38,124 INFO o.a.j.r.p.AbstractSampleConsumer: class org.apache.jmeter.report.processor.graph.impl.BytesThroughputGraphConsumer#stopProducing(): bytesThroughputOverTime produced 0 samples
2025-11-09 16:35:38,124 INFO o.a.j.r.p.AbstractSampleConsumer: class org.apache.jmeter.report.processor.graph.impl.CodesPerSecondGraphConsumer#stopProducing(): codesPerSecond produced 0 samples
2025-11-09 16:35:38,147 INFO o.a.j.r.p.AbstractSampleConsumer: class org.apache.jmeter.report.processor.graph.impl.ResponseTimeVSRequestGraphConsumer#stopProducing(): responseTimeVsRequest produced 0 samples
2025-11-09 16:35:38,148 INFO o.a.j.r.p.AbstractSampleConsumer: class org.apache.jmeter.report.processor.FilterConsumer#stopProducing(): startIntervalControlerFilter produced 910 samples
2025-11-09 16:35:38,148 INFO o.a.j.r.p.AbstractSampleConsumer: class org.apache.jmeter.report.processor.graph.impl.TotalTPSGraphConsumer#stopProducing(): totalTPS produced 0 samples
2025-11-09 16:35:38,148 INFO o.a.j.r.p.AbstractSampleConsumer: class org.apache.jmeter.report.processor.graph.impl.ActiveThreadsGraphConsumer#stopProducing(): activeThreadsOverTime produced 0 samples
2025-11-09 16:35:38,148 INFO o.a.j.r.p.AbstractSampleConsumer: class org.apache.jmeter.report.processor.graph.impl.TimeVSThreadGraphConsumer#stopProducing(): timeVsThreads produced 0 samples
2025-11-09 16:35:38,154 INFO o.a.j.r.p.AbstractSampleConsumer: class org.apache.jmeter.report.processor.graph.impl.ResponseTimeDistributionGraphConsumer#stopProducing(): responseTimeDistribution produced 0 samples
2025-11-09 16:35:38,155 INFO o.a.j.r.p.AbstractSampleConsumer: class org.apache.jmeter.report.processor.graph.impl.TransactionsPerSecondGraphConsumer#stopProducing(): transactionsPerSecond produced 0 samples
2025-11-09 16:35:38,156 INFO o.a.j.r.p.AbstractSampleConsumer: class org.apache.jmeter.report.processor.graph.impl.ResponseTimePercentilesGraphConsumer#stopProducing(): responseTimePercentiles produced 0 samples
2025-11-09 16:35:38,185 INFO o.a.j.r.p.AbstractSampleConsumer: class org.apache.jmeter.report.processor.graph.impl.ResponseTimePercentilesOverTimeGraphConsumer#stopProducing(): responseTimePercentilesOverTime produced 0 samples
2025-11-09 16:35:38,187 INFO o.a.j.r.p.AbstractSampleConsumer: class org.apache.jmeter.report.processor.graph.impl.ResponseTimeOverTimeGraphConsumer#stopProducing(): responseTimesOverTime produced 0 samples
2025-11-09 16:35:38,190 INFO o.a.j.r.p.AbstractSampleConsumer: class org.apache.jmeter.report.processor.graph.impl.ConnectTimeOverTimeGraphConsumer#stopProducing(): connectTimeOverTime produced 0 samples
2025-11-09 16:35:38,191 INFO o.a.j.r.p.AbstractSampleConsumer: class org.apache.jmeter.report.processor.graph.impl.LatencyOverTimeGraphConsumer#stopProducing(): latenciesOverTime produced 0 samples
2025-11-09 16:35:38,191 INFO o.a.j.r.p.AbstractSampleConsumer: class org.apache.jmeter.report.processor.FilterConsumer#stopProducing(): nameFilter produced 1950 samples
2025-11-09 16:35:38,192 INFO o.a.j.r.p.AbstractSampleConsumer: class org.apache.jmeter.report.processor.FilterConsumer#stopProducing(): dateRangeFilter produced 390 samples
2025-11-09 16:35:38,192 INFO o.a.j.r.p.AbstractSampleConsumer: class org.apache.jmeter.report.processor.NormalizerSampleConsumer#stopProducing(): normalizer produced 130 samples
2025-11-09 16:35:38,193 INFO o.a.j.r.p.CsvFileSampleSource: produce(): 130 samples produced in 212ms on channel 0
2025-11-09 16:35:38,194 INFO o.a.j.r.d.ReportGenerator: Exporting data using exporter:'json' of className:'org.apache.jmeter.report.dashboard.JsonExporter'
2025-11-09 16:35:38,393 INFO o.a.j.r.d.JsonExporter: Found data for consumer statisticsSummaryin context
2025-11-09 16:35:38,393 INFO o.a.j.r.d.JsonExporter: Creating statistics for overall
2025-11-09 16:35:38,394 INFO o.a.j.r.d.JsonExporter: Creating statistics for other transactions
2025-11-09 16:35:38,395 INFO o.a.j.r.d.JsonExporter: Checking output folder
2025-11-09 16:35:38,397 INFO o.a.j.r.d.JsonExporter: Writing statistics JSON to C:\benchmark-rest\results\d-browse-report-20251109-163525\statistics.json
2025-11-09 16:35:38,504 INFO o.a.j.r.d.ReportGenerator: Exporting data using exporter:'html' of className:'org.apache.jmeter.report.dashboard.HtmlTemplateExporter'
2025-11-09 16:35:38,509 INFO o.a.j.r.d.HtmlTemplateExporter: Will generate dashboard in folder: C:\benchmark-rest\results\d-browse-report-20251109-163525
2025-11-09 16:35:39,243 INFO o.a.j.r.d.HtmlTemplateExporter: Report will be generated in: C:\benchmark-rest\results\d-browse-report-20251109-163525, creating folder structure
2025-11-09 16:35:39,248 INFO o.a.j.r.d.TemplateVisitor: Copying folder from 'C:\apache-jmeter-5.6.3\bin\report-template' to 'C:\benchmark-rest\results\d-browse-report-20251109-163525', got message: C:\benchmark-rest\results\d-browse-report-20251109-163525, found non empty folder with following content [C:\benchmark-rest\results\d-browse-report-20251109-163525\statistics.json], will be ignored
2025-11-09 16:35:40,212 INFO o.a.j.JMeter: Dashboard generated
